Using pre-set license
Built from '2020.3/staging' branch; Version is '2020.3.8f1 (507919d4fff5) revision 5273881'; Using compiler version '192528614'; Build Type 'Release'
OS: 'Windows 10 Home Single Language; OS build 19042.1237; Version 2009; 64bit' Language: 'pt' Physical Memory: 16282 MB
BatchMode: 1, IsHumanControllingUs: 0, StartBugReporterOnCrash: 0, Is64bit: 1, IsPro: 0

 COMMAND LINE ARGUMENTS:
C:\Program Files\Unity\Hub\Editor\2020.3.8f1\Editor\Unity.exe
-adb2
-batchMode
-noUpm
-name
AssetImportWorker3
-projectPath
C:/Users/franc/OneDrive/Documentos/Programas/Unity projects/ProjeteGame2021/ProjeteGame
-logFile
Logs/AssetImportWorker3.log
-srvPort
63508
Successfully changed project path to: C:/Users/franc/OneDrive/Documentos/Programas/Unity projects/ProjeteGame2021/ProjeteGame
C:/Users/franc/OneDrive/Documentos/Programas/Unity projects/ProjeteGame2021/ProjeteGame
Using Asset Import Pipeline V2.
Refreshing native plugins compatible for Editor in 1939.66 ms, found 1 plugins.
Preloading 0 native plugins for Editor in 0.00 ms.
Initialize engine version: 2020.3.8f1 (507919d4fff5)
[Subsystems] Discovering subsystems at path C:/Program Files/Unity/Hub/Editor/2020.3.8f1/Editor/Data/Resources/UnitySubsystems
[Subsystems] Discovering subsystems at path C:/Users/franc/OneDrive/Documentos/Programas/Unity projects/ProjeteGame2021/ProjeteGame/Assets
GfxDevice: creating device client; threaded=0
Direct3D:
    Version:  Direct3D 11.0 [level 11.0]
    Renderer: NVIDIA GeForce 940MX (ID=0x134d)
    Vendor:   
    VRAM:     4055 MB
    Driver:   27.21.14.5167
Initialize mono
Mono path[0] = 'C:/Program Files/Unity/Hub/Editor/2020.3.8f1/Editor/Data/Managed'
Mono path[1] = 'C:/Program Files/Unity/Hub/Editor/2020.3.8f1/Editor/Data/MonoBleedingEdge/lib/mono/unityjit'
Mono config path = 'C:/Program Files/Unity/Hub/Editor/2020.3.8f1/Editor/Data/MonoBleedingEdge/etc'
Using monoOptions --debugger-agent=transport=dt_socket,embedding=1,server=y,suspend=n,address=127.0.0.1:56328
Begin MonoManager ReloadAssembly
Registering precompiled unity dll's ...
Register platform support module: C:/Program Files/Unity/Hub/Editor/2020.3.8f1/Editor/Data/PlaybackEngines/WebGLSupport/UnityEditor.WebGL.Extensions.dll
Register platform support module: C:/Program Files/Unity/Hub/Editor/2020.3.8f1/Editor/Data/PlaybackEngines/WindowsStandaloneSupport/UnityEditor.WindowsStandalone.Extensions.dll
Registered in 0.067156 seconds.
Native extension for WindowsStandalone target not found
Native extension for WebGL target not found
Refreshing native plugins compatible for Editor in 146.74 ms, found 1 plugins.
Preloading 0 native plugins for Editor in 0.00 ms.
Mono: successfully reloaded assembly
- Completed reload, in  5.462 seconds
Platform modules already initialized, skipping
Registering precompiled user dll's ...
Registered in 0.002840 seconds.
Begin MonoManager ReloadAssembly
Native extension for WindowsStandalone target not found
Native extension for WebGL target not found
Refreshing native plugins compatible for Editor in 365.81 ms, found 1 plugins.
Preloading 0 native plugins for Editor in 0.00 ms.
Mono: successfully reloaded assembly
- Completed reload, in  6.141 seconds
Platform modules already initialized, skipping
========================================================================
Worker process is ready to serve import requests
Launched and connected shader compiler UnityShaderCompiler.exe after 0.88 seconds
Refreshing native plugins compatible for Editor in 1.02 ms, found 1 plugins.
Preloading 0 native plugins for Editor in 0.00 ms.
Unloading 1812 Unused Serialized files (Serialized files now loaded: 0)
System memory in use before: 85.7 MB.
System memory in use after: 85.7 MB.

Unloading 24 unused Assets to reduce memory usage. Loaded Objects now: 2255.
Total: 8.337600 ms (FindLiveObjects: 3.401600 ms CreateObjectMapping: 0.419700 ms MarkObjects: 4.292800 ms  DeleteObjects: 0.220600 ms)

========================================================================
Received Import Request.
  path: Assets/Scripts/PauseMenu.cs
  artifactKey: Guid(82fe0b66910de784a827dde15fd395a6) Importer(815301076,1909f56bfc062723c751e8b465ee728b)
Start importing Assets/Scripts/PauseMenu.cs using Guid(82fe0b66910de784a827dde15fd395a6) Importer(815301076,1909f56bfc062723c751e8b465ee728b)  -> (artifact id: 'dea448732a4dd079c154a3f0341f1470') in 0.358620 seconds
  Import took 0.374409 seconds .

========================================================================
Received Import Request.
  Time since last request: 278.418119 seconds.
  path: Assets/Scripts/PauseMenu.cs
  artifactKey: Guid(82fe0b66910de784a827dde15fd395a6) Importer(815301076,1909f56bfc062723c751e8b465ee728b)
Start importing Assets/Scripts/PauseMenu.cs using Guid(82fe0b66910de784a827dde15fd395a6) Importer(815301076,1909f56bfc062723c751e8b465ee728b)  -> (artifact id: '5b30ea2d436336ad8e92d71b95d7484a') in 0.035748 seconds
  Import took 0.066341 seconds .

========================================================================
Received Prepare
Registering precompiled user dll's ...
Registered in 0.006093 seconds.
Begin MonoManager ReloadAssembly
Native extension for WindowsStandalone target not found
Native extension for WebGL target not found
Refreshing native plugins compatible for Editor in 0.39 ms, found 1 plugins.
Preloading 0 native plugins for Editor in 0.00 ms.
Mono: successfully reloaded assembly
- Completed reload, in  4.299 seconds
Platform modules already initialized, skipping
Refreshing native plugins compatible for Editor in 0.80 ms, found 1 plugins.
Preloading 0 native plugins for Editor in 0.00 ms.
Unloading 1807 Unused Serialized files (Serialized files now loaded: 0)
System memory in use before: 85.7 MB.
System memory in use after: 85.7 MB.

Unloading 12 unused Assets to reduce memory usage. Loaded Objects now: 2259.
Total: 5.051900 ms (FindLiveObjects: 0.403900 ms CreateObjectMapping: 0.232700 ms MarkObjects: 4.285900 ms  DeleteObjects: 0.127400 ms)

========================================================================
Received Prepare
Registering precompiled user dll's ...
Registered in 0.002691 seconds.
Begin MonoManager ReloadAssembly
Native extension for WindowsStandalone target not found
Native extension for WebGL target not found
Refreshing native plugins compatible for Editor in 0.88 ms, found 1 plugins.
Preloading 0 native plugins for Editor in 0.00 ms.
Mono: successfully reloaded assembly
- Completed reload, in  3.919 seconds
Platform modules already initialized, skipping
Refreshing native plugins compatible for Editor in 1.20 ms, found 1 plugins.
Preloading 0 native plugins for Editor in 0.00 ms.
Unloading 1807 Unused Serialized files (Serialized files now loaded: 0)
System memory in use before: 85.7 MB.
System memory in use after: 85.7 MB.

Unloading 12 unused Assets to reduce memory usage. Loaded Objects now: 2263.
Total: 4.621100 ms (FindLiveObjects: 0.411300 ms CreateObjectMapping: 0.194900 ms MarkObjects: 3.885400 ms  DeleteObjects: 0.127500 ms)

========================================================================
Received Import Request.
  Time since last request: 89.666062 seconds.
  path: Assets/Scripts/PauseMenu.cs
  artifactKey: Guid(82fe0b66910de784a827dde15fd395a6) Importer(815301076,1909f56bfc062723c751e8b465ee728b)
Start importing Assets/Scripts/PauseMenu.cs using Guid(82fe0b66910de784a827dde15fd395a6) Importer(815301076,1909f56bfc062723c751e8b465ee728b)  -> (artifact id: '86e026f42ca86c8b0135ed34d3079085') in 0.054544 seconds
  Import took 0.080477 seconds .

========================================================================
Received Prepare
Registering precompiled user dll's ...
Registered in 0.011768 seconds.
Begin MonoManager ReloadAssembly
Native extension for WindowsStandalone target not found
Native extension for WebGL target not found
Refreshing native plugins compatible for Editor in 0.39 ms, found 1 plugins.
Preloading 0 native plugins for Editor in 0.00 ms.
Mono: successfully reloaded assembly
- Completed reload, in  3.694 seconds
Platform modules already initialized, skipping
Refreshing native plugins compatible for Editor in 0.68 ms, found 1 plugins.
Preloading 0 native plugins for Editor in 0.00 ms.
Unloading 1807 Unused Serialized files (Serialized files now loaded: 0)
System memory in use before: 85.7 MB.
System memory in use after: 85.7 MB.

Unloading 12 unused Assets to reduce memory usage. Loaded Objects now: 2267.
Total: 10.244100 ms (FindLiveObjects: 0.661800 ms CreateObjectMapping: 0.189400 ms MarkObjects: 9.217100 ms  DeleteObjects: 0.173300 ms)

========================================================================
Received Prepare
Registering precompiled user dll's ...
Registered in 0.002940 seconds.
Begin MonoManager ReloadAssembly
Native extension for WindowsStandalone target not found
Native extension for WebGL target not found
Refreshing native plugins compatible for Editor in 0.69 ms, found 1 plugins.
Preloading 0 native plugins for Editor in 0.00 ms.
Mono: successfully reloaded assembly
- Completed reload, in  3.093 seconds
Platform modules already initialized, skipping
Refreshing native plugins compatible for Editor in 0.55 ms, found 1 plugins.
Preloading 0 native plugins for Editor in 0.00 ms.
Unloading 1807 Unused Serialized files (Serialized files now loaded: 0)
System memory in use before: 85.8 MB.
System memory in use after: 85.7 MB.

Unloading 12 unused Assets to reduce memory usage. Loaded Objects now: 2271.
Total: 5.720000 ms (FindLiveObjects: 0.297900 ms CreateObjectMapping: 0.102800 ms MarkObjects: 5.178200 ms  DeleteObjects: 0.139600 ms)

========================================================================
Received Prepare
Registering precompiled user dll's ...
Registered in 0.033351 seconds.
Begin MonoManager ReloadAssembly
Native extension for WindowsStandalone target not found
Native extension for WebGL target not found
Refreshing native plugins compatible for Editor in 0.84 ms, found 1 plugins.
Preloading 0 native plugins for Editor in 0.00 ms.
Mono: successfully reloaded assembly
- Completed reload, in  4.899 seconds
Platform modules already initialized, skipping
Refreshing native plugins compatible for Editor in 0.71 ms, found 1 plugins.
Preloading 0 native plugins for Editor in 0.00 ms.
Unloading 1807 Unused Serialized files (Serialized files now loaded: 0)
System memory in use before: 85.8 MB.
System memory in use after: 85.7 MB.

Unloading 12 unused Assets to reduce memory usage. Loaded Objects now: 2275.
Total: 3.007000 ms (FindLiveObjects: 0.189700 ms CreateObjectMapping: 0.105200 ms MarkObjects: 2.589700 ms  DeleteObjects: 0.121200 ms)

========================================================================
Received Prepare
Registering precompiled user dll's ...
Registered in 0.070337 seconds.
Begin MonoManager ReloadAssembly
Native extension for WindowsStandalone target not found
Native extension for WebGL target not found
Refreshing native plugins compatible for Editor in 0.74 ms, found 1 plugins.
Preloading 0 native plugins for Editor in 0.00 ms.
Mono: successfully reloaded assembly
- Completed reload, in  4.882 seconds
Platform modules already initialized, skipping
Refreshing native plugins compatible for Editor in 0.63 ms, found 1 plugins.
Preloading 0 native plugins for Editor in 0.00 ms.
Unloading 1807 Unused Serialized files (Serialized files now loaded: 0)
System memory in use before: 85.8 MB.
System memory in use after: 85.8 MB.

Unloading 12 unused Assets to reduce memory usage. Loaded Objects now: 2279.
Total: 6.696400 ms (FindLiveObjects: 0.328000 ms CreateObjectMapping: 0.199100 ms MarkObjects: 5.981200 ms  DeleteObjects: 0.185500 ms)

========================================================================
Received Import Request.
  Time since last request: 821.887344 seconds.
  path: Assets/Animations/PauseMenu.controller
  artifactKey: Guid(884ec4d15ec20c542b1bdc673f4afc4b) Importer(815301076,1909f56bfc062723c751e8b465ee728b)
Start importing Assets/Animations/PauseMenu.controller using Guid(884ec4d15ec20c542b1bdc673f4afc4b) Importer(815301076,1909f56bfc062723c751e8b465ee728b)  -> (artifact id: 'db1d5d0545970022ec5b39a53e170d45') in 0.095719 seconds
  Import took 0.130572 seconds .

========================================================================
Received Import Request.
  Time since last request: 1.787583 seconds.
  path: Assets/Animations/PauseMenu.anim
  artifactKey: Guid(16e153969094c2343b8c7859002f0fc5) Importer(815301076,1909f56bfc062723c751e8b465ee728b)
Start importing Assets/Animations/PauseMenu.anim using Guid(16e153969094c2343b8c7859002f0fc5) Importer(815301076,1909f56bfc062723c751e8b465ee728b)  -> (artifact id: 'e94e8a412cbaffff26c2df5d7437d02c') in 0.103724 seconds
  Import took 0.117444 seconds .

========================================================================
Received Prepare
Registering precompiled user dll's ...
Registered in 0.003065 seconds.
Begin MonoManager ReloadAssembly
Native extension for WindowsStandalone target not found
Native extension for WebGL target not found
Refreshing native plugins compatible for Editor in 0.39 ms, found 1 plugins.
Preloading 0 native plugins for Editor in 0.00 ms.
Mono: successfully reloaded assembly
- Completed reload, in  3.254 seconds
Platform modules already initialized, skipping
Refreshing native plugins compatible for Editor in 0.81 ms, found 1 plugins.
Preloading 0 native plugins for Editor in 0.00 ms.
Unloading 1807 Unused Serialized files (Serialized files now loaded: 0)
System memory in use before: 85.8 MB.
System memory in use after: 85.8 MB.

Unloading 12 unused Assets to reduce memory usage. Loaded Objects now: 2283.
Total: 15.459300 ms (FindLiveObjects: 0.330000 ms CreateObjectMapping: 0.222600 ms MarkObjects: 14.533000 ms  DeleteObjects: 0.369800 ms)

========================================================================
Received Prepare
Registering precompiled user dll's ...
Registered in 0.002554 seconds.
Begin MonoManager ReloadAssembly
Native extension for WindowsStandalone target not found
Native extension for WebGL target not found
Refreshing native plugins compatible for Editor in 0.62 ms, found 1 plugins.
Preloading 0 native plugins for Editor in 0.00 ms.
Mono: successfully reloaded assembly
- Completed reload, in  5.403 seconds
Platform modules already initialized, skipping
Refreshing native plugins compatible for Editor in 0.44 ms, found 1 plugins.
Preloading 0 native plugins for Editor in 0.00 ms.
Unloading 1807 Unused Serialized files (Serialized files now loaded: 0)
System memory in use before: 85.8 MB.
System memory in use after: 85.8 MB.

Unloading 12 unused Assets to reduce memory usage. Loaded Objects now: 2287.
Total: 4.753900 ms (FindLiveObjects: 0.271000 ms CreateObjectMapping: 0.123600 ms MarkObjects: 4.141500 ms  DeleteObjects: 0.215900 ms)

========================================================================
Received Prepare
Registering precompiled user dll's ...
Registered in 0.006918 seconds.
Begin MonoManager ReloadAssembly
Native extension for WindowsStandalone target not found
Native extension for WebGL target not found
Refreshing native plugins compatible for Editor in 0.62 ms, found 1 plugins.
Preloading 0 native plugins for Editor in 0.00 ms.
Mono: successfully reloaded assembly
- Completed reload, in 11.563 seconds
Platform modules already initialized, skipping
Refreshing native plugins compatible for Editor in 0.61 ms, found 1 plugins.
Preloading 0 native plugins for Editor in 0.00 ms.
Unloading 1807 Unused Serialized files (Serialized files now loaded: 0)
System memory in use before: 85.8 MB.
System memory in use after: 85.8 MB.

Unloading 12 unused Assets to reduce memory usage. Loaded Objects now: 2291.
Total: 4.013000 ms (FindLiveObjects: 0.328700 ms CreateObjectMapping: 0.131800 ms MarkObjects: 3.393300 ms  DeleteObjects: 0.157600 ms)

========================================================================
Received Prepare
Registering precompiled user dll's ...
Registered in 0.004842 seconds.
Begin MonoManager ReloadAssembly
Native extension for WindowsStandalone target not found
Native extension for WebGL target not found
Refreshing native plugins compatible for Editor in 0.64 ms, found 1 plugins.
Preloading 0 native plugins for Editor in 0.00 ms.
Mono: successfully reloaded assembly
- Completed reload, in  4.275 seconds
Platform modules already initialized, skipping
Refreshing native plugins compatible for Editor in 0.64 ms, found 1 plugins.
Preloading 0 native plugins for Editor in 0.00 ms.
Unloading 1807 Unused Serialized files (Serialized files now loaded: 0)
System memory in use before: 85.8 MB.
System memory in use after: 85.8 MB.

Unloading 12 unused Assets to reduce memory usage. Loaded Objects now: 2295.
Total: 7.380500 ms (FindLiveObjects: 0.371500 ms CreateObjectMapping: 0.164100 ms MarkObjects: 6.661900 ms  DeleteObjects: 0.180500 ms)

========================================================================
Received Import Request.
  Time since last request: 277.501313 seconds.
  path: Assets/Prefabs/PauseMenu.prefab
  artifactKey: Guid(40aa4207716baed47b8465011be1f4c5) Importer(815301076,1909f56bfc062723c751e8b465ee728b)
Start importing Assets/Prefabs/PauseMenu.prefab using Guid(40aa4207716baed47b8465011be1f4c5) Importer(815301076,1909f56bfc062723c751e8b465ee728b)  -> (artifact id: 'd295bc986bd374dbdfefb1d60df72457') in 0.310224 seconds
  Import took 0.339407 seconds .

========================================================================
Received Import Request.
  Time since last request: 9.393199 seconds.
  path: Assets/Scenes/Banheiro.unity
  artifactKey: Guid(21b4bdc027f75504ab8db3355323186f) Importer(815301076,1909f56bfc062723c751e8b465ee728b)
Start importing Assets/Scenes/Banheiro.unity using Guid(21b4bdc027f75504ab8db3355323186f) Importer(815301076,1909f56bfc062723c751e8b465ee728b)  -> (artifact id: '7225d4ae799675226eebb1921039268e') in 0.161919 seconds
  Import took 0.169784 seconds .

========================================================================
Received Import Request.
  Time since last request: 132.469717 seconds.
  path: Assets/Scenes/Piscina.unity
  artifactKey: Guid(2468a26cc0b59b543aeb30e1512b4b67) Importer(815301076,1909f56bfc062723c751e8b465ee728b)
Start importing Assets/Scenes/Piscina.unity using Guid(2468a26cc0b59b543aeb30e1512b4b67) Importer(815301076,1909f56bfc062723c751e8b465ee728b)  -> (artifact id: 'de3436b7d4b0593f370eebc6f79e6b68') in 0.064535 seconds
  Import took 0.072571 seconds .

========================================================================
Received Prepare
Registering precompiled user dll's ...
Registered in 0.002940 seconds.
Begin MonoManager ReloadAssembly
Native extension for WindowsStandalone target not found
Native extension for WebGL target not found
Refreshing native plugins compatible for Editor in 0.83 ms, found 1 plugins.
Preloading 0 native plugins for Editor in 0.00 ms.
Mono: successfully reloaded assembly
- Completed reload, in  5.522 seconds
Platform modules already initialized, skipping
Refreshing native plugins compatible for Editor in 1.08 ms, found 1 plugins.
Preloading 0 native plugins for Editor in 0.00 ms.
Unloading 1807 Unused Serialized files (Serialized files now loaded: 0)
System memory in use before: 85.9 MB.
System memory in use after: 85.9 MB.

Unloading 13 unused Assets to reduce memory usage. Loaded Objects now: 2301.
Total: 32.217500 ms (FindLiveObjects: 0.620000 ms CreateObjectMapping: 0.174000 ms MarkObjects: 31.188600 ms  DeleteObjects: 0.232100 ms)

========================================================================
Received Import Request.
  Time since last request: 22.872676 seconds.
  path: Assets/Prefabs/Canvas.prefab
  artifactKey: Guid(8439d4287e6530d4197103a97c4fb110) Importer(815301076,1909f56bfc062723c751e8b465ee728b)
Start importing Assets/Prefabs/Canvas.prefab using Guid(8439d4287e6530d4197103a97c4fb110) Importer(815301076,1909f56bfc062723c751e8b465ee728b)  -> (artifact id: '1d8ab51d2f485d886067a1bf81063239') in 0.275058 seconds
  Import took 0.296914 seconds .

========================================================================
Received Import Request.
  Time since last request: 15.856111 seconds.
  path: Assets/Prefabs/PauseMenuCanvas.prefab
  artifactKey: Guid(c85e51f8292375542881e736a5cf689d) Importer(815301076,1909f56bfc062723c751e8b465ee728b)
Start importing Assets/Prefabs/PauseMenuCanvas.prefab using Guid(c85e51f8292375542881e736a5cf689d) Importer(815301076,1909f56bfc062723c751e8b465ee728b)  -> (artifact id: '788c1e36fadaa04d15985d0a4439ba00') in 0.120498 seconds
  Import took 0.141977 seconds .

========================================================================
Received Prepare
Registering precompiled user dll's ...
Registered in 0.002497 seconds.
Begin MonoManager ReloadAssembly
Native extension for WindowsStandalone target not found
Native extension for WebGL target not found
Refreshing native plugins compatible for Editor in 0.85 ms, found 1 plugins.
Preloading 0 native plugins for Editor in 0.00 ms.
Mono: successfully reloaded assembly
- Completed reload, in  4.130 seconds
Platform modules already initialized, skipping
Refreshing native plugins compatible for Editor in 0.90 ms, found 1 plugins.
Preloading 0 native plugins for Editor in 0.00 ms.
Unloading 1807 Unused Serialized files (Serialized files now loaded: 0)
System memory in use before: 86.0 MB.
System memory in use after: 85.9 MB.

Unloading 13 unused Assets to reduce memory usage. Loaded Objects now: 2305.
Total: 6.301200 ms (FindLiveObjects: 0.396000 ms CreateObjectMapping: 0.165500 ms MarkObjects: 5.516400 ms  DeleteObjects: 0.220700 ms)

========================================================================
Received Import Request.
  Time since last request: 65.771256 seconds.
  path: Assets/Scenes/Piscina.unity
  artifactKey: Guid(2468a26cc0b59b543aeb30e1512b4b67) Importer(815301076,1909f56bfc062723c751e8b465ee728b)
Start importing Assets/Scenes/Piscina.unity using Guid(2468a26cc0b59b543aeb30e1512b4b67) Importer(815301076,1909f56bfc062723c751e8b465ee728b)  -> (artifact id: '79c651422bc9c1f7df03615224ae893b') in 0.116341 seconds
  Import took 0.149195 seconds .

========================================================================
Received Import Request.
  Time since last request: 0.270324 seconds.
  path: Assets/Scenes/Piscina.unity
  artifactKey: Guid(2468a26cc0b59b543aeb30e1512b4b67) Importer(815301076,1909f56bfc062723c751e8b465ee728b)
Start importing Assets/Scenes/Piscina.unity using Guid(2468a26cc0b59b543aeb30e1512b4b67) Importer(815301076,1909f56bfc062723c751e8b465ee728b)  -> (artifact id: '79c651422bc9c1f7df03615224ae893b') in 0.052825 seconds
  Import took 0.074144 seconds .

========================================================================
Received Import Request.
  Time since last request: 10.112674 seconds.
  path: Assets/Scenes/Banheiro.unity
  artifactKey: Guid(21b4bdc027f75504ab8db3355323186f) Importer(815301076,1909f56bfc062723c751e8b465ee728b)
Start importing Assets/Scenes/Banheiro.unity using Guid(21b4bdc027f75504ab8db3355323186f) Importer(815301076,1909f56bfc062723c751e8b465ee728b)  -> (artifact id: '85801f39b1dae921b2bef88e0759018d') in 0.104531 seconds
  Import took 0.232572 seconds .

========================================================================
Received Prepare
Registering precompiled user dll's ...
Registered in 0.039789 seconds.
Begin MonoManager ReloadAssembly
Native extension for WindowsStandalone target not found
Native extension for WebGL target not found
Refreshing native plugins compatible for Editor in 1.60 ms, found 1 plugins.
Preloading 0 native plugins for Editor in 0.00 ms.
Mono: successfully reloaded assembly
- Completed reload, in 16.468 seconds
Platform modules already initialized, skipping
Refreshing native plugins compatible for Editor in 0.72 ms, found 1 plugins.
Preloading 0 native plugins for Editor in 0.00 ms.
Unloading 1807 Unused Serialized files (Serialized files now loaded: 0)
System memory in use before: 86.0 MB.
System memory in use after: 85.9 MB.

Unloading 12 unused Assets to reduce memory usage. Loaded Objects now: 2309.
Total: 5.145000 ms (FindLiveObjects: 0.327800 ms CreateObjectMapping: 0.631000 ms MarkObjects: 4.001300 ms  DeleteObjects: 0.182700 ms)

========================================================================
Received Prepare
Registering precompiled user dll's ...
Registered in 5.125915 seconds.
Begin MonoManager ReloadAssembly
Native extension for WindowsStandalone target not found
Native extension for WebGL target not found
Refreshing native plugins compatible for Editor in 0.49 ms, found 1 plugins.
Preloading 0 native plugins for Editor in 0.00 ms.
Mono: successfully reloaded assembly
- Completed reload, in  3.630 seconds
Platform modules already initialized, skipping
Refreshing native plugins compatible for Editor in 1.56 ms, found 1 plugins.
Preloading 0 native plugins for Editor in 0.00 ms.
Unloading 1807 Unused Serialized files (Serialized files now loaded: 0)
System memory in use before: 86.0 MB.
System memory in use after: 86.0 MB.

Unloading 12 unused Assets to reduce memory usage. Loaded Objects now: 2313.
Total: 5.157200 ms (FindLiveObjects: 0.549300 ms CreateObjectMapping: 0.162900 ms MarkObjects: 4.208600 ms  DeleteObjects: 0.234300 ms)

========================================================================
Received Prepare
Registering precompiled user dll's ...
Registered in 0.003615 seconds.
Begin MonoManager ReloadAssembly
Native extension for WindowsStandalone target not found
Native extension for WebGL target not found
Refreshing native plugins compatible for Editor in 0.72 ms, found 1 plugins.
Preloading 0 native plugins for Editor in 0.00 ms.
Mono: successfully reloaded assembly
- Completed reload, in  3.924 seconds
Platform modules already initialized, skipping
Refreshing native plugins compatible for Editor in 4.01 ms, found 1 plugins.
Preloading 0 native plugins for Editor in 0.00 ms.
Unloading 1807 Unused Serialized files (Serialized files now loaded: 0)
System memory in use before: 86.0 MB.
System memory in use after: 86.0 MB.

Unloading 12 unused Assets to reduce memory usage. Loaded Objects now: 2317.
Total: 4.206400 ms (FindLiveObjects: 0.282100 ms CreateObjectMapping: 0.097700 ms MarkObjects: 3.642900 ms  DeleteObjects: 0.182200 ms)

========================================================================
Received Prepare
Registering precompiled user dll's ...
Registered in 0.030864 seconds.
Begin MonoManager ReloadAssembly
Native extension for WindowsStandalone target not found
Native extension for WebGL target not found
Refreshing native plugins compatible for Editor in 1.41 ms, found 1 plugins.
Preloading 0 native plugins for Editor in 0.00 ms.
Mono: successfully reloaded assembly
- Completed reload, in 11.691 seconds
Platform modules already initialized, skipping
Refreshing native plugins compatible for Editor in 0.84 ms, found 1 plugins.
Preloading 0 native plugins for Editor in 0.00 ms.
Unloading 1807 Unused Serialized files (Serialized files now loaded: 0)
System memory in use before: 86.0 MB.
System memory in use after: 86.0 MB.

Unloading 12 unused Assets to reduce memory usage. Loaded Objects now: 2321.
Total: 14.228500 ms (FindLiveObjects: 0.353000 ms CreateObjectMapping: 0.112600 ms MarkObjects: 13.288200 ms  DeleteObjects: 0.472000 ms)

========================================================================
Received Prepare
Registering precompiled user dll's ...
Registered in 0.002389 seconds.
Begin MonoManager ReloadAssembly
Native extension for WindowsStandalone target not found
Native extension for WebGL target not found
Refreshing native plugins compatible for Editor in 0.61 ms, found 1 plugins.
Preloading 0 native plugins for Editor in 0.00 ms.
Mono: successfully reloaded assembly
- Completed reload, in 17.441 seconds
Platform modules already initialized, skipping
Refreshing native plugins compatible for Editor in 0.72 ms, found 1 plugins.
Preloading 0 native plugins for Editor in 0.00 ms.
Unloading 1807 Unused Serialized files (Serialized files now loaded: 0)
System memory in use before: 86.0 MB.
System memory in use after: 86.0 MB.

Unloading 12 unused Assets to reduce memory usage. Loaded Objects now: 2325.
Total: 5.237400 ms (FindLiveObjects: 0.345100 ms CreateObjectMapping: 0.189600 ms MarkObjects: 3.229000 ms  DeleteObjects: 1.472000 ms)

========================================================================
Received Prepare
Registering precompiled user dll's ...
Registered in 0.002764 seconds.
Begin MonoManager ReloadAssembly
Native extension for WindowsStandalone target not found
Native extension for WebGL target not found
Refreshing native plugins compatible for Editor in 1.83 ms, found 1 plugins.
Preloading 0 native plugins for Editor in 0.00 ms.
Mono: successfully reloaded assembly
- Completed reload, in  4.474 seconds
Platform modules already initialized, skipping
Refreshing native plugins compatible for Editor in 1.05 ms, found 1 plugins.
Preloading 0 native plugins for Editor in 0.00 ms.
Unloading 1807 Unused Serialized files (Serialized files now loaded: 0)
System memory in use before: 86.0 MB.
System memory in use after: 86.0 MB.

Unloading 12 unused Assets to reduce memory usage. Loaded Objects now: 2329.
Total: 5.362300 ms (FindLiveObjects: 0.444200 ms CreateObjectMapping: 0.110100 ms MarkObjects: 4.665900 ms  DeleteObjects: 0.140300 ms)

========================================================================
Received Import Request.
  Time since last request: 258.215297 seconds.
  path: Assets/Scenes/Corredor.unity
  artifactKey: Guid(a69535fa2dac2ce4493132ffab5f25cd) Importer(815301076,1909f56bfc062723c751e8b465ee728b)
Start importing Assets/Scenes/Corredor.unity using Guid(a69535fa2dac2ce4493132ffab5f25cd) Importer(815301076,1909f56bfc062723c751e8b465ee728b)  -> (artifact id: '3013d727a7dd524b6f48d6ce4fa6136a') in 0.158176 seconds
  Import took 0.166988 seconds .

========================================================================
Received Prepare
Registering precompiled user dll's ...
Registered in 0.008136 seconds.
Begin MonoManager ReloadAssembly
Native extension for WindowsStandalone target not found
Native extension for WebGL target not found
Refreshing native plugins compatible for Editor in 0.66 ms, found 1 plugins.
Preloading 0 native plugins for Editor in 0.00 ms.
Mono: successfully reloaded assembly
- Completed reload, in  4.134 seconds
Platform modules already initialized, skipping
Refreshing native plugins compatible for Editor in 0.98 ms, found 1 plugins.
Preloading 0 native plugins for Editor in 0.00 ms.
Unloading 1807 Unused Serialized files (Serialized files now loaded: 0)
System memory in use before: 86.0 MB.
System memory in use after: 86.0 MB.

Unloading 12 unused Assets to reduce memory usage. Loaded Objects now: 2333.
Total: 2.435500 ms (FindLiveObjects: 0.233100 ms CreateObjectMapping: 0.086700 ms MarkObjects: 1.988700 ms  DeleteObjects: 0.125300 ms)

========================================================================
Received Prepare
Registering precompiled user dll's ...
Registered in 0.002418 seconds.
Begin MonoManager ReloadAssembly
Native extension for WindowsStandalone target not found
Native extension for WebGL target not found
Refreshing native plugins compatible for Editor in 0.63 ms, found 1 plugins.
Preloading 0 native plugins for Editor in 0.00 ms.
Mono: successfully reloaded assembly
- Completed reload, in  3.507 seconds
Platform modules already initialized, skipping
Refreshing native plugins compatible for Editor in 0.67 ms, found 1 plugins.
Preloading 0 native plugins for Editor in 0.00 ms.
Unloading 1807 Unused Serialized files (Serialized files now loaded: 0)
System memory in use before: 86.0 MB.
System memory in use after: 86.0 MB.

Unloading 12 unused Assets to reduce memory usage. Loaded Objects now: 2337.
Total: 4.001900 ms (FindLiveObjects: 0.335500 ms CreateObjectMapping: 0.182900 ms MarkObjects: 3.260900 ms  DeleteObjects: 0.220600 ms)

========================================================================
Received Import Request.
  Time since last request: 40.000023 seconds.
  path: Assets/Scenes/Corredor.unity
  artifactKey: Guid(a69535fa2dac2ce4493132ffab5f25cd) Importer(815301076,1909f56bfc062723c751e8b465ee728b)
Start importing Assets/Scenes/Corredor.unity using Guid(a69535fa2dac2ce4493132ffab5f25cd) Importer(815301076,1909f56bfc062723c751e8b465ee728b)  -> (artifact id: 'd16709adb9970f109c234134b520b90e') in 0.364272 seconds
  Import took 0.372810 seconds .

========================================================================
Received Import Request.
  Time since last request: 0.130894 seconds.
  path: Assets/Scenes/Corredor.unity
  artifactKey: Guid(a69535fa2dac2ce4493132ffab5f25cd) Importer(815301076,1909f56bfc062723c751e8b465ee728b)
Start importing Assets/Scenes/Corredor.unity using Guid(a69535fa2dac2ce4493132ffab5f25cd) Importer(815301076,1909f56bfc062723c751e8b465ee728b)  -> (artifact id: 'd16709adb9970f109c234134b520b90e') in 1.100590 seconds
  Import took 1.198725 seconds .

========================================================================
Received Import Request.
  Time since last request: 5.941869 seconds.
  path: Assets/Scenes/Cozinha.unity
  artifactKey: Guid(7e98c7f9aba464b45b880729b0bfb327) Importer(815301076,1909f56bfc062723c751e8b465ee728b)
Start importing Assets/Scenes/Cozinha.unity using Guid(7e98c7f9aba464b45b880729b0bfb327) Importer(815301076,1909f56bfc062723c751e8b465ee728b)  -> (artifact id: 'ba33bf9464e4b71d97b964b043f5cca9') in 0.186632 seconds
  Import took 0.213962 seconds .

========================================================================
Received Import Request.
  Time since last request: 0.032916 seconds.
  path: Assets/Scenes/Cozinha.unity
  artifactKey: Guid(7e98c7f9aba464b45b880729b0bfb327) Importer(815301076,1909f56bfc062723c751e8b465ee728b)
Start importing Assets/Scenes/Cozinha.unity using Guid(7e98c7f9aba464b45b880729b0bfb327) Importer(815301076,1909f56bfc062723c751e8b465ee728b)  -> (artifact id: 'ba33bf9464e4b71d97b964b043f5cca9') in 0.118370 seconds
  Import took 0.284086 seconds .

========================================================================
Received Prepare
Registering precompiled user dll's ...
Registered in 0.002663 seconds.
Begin MonoManager ReloadAssembly
Native extension for WindowsStandalone target not found
Native extension for WebGL target not found
Refreshing native plugins compatible for Editor in 0.67 ms, found 1 plugins.
Preloading 0 native plugins for Editor in 0.00 ms.
Mono: successfully reloaded assembly
- Completed reload, in  4.055 seconds
Platform modules already initialized, skipping
Refreshing native plugins compatible for Editor in 0.71 ms, found 1 plugins.
Preloading 0 native plugins for Editor in 0.00 ms.
Unloading 1807 Unused Serialized files (Serialized files now loaded: 0)
System memory in use before: 86.1 MB.
System memory in use after: 86.0 MB.

Unloading 12 unused Assets to reduce memory usage. Loaded Objects now: 2341.
Total: 6.256700 ms (FindLiveObjects: 0.363700 ms CreateObjectMapping: 0.156800 ms MarkObjects: 5.531100 ms  DeleteObjects: 0.202700 ms)

========================================================================
Received Import Request.
  Time since last request: 34.106853 seconds.
  path: Assets/Scenes/Escritório.unity
  artifactKey: Guid(26001fe23071672489a8c57612aa6ec6) Importer(815301076,1909f56bfc062723c751e8b465ee728b)
Start importing Assets/Scenes/Escritório.unity using Guid(26001fe23071672489a8c57612aa6ec6) Importer(815301076,1909f56bfc062723c751e8b465ee728b)  -> (artifact id: 'f87acdd6a9786d4c1ebc85982697c268') in 0.076301 seconds
  Import took 0.084946 seconds .

========================================================================
Received Prepare
Registering precompiled user dll's ...
Registered in 0.002201 seconds.
Begin MonoManager ReloadAssembly
Native extension for WindowsStandalone target not found
Native extension for WebGL target not found
Refreshing native plugins compatible for Editor in 0.85 ms, found 1 plugins.
Preloading 0 native plugins for Editor in 0.00 ms.
Mono: successfully reloaded assembly
- Completed reload, in  4.735 seconds
Platform modules already initialized, skipping
Refreshing native plugins compatible for Editor in 1.03 ms, found 1 plugins.
Preloading 0 native plugins for Editor in 0.00 ms.
Unloading 1807 Unused Serialized files (Serialized files now loaded: 0)
System memory in use before: 86.1 MB.
System memory in use after: 86.0 MB.

Unloading 12 unused Assets to reduce memory usage. Loaded Objects now: 2345.
Total: 7.924300 ms (FindLiveObjects: 0.634300 ms CreateObjectMapping: 0.166800 ms MarkObjects: 4.946000 ms  DeleteObjects: 2.174600 ms)

========================================================================
Received Prepare
Registering precompiled user dll's ...
Registered in 0.003461 seconds.
Begin MonoManager ReloadAssembly
Native extension for WindowsStandalone target not found
Native extension for WebGL target not found
Refreshing native plugins compatible for Editor in 0.53 ms, found 1 plugins.
Preloading 0 native plugins for Editor in 0.00 ms.
Mono: successfully reloaded assembly
- Completed reload, in  3.916 seconds
Platform modules already initialized, skipping
Refreshing native plugins compatible for Editor in 1.14 ms, found 1 plugins.
Preloading 0 native plugins for Editor in 0.00 ms.
Unloading 1807 Unused Serialized files (Serialized files now loaded: 0)
System memory in use before: 86.1 MB.
System memory in use after: 86.0 MB.

Unloading 12 unused Assets to reduce memory usage. Loaded Objects now: 2349.
Total: 6.387900 ms (FindLiveObjects: 1.512200 ms CreateObjectMapping: 0.174500 ms MarkObjects: 4.544300 ms  DeleteObjects: 0.154800 ms)

========================================================================
Received Prepare
Registering precompiled user dll's ...
Registered in 0.003251 seconds.
Begin MonoManager ReloadAssembly
Native extension for WindowsStandalone target not found
Native extension for WebGL target not found
Refreshing native plugins compatible for Editor in 1.19 ms, found 1 plugins.
Preloading 0 native plugins for Editor in 0.00 ms.
Mono: successfully reloaded assembly
- Completed reload, in  3.999 seconds
Platform modules already initialized, skipping
Refreshing native plugins compatible for Editor in 0.69 ms, found 1 plugins.
Preloading 0 native plugins for Editor in 0.00 ms.
Unloading 1807 Unused Serialized files (Serialized files now loaded: 0)
System memory in use before: 86.1 MB.
System memory in use after: 86.1 MB.

Unloading 12 unused Assets to reduce memory usage. Loaded Objects now: 2353.
Total: 5.806800 ms (FindLiveObjects: 0.370400 ms CreateObjectMapping: 0.657700 ms MarkObjects: 4.585700 ms  DeleteObjects: 0.191200 ms)

========================================================================
Received Prepare
Registering precompiled user dll's ...
Registered in 0.002639 seconds.
Begin MonoManager ReloadAssembly
Native extension for WindowsStandalone target not found
Native extension for WebGL target not found
Refreshing native plugins compatible for Editor in 0.79 ms, found 1 plugins.
Preloading 0 native plugins for Editor in 0.00 ms.
Mono: successfully reloaded assembly
- Completed reload, in 10.163 seconds
Platform modules already initialized, skipping
Refreshing native plugins compatible for Editor in 0.65 ms, found 1 plugins.
Preloading 0 native plugins for Editor in 0.00 ms.
Unloading 1807 Unused Serialized files (Serialized files now loaded: 0)
System memory in use before: 86.1 MB.
System memory in use after: 86.1 MB.

Unloading 12 unused Assets to reduce memory usage. Loaded Objects now: 2357.
Total: 5.524600 ms (FindLiveObjects: 0.471700 ms CreateObjectMapping: 0.187900 ms MarkObjects: 4.689100 ms  DeleteObjects: 0.174100 ms)

========================================================================
Received Prepare
Registering precompiled user dll's ...
Registered in 0.003421 seconds.
Begin MonoManager ReloadAssembly
Native extension for WindowsStandalone target not found
Native extension for WebGL target not found
Refreshing native plugins compatible for Editor in 0.77 ms, found 1 plugins.
Preloading 0 native plugins for Editor in 0.00 ms.
Mono: successfully reloaded assembly
- Completed reload, in  3.392 seconds
Platform modules already initialized, skipping
Refreshing native plugins compatible for Editor in 0.72 ms, found 1 plugins.
Preloading 0 native plugins for Editor in 0.00 ms.
Unloading 1807 Unused Serialized files (Serialized files now loaded: 0)
System memory in use before: 86.1 MB.
System memory in use after: 86.1 MB.

Unloading 12 unused Assets to reduce memory usage. Loaded Objects now: 2361.
Total: 5.783800 ms (FindLiveObjects: 0.347600 ms CreateObjectMapping: 0.166300 ms MarkObjects: 5.018100 ms  DeleteObjects: 0.250000 ms)

========================================================================
Received Import Request.
  Time since last request: 94.560974 seconds.
  path: Assets/Scenes/SalaDeJantar.unity
  artifactKey: Guid(092d8ea6589841547bf16c6594076f3f) Importer(815301076,1909f56bfc062723c751e8b465ee728b)
Start importing Assets/Scenes/SalaDeJantar.unity using Guid(092d8ea6589841547bf16c6594076f3f) Importer(815301076,1909f56bfc062723c751e8b465ee728b)  -> (artifact id: '41782504199b0715a8141109caace74e') in 0.120213 seconds
  Import took 0.133654 seconds .

========================================================================
Received Import Request.
  Time since last request: 16.935380 seconds.
  path: Assets/Scenes/SalaDeJogos.unity
  artifactKey: Guid(2b520d9a529f0e6429011344b8fbc25b) Importer(815301076,1909f56bfc062723c751e8b465ee728b)
Start importing Assets/Scenes/SalaDeJogos.unity using Guid(2b520d9a529f0e6429011344b8fbc25b) Importer(815301076,1909f56bfc062723c751e8b465ee728b)  -> (artifact id: '8e0fc3cdb9591b9b7039389a1f865431') in 0.111841 seconds
  Import took 0.126947 seconds .

========================================================================
Received Prepare
Registering precompiled user dll's ...
Registered in 0.001700 seconds.
Begin MonoManager ReloadAssembly
Native extension for WindowsStandalone target not found
Native extension for WebGL target not found
Refreshing native plugins compatible for Editor in 0.71 ms, found 1 plugins.
Preloading 0 native plugins for Editor in 0.00 ms.
Mono: successfully reloaded assembly
- Completed reload, in  4.278 seconds
Platform modules already initialized, skipping
Refreshing native plugins compatible for Editor in 1.32 ms, found 1 plugins.
Preloading 0 native plugins for Editor in 0.00 ms.
Unloading 1807 Unused Serialized files (Serialized files now loaded: 0)
System memory in use before: 86.1 MB.
System memory in use after: 86.1 MB.

Unloading 12 unused Assets to reduce memory usage. Loaded Objects now: 2365.
Total: 15.352900 ms (FindLiveObjects: 3.154800 ms CreateObjectMapping: 0.265800 ms MarkObjects: 11.727600 ms  DeleteObjects: 0.202300 ms)

========================================================================
Received Prepare
Registering precompiled user dll's ...
Registered in 0.002731 seconds.
Begin MonoManager ReloadAssembly
Native extension for WindowsStandalone target not found
Native extension for WebGL target not found
Refreshing native plugins compatible for Editor in 0.74 ms, found 1 plugins.
Preloading 0 native plugins for Editor in 0.00 ms.
Mono: successfully reloaded assembly
- Completed reload, in  4.301 seconds
Platform modules already initialized, skipping
Refreshing native plugins compatible for Editor in 0.86 ms, found 1 plugins.
Preloading 0 native plugins for Editor in 0.00 ms.
Unloading 1807 Unused Serialized files (Serialized files now loaded: 0)
System memory in use before: 86.1 MB.
System memory in use after: 86.1 MB.

Unloading 12 unused Assets to reduce memory usage. Loaded Objects now: 2369.
Total: 8.583800 ms (FindLiveObjects: 0.454200 ms CreateObjectMapping: 0.595000 ms MarkObjects: 7.334300 ms  DeleteObjects: 0.197300 ms)

AssetImportWorkerClient::OnTransportError - code=2 error=End of file
