Using pre-set license
Built from '2020.3/staging' branch; Version is '2020.3.8f1 (507919d4fff5) revision 5273881'; Using compiler version '192528614'; Build Type 'Release'
OS: 'Windows 10 Home Single Language; OS build 19042.1237; Version 2009; 64bit' Language: 'pt' Physical Memory: 16282 MB
BatchMode: 1, IsHumanControllingUs: 0, StartBugReporterOnCrash: 0, Is64bit: 1, IsPro: 0

 COMMAND LINE ARGUMENTS:
C:\Program Files\Unity\Hub\Editor\2020.3.8f1\Editor\Unity.exe
-adb2
-batchMode
-noUpm
-name
AssetImportWorker2
-projectPath
C:/Users/franc/OneDrive/Documentos/Programas/Unity projects/ProjeteGame2021/ProjeteGame
-logFile
Logs/AssetImportWorker2.log
-srvPort
51514
Successfully changed project path to: C:/Users/franc/OneDrive/Documentos/Programas/Unity projects/ProjeteGame2021/ProjeteGame
C:/Users/franc/OneDrive/Documentos/Programas/Unity projects/ProjeteGame2021/ProjeteGame
Using Asset Import Pipeline V2.
Refreshing native plugins compatible for Editor in 684.22 ms, found 1 plugins.
Preloading 0 native plugins for Editor in 0.00 ms.
Initialize engine version: 2020.3.8f1 (507919d4fff5)
[Subsystems] Discovering subsystems at path C:/Program Files/Unity/Hub/Editor/2020.3.8f1/Editor/Data/Resources/UnitySubsystems
[Subsystems] Discovering subsystems at path C:/Users/franc/OneDrive/Documentos/Programas/Unity projects/ProjeteGame2021/ProjeteGame/Assets
GfxDevice: creating device client; threaded=0
Direct3D:
    Version:  Direct3D 11.0 [level 11.0]
    Renderer: NVIDIA GeForce 940MX (ID=0x134d)
    Vendor:   
    VRAM:     4055 MB
    Driver:   27.21.14.5167
Initialize mono
Mono path[0] = 'C:/Program Files/Unity/Hub/Editor/2020.3.8f1/Editor/Data/Managed'
Mono path[1] = 'C:/Program Files/Unity/Hub/Editor/2020.3.8f1/Editor/Data/MonoBleedingEdge/lib/mono/unityjit'
Mono config path = 'C:/Program Files/Unity/Hub/Editor/2020.3.8f1/Editor/Data/MonoBleedingEdge/etc'
Using monoOptions --debugger-agent=transport=dt_socket,embedding=1,server=y,suspend=n,address=127.0.0.1:56240
Begin MonoManager ReloadAssembly
Registering precompiled unity dll's ...
Register platform support module: C:/Program Files/Unity/Hub/Editor/2020.3.8f1/Editor/Data/PlaybackEngines/WebGLSupport/UnityEditor.WebGL.Extensions.dll
Register platform support module: C:/Program Files/Unity/Hub/Editor/2020.3.8f1/Editor/Data/PlaybackEngines/WindowsStandaloneSupport/UnityEditor.WindowsStandalone.Extensions.dll
Registered in 0.047866 seconds.
Native extension for WindowsStandalone target not found
Native extension for WebGL target not found
Refreshing native plugins compatible for Editor in 104.82 ms, found 1 plugins.
Preloading 0 native plugins for Editor in 0.00 ms.
Mono: successfully reloaded assembly
- Completed reload, in  7.755 seconds
Platform modules already initialized, skipping
Registering precompiled user dll's ...
Registered in 0.003478 seconds.
Begin MonoManager ReloadAssembly
Native extension for WindowsStandalone target not found
Native extension for WebGL target not found
Refreshing native plugins compatible for Editor in 112.90 ms, found 1 plugins.
Preloading 0 native plugins for Editor in 0.00 ms.
Mono: successfully reloaded assembly
- Completed reload, in  5.431 seconds
Platform modules already initialized, skipping
========================================================================
Worker process is ready to serve import requests
Launched and connected shader compiler UnityShaderCompiler.exe after 0.09 seconds
Refreshing native plugins compatible for Editor in 1.36 ms, found 1 plugins.
Preloading 0 native plugins for Editor in 0.00 ms.
Unloading 1828 Unused Serialized files (Serialized files now loaded: 0)
System memory in use before: 88.1 MB.
System memory in use after: 88.0 MB.

Unloading 24 unused Assets to reduce memory usage. Loaded Objects now: 2272.
Total: 3.384500 ms (FindLiveObjects: 0.356100 ms CreateObjectMapping: 0.152300 ms MarkObjects: 2.711500 ms  DeleteObjects: 0.162900 ms)

========================================================================
Received Import Request.
  path: Assets/Scripts/Indestructable.cs
  artifactKey: Guid(e4c28c6feecf6b24c94cbce663c25804) Importer(815301076,1909f56bfc062723c751e8b465ee728b)
Start importing Assets/Scripts/Indestructable.cs using Guid(e4c28c6feecf6b24c94cbce663c25804) Importer(815301076,1909f56bfc062723c751e8b465ee728b)  -> (artifact id: '4e8598d84c5027daa634d67aebb998b9') in 0.061131 seconds
  Import took 0.076160 seconds .

========================================================================
Received Import Request.
  Time since last request: 293.230870 seconds.
  path: Assets/Scripts/Indestructable.cs
  artifactKey: Guid(e4c28c6feecf6b24c94cbce663c25804) Importer(815301076,1909f56bfc062723c751e8b465ee728b)
Start importing Assets/Scripts/Indestructable.cs using Guid(e4c28c6feecf6b24c94cbce663c25804) Importer(815301076,1909f56bfc062723c751e8b465ee728b)  -> (artifact id: 'f726c6d8e07ccddd4c567b166fb7c6d9') in 0.094983 seconds
  Import took 0.118279 seconds .

========================================================================
Received Prepare
Registering precompiled user dll's ...
Registered in 0.004247 seconds.
Begin MonoManager ReloadAssembly
Native extension for WindowsStandalone target not found
Native extension for WebGL target not found
Refreshing native plugins compatible for Editor in 1.13 ms, found 1 plugins.
Preloading 0 native plugins for Editor in 0.00 ms.
Mono: successfully reloaded assembly
- Completed reload, in  3.865 seconds
Platform modules already initialized, skipping
Refreshing native plugins compatible for Editor in 3.08 ms, found 1 plugins.
Preloading 0 native plugins for Editor in 0.00 ms.
Unloading 1810 Unused Serialized files (Serialized files now loaded: 0)
System memory in use before: 86.7 MB.
System memory in use after: 86.7 MB.

Unloading 12 unused Assets to reduce memory usage. Loaded Objects now: 2276.
Total: 6.343600 ms (FindLiveObjects: 0.346600 ms CreateObjectMapping: 0.243300 ms MarkObjects: 4.655900 ms  DeleteObjects: 1.084900 ms)

========================================================================
Received Prepare
Registering precompiled user dll's ...
Registered in 0.005162 seconds.
Begin MonoManager ReloadAssembly
Native extension for WindowsStandalone target not found
Native extension for WebGL target not found
Refreshing native plugins compatible for Editor in 0.45 ms, found 1 plugins.
Preloading 0 native plugins for Editor in 0.00 ms.
Mono: successfully reloaded assembly
- Completed reload, in  3.353 seconds
Platform modules already initialized, skipping
Refreshing native plugins compatible for Editor in 0.76 ms, found 1 plugins.
Preloading 0 native plugins for Editor in 0.00 ms.
Unloading 1810 Unused Serialized files (Serialized files now loaded: 0)
System memory in use before: 86.8 MB.
System memory in use after: 86.8 MB.

Unloading 12 unused Assets to reduce memory usage. Loaded Objects now: 2280.
Total: 5.672800 ms (FindLiveObjects: 0.352100 ms CreateObjectMapping: 0.146900 ms MarkObjects: 4.989500 ms  DeleteObjects: 0.182300 ms)

========================================================================
Received Import Request.
  Time since last request: 131.583316 seconds.
  path: Assets/Scenes/Corredor.unity
  artifactKey: Guid(a69535fa2dac2ce4493132ffab5f25cd) Importer(815301076,1909f56bfc062723c751e8b465ee728b)
Start importing Assets/Scenes/Corredor.unity using Guid(a69535fa2dac2ce4493132ffab5f25cd) Importer(815301076,1909f56bfc062723c751e8b465ee728b)  -> (artifact id: 'ad34761b47610e6f78b8bcd3779334b8') in 0.076655 seconds
  Import took 0.111201 seconds .

========================================================================
Received Import Request.
  Time since last request: 43.744954 seconds.
  path: Assets/Scenes/Lobby.unity
  artifactKey: Guid(a4f083f1f4303f24fb0af1ff6abb1e0b) Importer(815301076,1909f56bfc062723c751e8b465ee728b)
Start importing Assets/Scenes/Lobby.unity using Guid(a4f083f1f4303f24fb0af1ff6abb1e0b) Importer(815301076,1909f56bfc062723c751e8b465ee728b)  -> (artifact id: '664147e156798b7d253f4eacf6bc754c') in 0.183816 seconds
  Import took 0.250683 seconds .

========================================================================
Received Prepare
Registering precompiled user dll's ...
Registered in 0.002869 seconds.
Begin MonoManager ReloadAssembly
Native extension for WindowsStandalone target not found
Native extension for WebGL target not found
Refreshing native plugins compatible for Editor in 1.03 ms, found 1 plugins.
Preloading 0 native plugins for Editor in 0.00 ms.
Mono: successfully reloaded assembly
- Completed reload, in  3.148 seconds
Platform modules already initialized, skipping
Refreshing native plugins compatible for Editor in 0.66 ms, found 1 plugins.
Preloading 0 native plugins for Editor in 0.00 ms.
Unloading 1810 Unused Serialized files (Serialized files now loaded: 0)
System memory in use before: 86.8 MB.
System memory in use after: 86.8 MB.

Unloading 12 unused Assets to reduce memory usage. Loaded Objects now: 2284.
Total: 4.123600 ms (FindLiveObjects: 0.368300 ms CreateObjectMapping: 0.275300 ms MarkObjects: 3.288800 ms  DeleteObjects: 0.189000 ms)

========================================================================
Received Import Request.
  Time since last request: 178.454197 seconds.
  path: Assets/Scenes/Corredor.unity
  artifactKey: Guid(a69535fa2dac2ce4493132ffab5f25cd) Importer(815301076,1909f56bfc062723c751e8b465ee728b)
Start importing Assets/Scenes/Corredor.unity using Guid(a69535fa2dac2ce4493132ffab5f25cd) Importer(815301076,1909f56bfc062723c751e8b465ee728b)  -> (artifact id: 'a0ce4e9c6ab6aa3b8e82c0a16624c170') in 0.171785 seconds
  Import took 0.196298 seconds .

========================================================================
Received Prepare
Registering precompiled user dll's ...
Registered in 0.184010 seconds.
Begin MonoManager ReloadAssembly
Native extension for WindowsStandalone target not found
Native extension for WebGL target not found
Refreshing native plugins compatible for Editor in 0.68 ms, found 1 plugins.
Preloading 0 native plugins for Editor in 0.00 ms.
Mono: successfully reloaded assembly
- Completed reload, in  3.361 seconds
Platform modules already initialized, skipping
Refreshing native plugins compatible for Editor in 0.79 ms, found 1 plugins.
Preloading 0 native plugins for Editor in 0.00 ms.
Unloading 1811 Unused Serialized files (Serialized files now loaded: 0)
System memory in use before: 86.9 MB.
System memory in use after: 86.8 MB.

Unloading 12 unused Assets to reduce memory usage. Loaded Objects now: 2289.
Total: 9.107400 ms (FindLiveObjects: 0.291100 ms CreateObjectMapping: 0.103700 ms MarkObjects: 8.485100 ms  DeleteObjects: 0.225300 ms)

========================================================================
Received Import Request.
  Time since last request: 51.374687 seconds.
  path: Assets/Scripts/Pop-up.cs
  artifactKey: Guid(8c194e6ba58f2b84da3336a474814f7d) Importer(815301076,1909f56bfc062723c751e8b465ee728b)
Start importing Assets/Scripts/Pop-up.cs using Guid(8c194e6ba58f2b84da3336a474814f7d) Importer(815301076,1909f56bfc062723c751e8b465ee728b)  -> (artifact id: '4759a5945919ebabcae8f04f821baad1') in 0.044238 seconds
  Import took 0.053904 seconds .

========================================================================
Received Import Request.
  Time since last request: 21.865987 seconds.
  path: Assets/Scripts/PopUp.cs
  artifactKey: Guid(8c194e6ba58f2b84da3336a474814f7d) Importer(815301076,1909f56bfc062723c751e8b465ee728b)
Start importing Assets/Scripts/PopUp.cs using Guid(8c194e6ba58f2b84da3336a474814f7d) Importer(815301076,1909f56bfc062723c751e8b465ee728b)  -> (artifact id: '0aef9e670b8a67b49eaa12b527527dea') in 0.475805 seconds
  Import took 0.590180 seconds .

========================================================================
Received Import Request.
  Time since last request: 10.039445 seconds.
  path: Assets/Scripts/Pop-up.cs
  artifactKey: Guid(fed5e10695d6fb641baa34903e7fdb5f) Importer(815301076,1909f56bfc062723c751e8b465ee728b)
Start importing Assets/Scripts/Pop-up.cs using Guid(fed5e10695d6fb641baa34903e7fdb5f) Importer(815301076,1909f56bfc062723c751e8b465ee728b)  -> (artifact id: '2aa65299b5c4b8cd12c383ddf65d75f7') in 0.179425 seconds
  Import took 0.199074 seconds .

========================================================================
Received Prepare
Registering precompiled user dll's ...
Registered in 0.015111 seconds.
Begin MonoManager ReloadAssembly
Native extension for WindowsStandalone target not found
Native extension for WebGL target not found
Refreshing native plugins compatible for Editor in 0.66 ms, found 1 plugins.
Preloading 0 native plugins for Editor in 0.00 ms.
Mono: successfully reloaded assembly
- Completed reload, in  3.143 seconds
Platform modules already initialized, skipping
Refreshing native plugins compatible for Editor in 0.48 ms, found 1 plugins.
Preloading 0 native plugins for Editor in 0.00 ms.
Unloading 1810 Unused Serialized files (Serialized files now loaded: 0)
System memory in use before: 86.9 MB.
System memory in use after: 86.8 MB.

Unloading 13 unused Assets to reduce memory usage. Loaded Objects now: 2292.
Total: 5.639400 ms (FindLiveObjects: 0.364500 ms CreateObjectMapping: 0.227000 ms MarkObjects: 4.823300 ms  DeleteObjects: 0.222600 ms)

========================================================================
Received Import Request.
  Time since last request: 61.392590 seconds.
  path: Assets/Scripts/PopUp.cs
  artifactKey: Guid(8c194e6ba58f2b84da3336a474814f7d) Importer(815301076,1909f56bfc062723c751e8b465ee728b)
Start importing Assets/Scripts/PopUp.cs using Guid(8c194e6ba58f2b84da3336a474814f7d) Importer(815301076,1909f56bfc062723c751e8b465ee728b)  -> (artifact id: 'c08d9f2abe37129a5407ab5b33c05b29') in 0.433910 seconds
  Import took 1.109967 seconds .

========================================================================
Received Prepare
Registering precompiled user dll's ...
Registered in 0.015971 seconds.
Begin MonoManager ReloadAssembly
Native extension for WindowsStandalone target not found
Native extension for WebGL target not found
Refreshing native plugins compatible for Editor in 0.46 ms, found 1 plugins.
Preloading 0 native plugins for Editor in 0.00 ms.
Mono: successfully reloaded assembly
- Completed reload, in 17.065 seconds
Platform modules already initialized, skipping
Refreshing native plugins compatible for Editor in 0.46 ms, found 1 plugins.
Preloading 0 native plugins for Editor in 0.00 ms.
Unloading 1811 Unused Serialized files (Serialized files now loaded: 0)
System memory in use before: 86.9 MB.
System memory in use after: 86.9 MB.

Unloading 12 unused Assets to reduce memory usage. Loaded Objects now: 2297.
Total: 128.337400 ms (FindLiveObjects: 0.501700 ms CreateObjectMapping: 0.179100 ms MarkObjects: 127.445300 ms  DeleteObjects: 0.209100 ms)

========================================================================
Received Prepare
Registering precompiled user dll's ...
Registered in 0.208379 seconds.
Begin MonoManager ReloadAssembly
Native extension for WindowsStandalone target not found
Native extension for WebGL target not found
Refreshing native plugins compatible for Editor in 0.87 ms, found 1 plugins.
Preloading 0 native plugins for Editor in 0.00 ms.
Mono: successfully reloaded assembly
- Completed reload, in  3.730 seconds
Platform modules already initialized, skipping
Refreshing native plugins compatible for Editor in 1.99 ms, found 1 plugins.
Preloading 0 native plugins for Editor in 0.00 ms.
Unloading 1811 Unused Serialized files (Serialized files now loaded: 0)
System memory in use before: 86.9 MB.
System memory in use after: 86.9 MB.

Unloading 12 unused Assets to reduce memory usage. Loaded Objects now: 2301.
Total: 3.935500 ms (FindLiveObjects: 0.486000 ms CreateObjectMapping: 0.157900 ms MarkObjects: 3.069100 ms  DeleteObjects: 0.220700 ms)

========================================================================
Received Import Request.
  Time since last request: 373.818282 seconds.
  path: Assets/Scenes/Corredor.unity
  artifactKey: Guid(a69535fa2dac2ce4493132ffab5f25cd) Importer(815301076,1909f56bfc062723c751e8b465ee728b)
Start importing Assets/Scenes/Corredor.unity using Guid(a69535fa2dac2ce4493132ffab5f25cd) Importer(815301076,1909f56bfc062723c751e8b465ee728b)  -> (artifact id: '1f49496caa20d391a2359139456298c3') in 0.028824 seconds
  Import took 0.061716 seconds .

========================================================================
Received Prepare
Registering precompiled user dll's ...
Registered in 0.005320 seconds.
Begin MonoManager ReloadAssembly
Native extension for WindowsStandalone target not found
Native extension for WebGL target not found
Refreshing native plugins compatible for Editor in 3.58 ms, found 1 plugins.
Preloading 0 native plugins for Editor in 0.00 ms.
Mono: successfully reloaded assembly
- Completed reload, in  3.986 seconds
Platform modules already initialized, skipping
Refreshing native plugins compatible for Editor in 3.27 ms, found 1 plugins.
Preloading 0 native plugins for Editor in 0.00 ms.
Unloading 1811 Unused Serialized files (Serialized files now loaded: 0)
System memory in use before: 86.9 MB.
System memory in use after: 86.9 MB.

Unloading 12 unused Assets to reduce memory usage. Loaded Objects now: 2305.
Total: 10.158000 ms (FindLiveObjects: 0.636300 ms CreateObjectMapping: 0.195200 ms MarkObjects: 9.133300 ms  DeleteObjects: 0.190200 ms)

========================================================================
Received Import Request.
  Time since last request: 238.910653 seconds.
  path: Assets/Scenes/Lobby.unity
  artifactKey: Guid(a4f083f1f4303f24fb0af1ff6abb1e0b) Importer(815301076,1909f56bfc062723c751e8b465ee728b)
Start importing Assets/Scenes/Lobby.unity using Guid(a4f083f1f4303f24fb0af1ff6abb1e0b) Importer(815301076,1909f56bfc062723c751e8b465ee728b)  -> (artifact id: '7b66ddae87bc2f34d5f94a2f662e402d') in 0.160444 seconds
  Import took 0.184152 seconds .

========================================================================
Received Import Request.
  Time since last request: 0.012903 seconds.
  path: Assets/Scenes/Lobby.unity
  artifactKey: Guid(a4f083f1f4303f24fb0af1ff6abb1e0b) Importer(815301076,1909f56bfc062723c751e8b465ee728b)
Start importing Assets/Scenes/Lobby.unity using Guid(a4f083f1f4303f24fb0af1ff6abb1e0b) Importer(815301076,1909f56bfc062723c751e8b465ee728b)  -> (artifact id: '7b66ddae87bc2f34d5f94a2f662e402d') in 0.076625 seconds
  Import took 0.088684 seconds .

========================================================================
Received Import Request.
  Time since last request: 60.630843 seconds.
  path: Assets/Scenes/Corredor.unity
  artifactKey: Guid(a69535fa2dac2ce4493132ffab5f25cd) Importer(815301076,1909f56bfc062723c751e8b465ee728b)
Start importing Assets/Scenes/Corredor.unity using Guid(a69535fa2dac2ce4493132ffab5f25cd) Importer(815301076,1909f56bfc062723c751e8b465ee728b)  -> (artifact id: 'b9958a2e3924fa0f1820ebf9d5a5db42') in 0.025684 seconds
  Import took 0.074300 seconds .

========================================================================
Received Prepare
Registering precompiled user dll's ...
Registered in 0.009765 seconds.
Begin MonoManager ReloadAssembly
Native extension for WindowsStandalone target not found
Native extension for WebGL target not found
Refreshing native plugins compatible for Editor in 2.25 ms, found 1 plugins.
Preloading 0 native plugins for Editor in 0.00 ms.
Mono: successfully reloaded assembly
- Completed reload, in  5.419 seconds
Platform modules already initialized, skipping
Refreshing native plugins compatible for Editor in 1.39 ms, found 1 plugins.
Preloading 0 native plugins for Editor in 0.00 ms.
Unloading 1811 Unused Serialized files (Serialized files now loaded: 0)
System memory in use before: 86.9 MB.
System memory in use after: 86.9 MB.

Unloading 12 unused Assets to reduce memory usage. Loaded Objects now: 2309.
Total: 4.302100 ms (FindLiveObjects: 0.359600 ms CreateObjectMapping: 0.149900 ms MarkObjects: 3.661100 ms  DeleteObjects: 0.129300 ms)

========================================================================
Received Import Request.
  Time since last request: 51.509296 seconds.
  path: Assets/Scenes/Lobby.unity
  artifactKey: Guid(a4f083f1f4303f24fb0af1ff6abb1e0b) Importer(815301076,1909f56bfc062723c751e8b465ee728b)
Start importing Assets/Scenes/Lobby.unity using Guid(a4f083f1f4303f24fb0af1ff6abb1e0b) Importer(815301076,1909f56bfc062723c751e8b465ee728b)  -> (artifact id: '9055262d4ef6a8a624292dc4938a6696') in 0.110358 seconds
  Import took 0.215096 seconds .

========================================================================
Received Prepare
Registering precompiled user dll's ...
Registered in 0.006563 seconds.
Begin MonoManager ReloadAssembly
Native extension for WindowsStandalone target not found
Native extension for WebGL target not found
Refreshing native plugins compatible for Editor in 2.18 ms, found 1 plugins.
Preloading 0 native plugins for Editor in 0.00 ms.
Mono: successfully reloaded assembly
- Completed reload, in  4.043 seconds
Platform modules already initialized, skipping
Refreshing native plugins compatible for Editor in 0.52 ms, found 1 plugins.
Preloading 0 native plugins for Editor in 0.00 ms.
Unloading 1811 Unused Serialized files (Serialized files now loaded: 0)
System memory in use before: 86.9 MB.
System memory in use after: 86.9 MB.

Unloading 12 unused Assets to reduce memory usage. Loaded Objects now: 2313.
Total: 5.530800 ms (FindLiveObjects: 0.238800 ms CreateObjectMapping: 0.110200 ms MarkObjects: 4.985100 ms  DeleteObjects: 0.195000 ms)

========================================================================
Received Import Request.
  Time since last request: 29.602513 seconds.
  path: Assets/Scenes/Corredor.unity
  artifactKey: Guid(a69535fa2dac2ce4493132ffab5f25cd) Importer(815301076,1909f56bfc062723c751e8b465ee728b)
Start importing Assets/Scenes/Corredor.unity using Guid(a69535fa2dac2ce4493132ffab5f25cd) Importer(815301076,1909f56bfc062723c751e8b465ee728b)  -> (artifact id: '64118d655baa8d9687d936986072b717') in 0.038999 seconds
  Import took 0.063428 seconds .

========================================================================
Received Prepare
Registering precompiled user dll's ...
Registered in 0.001747 seconds.
Begin MonoManager ReloadAssembly
Native extension for WindowsStandalone target not found
Native extension for WebGL target not found
Refreshing native plugins compatible for Editor in 0.89 ms, found 1 plugins.
Preloading 0 native plugins for Editor in 0.00 ms.
Mono: successfully reloaded assembly
- Completed reload, in  5.005 seconds
Platform modules already initialized, skipping
Refreshing native plugins compatible for Editor in 0.83 ms, found 1 plugins.
Preloading 0 native plugins for Editor in 0.00 ms.
Unloading 1811 Unused Serialized files (Serialized files now loaded: 0)
System memory in use before: 87.0 MB.
System memory in use after: 86.9 MB.

Unloading 12 unused Assets to reduce memory usage. Loaded Objects now: 2317.
Total: 6.438600 ms (FindLiveObjects: 0.368200 ms CreateObjectMapping: 0.189800 ms MarkObjects: 5.687700 ms  DeleteObjects: 0.190600 ms)

========================================================================
Received Import Request.
  Time since last request: 570.987151 seconds.
  path: Assets/Fonts/charIcon.png
  artifactKey: Guid(a9ea26127aa9b364e924f88309eec99d) Importer(815301076,1909f56bfc062723c751e8b465ee728b)
Start importing Assets/Fonts/charIcon.png using Guid(a9ea26127aa9b364e924f88309eec99d) Importer(815301076,1909f56bfc062723c751e8b465ee728b)  -> (artifact id: '51819b02a7d89d2eb45d15f28b7d8598') in 0.408120 seconds
  Import took 0.457933 seconds .

========================================================================
Received Import Request.
  Time since last request: 0.047953 seconds.
  path: Assets/Fonts/mapa2.png
  artifactKey: Guid(5cc4ce3857c1c9b468dd3979f9390e95) Importer(815301076,1909f56bfc062723c751e8b465ee728b)
Start importing Assets/Fonts/mapa2.png using Guid(5cc4ce3857c1c9b468dd3979f9390e95) Importer(815301076,1909f56bfc062723c751e8b465ee728b)  -> (artifact id: '19ab0e1d8dca2ca99453e7492a3cc6ba') in 0.177302 seconds
  Import took 0.311071 seconds .

========================================================================
Received Import Request.
  Time since last request: 0.000416 seconds.
  path: Assets/Fonts/mapa1.png
  artifactKey: Guid(2565caf2c45f6924ab87755be33a6e5b) Importer(815301076,1909f56bfc062723c751e8b465ee728b)
Start importing Assets/Fonts/mapa1.png using Guid(2565caf2c45f6924ab87755be33a6e5b) Importer(815301076,1909f56bfc062723c751e8b465ee728b)  -> (artifact id: '209dfc26046482224ee76290d32f969a') in 0.152424 seconds
  Import took 0.175286 seconds .

========================================================================
Received Prepare
Registering precompiled user dll's ...
Registered in 0.078332 seconds.
Begin MonoManager ReloadAssembly
Native extension for WindowsStandalone target not found
Native extension for WebGL target not found
Refreshing native plugins compatible for Editor in 8.42 ms, found 1 plugins.
Preloading 0 native plugins for Editor in 0.00 ms.
Mono: successfully reloaded assembly
- Completed reload, in  7.225 seconds
Platform modules already initialized, skipping
Refreshing native plugins compatible for Editor in 4.82 ms, found 1 plugins.
Preloading 0 native plugins for Editor in 0.00 ms.
Unloading 1811 Unused Serialized files (Serialized files now loaded: 0)
System memory in use before: 90.0 MB.
System memory in use after: 90.0 MB.

Unloading 12 unused Assets to reduce memory usage. Loaded Objects now: 2329.
Total: 11.125400 ms (FindLiveObjects: 1.456800 ms CreateObjectMapping: 5.422900 ms MarkObjects: 4.021500 ms  DeleteObjects: 0.220600 ms)

========================================================================
Received Import Request.
  Time since last request: 412.486586 seconds.
  path: Assets/Scenes/Lobby.unity
  artifactKey: Guid(a4f083f1f4303f24fb0af1ff6abb1e0b) Importer(815301076,1909f56bfc062723c751e8b465ee728b)
Start importing Assets/Scenes/Lobby.unity using Guid(a4f083f1f4303f24fb0af1ff6abb1e0b) Importer(815301076,1909f56bfc062723c751e8b465ee728b)  -> (artifact id: 'aa042df0db2a86be7478ab694e4654cc') in 0.084930 seconds
  Import took 0.102569 seconds .

========================================================================
Received Import Request.
  Time since last request: 70.639268 seconds.
  path: Assets/Scenes/Corredor.unity
  artifactKey: Guid(a69535fa2dac2ce4493132ffab5f25cd) Importer(815301076,1909f56bfc062723c751e8b465ee728b)
Start importing Assets/Scenes/Corredor.unity using Guid(a69535fa2dac2ce4493132ffab5f25cd) Importer(815301076,1909f56bfc062723c751e8b465ee728b)  -> (artifact id: '4db8f34e0dba9eed5496aa1570a3ffea') in 0.049244 seconds
  Import took 0.069302 seconds .

========================================================================
Received Prepare
Registering precompiled user dll's ...
Registered in 0.003426 seconds.
Begin MonoManager ReloadAssembly
Native extension for WindowsStandalone target not found
Native extension for WebGL target not found
Refreshing native plugins compatible for Editor in 9.47 ms, found 1 plugins.
Preloading 0 native plugins for Editor in 0.00 ms.
Mono: successfully reloaded assembly
- Completed reload, in  3.109 seconds
Platform modules already initialized, skipping
Refreshing native plugins compatible for Editor in 0.53 ms, found 1 plugins.
Preloading 0 native plugins for Editor in 0.00 ms.
Unloading 1811 Unused Serialized files (Serialized files now loaded: 0)
System memory in use before: 90.1 MB.
System memory in use after: 90.0 MB.

Unloading 12 unused Assets to reduce memory usage. Loaded Objects now: 2333.
Total: 5.564500 ms (FindLiveObjects: 1.299400 ms CreateObjectMapping: 0.200100 ms MarkObjects: 3.401900 ms  DeleteObjects: 0.660700 ms)

========================================================================
Received Prepare
Registering precompiled user dll's ...
Registered in 0.003105 seconds.
Begin MonoManager ReloadAssembly
Native extension for WindowsStandalone target not found
Native extension for WebGL target not found
Refreshing native plugins compatible for Editor in 5.02 ms, found 1 plugins.
Preloading 0 native plugins for Editor in 0.00 ms.
Mono: successfully reloaded assembly
- Completed reload, in 23.788 seconds
Platform modules already initialized, skipping
Refreshing native plugins compatible for Editor in 1.78 ms, found 1 plugins.
Preloading 0 native plugins for Editor in 0.00 ms.
Unloading 1811 Unused Serialized files (Serialized files now loaded: 0)
System memory in use before: 90.1 MB.
System memory in use after: 90.0 MB.

Unloading 12 unused Assets to reduce memory usage. Loaded Objects now: 2337.
Total: 4.569700 ms (FindLiveObjects: 0.339900 ms CreateObjectMapping: 0.138300 ms MarkObjects: 3.914300 ms  DeleteObjects: 0.174700 ms)

========================================================================
Received Prepare
Registering precompiled user dll's ...
Registered in 0.003178 seconds.
Begin MonoManager ReloadAssembly
Native extension for WindowsStandalone target not found
Native extension for WebGL target not found
Refreshing native plugins compatible for Editor in 1.07 ms, found 1 plugins.
Preloading 0 native plugins for Editor in 0.00 ms.
Mono: successfully reloaded assembly
- Completed reload, in  3.803 seconds
Platform modules already initialized, skipping
Refreshing native plugins compatible for Editor in 0.73 ms, found 1 plugins.
Preloading 0 native plugins for Editor in 0.00 ms.
Unloading 1811 Unused Serialized files (Serialized files now loaded: 0)
System memory in use before: 90.1 MB.
System memory in use after: 90.0 MB.

Unloading 12 unused Assets to reduce memory usage. Loaded Objects now: 2341.
Total: 5.194100 ms (FindLiveObjects: 0.427000 ms CreateObjectMapping: 0.159700 ms MarkObjects: 4.406300 ms  DeleteObjects: 0.198900 ms)

========================================================================
Received Import Request.
  Time since last request: 190.131762 seconds.
  path: Assets/Prefabs/MonologoTemplate.prefab
  artifactKey: Guid(d4410f4c3c69af2408a511715bac5adc) Importer(815301076,1909f56bfc062723c751e8b465ee728b)
Start importing Assets/Prefabs/MonologoTemplate.prefab using Guid(d4410f4c3c69af2408a511715bac5adc) Importer(815301076,1909f56bfc062723c751e8b465ee728b)  -> (artifact id: '8d04c4d5e1f1db52e9cb2156c3f73c26') in 0.397239 seconds
  Import took 0.415783 seconds .

========================================================================
Received Import Request.
  Time since last request: 39.971561 seconds.
  path: Assets/Backgrounds/Porao
  artifactKey: Guid(0019af553f4b17d4bb9a52454c84d290) Importer(815301076,1909f56bfc062723c751e8b465ee728b)
Start importing Assets/Backgrounds/Porao using Guid(0019af553f4b17d4bb9a52454c84d290) Importer(815301076,1909f56bfc062723c751e8b465ee728b)  -> (artifact id: '33c1f798dc125c34366e23ee5fa5c306') in 0.078139 seconds
  Import took 0.095613 seconds .

========================================================================
Received Import Request.
  Time since last request: 0.000331 seconds.
  path: Assets/Backgrounds/Porao/escada.png
  artifactKey: Guid(2eff3081a55ef0746b84d1384e190833) Importer(815301076,1909f56bfc062723c751e8b465ee728b)
Start importing Assets/Backgrounds/Porao/escada.png using Guid(2eff3081a55ef0746b84d1384e190833) Importer(815301076,1909f56bfc062723c751e8b465ee728b)  -> (artifact id: '9500d933a1497412e424cc3c82a54b82') in 0.194060 seconds
  Import took 0.224601 seconds .

========================================================================
Received Import Request.
  Time since last request: 0.000445 seconds.
  path: Assets/Backgrounds/Porao/sala.png
  artifactKey: Guid(5a6404bbf5b8d98419cb68e993ab9aab) Importer(815301076,1909f56bfc062723c751e8b465ee728b)
Start importing Assets/Backgrounds/Porao/sala.png using Guid(5a6404bbf5b8d98419cb68e993ab9aab) Importer(815301076,1909f56bfc062723c751e8b465ee728b)  -> (artifact id: 'c7b82cfbb0db32ae0c06ba5293cc4a51') in 0.113614 seconds
  Import took 0.195995 seconds .

========================================================================
Received Import Request.
  Time since last request: 14.199475 seconds.
  path: Assets/Scenes/Por達o.unity
  artifactKey: Guid(395b11b789dfcf843bcc7a8c396c9e26) Importer(815301076,1909f56bfc062723c751e8b465ee728b)
Start importing Assets/Scenes/Por達o.unity using Guid(395b11b789dfcf843bcc7a8c396c9e26) Importer(815301076,1909f56bfc062723c751e8b465ee728b)  -> (artifact id: '33fbfa117761433cb1b108270d886a2c') in 0.071941 seconds
  Import took 0.086978 seconds .

========================================================================
Received Import Request.
  Time since last request: 43.652452 seconds.
  path: Assets/Backgrounds/Porao/Materials
  artifactKey: Guid(96d0bbd8a7417714f80e746e15d0ea9b) Importer(815301076,1909f56bfc062723c751e8b465ee728b)
Start importing Assets/Backgrounds/Porao/Materials using Guid(96d0bbd8a7417714f80e746e15d0ea9b) Importer(815301076,1909f56bfc062723c751e8b465ee728b)  -> (artifact id: 'bf4be1521fa46dc5fafc2a560cbc29fa') in 0.071478 seconds
  Import took 0.093444 seconds .

========================================================================
Received Import Request.
  Time since last request: 0.000129 seconds.
  path: Assets/Backgrounds/Porao/Materials/escada.mat
  artifactKey: Guid(7643e0c37987fac47b4c1cb418e38aa0) Importer(815301076,1909f56bfc062723c751e8b465ee728b)
Start importing Assets/Backgrounds/Porao/Materials/escada.mat using Guid(7643e0c37987fac47b4c1cb418e38aa0) Importer(815301076,1909f56bfc062723c751e8b465ee728b)  -> (artifact id: '9ce7f74fe1b2d96cc8f63c9f0f347c91') in 0.258541 seconds
  Import took 0.318311 seconds .

========================================================================
Received Import Request.
  Time since last request: 60.999687 seconds.
  path: Assets/Backgrounds/Porao/escada.png
  artifactKey: Guid(2eff3081a55ef0746b84d1384e190833) Importer(815301076,1909f56bfc062723c751e8b465ee728b)
Start importing Assets/Backgrounds/Porao/escada.png using Guid(2eff3081a55ef0746b84d1384e190833) Importer(815301076,1909f56bfc062723c751e8b465ee728b)  -> (artifact id: 'a9f737d037806fed68b07f831a06d15b') in 0.113838 seconds
  Import took 0.134948 seconds .

========================================================================
Received Import Request.
  Time since last request: 272.523559 seconds.
  path: Assets/Scripts/SceneChanger1.cs
  artifactKey: Guid(b2a5e659e1927bf4f99392f796a1566e) Importer(815301076,1909f56bfc062723c751e8b465ee728b)
Start importing Assets/Scripts/SceneChanger1.cs using Guid(b2a5e659e1927bf4f99392f796a1566e) Importer(815301076,1909f56bfc062723c751e8b465ee728b)  -> (artifact id: 'e9e60c8ef8c2ec8ce669ee98d94758e1') in 0.088207 seconds
  Import took 0.115661 seconds .

========================================================================
Received Import Request.
  Time since last request: 51.157846 seconds.
  path: Assets/Scenes/Corredor.unity
  artifactKey: Guid(a69535fa2dac2ce4493132ffab5f25cd) Importer(815301076,1909f56bfc062723c751e8b465ee728b)
Start importing Assets/Scenes/Corredor.unity using Guid(a69535fa2dac2ce4493132ffab5f25cd) Importer(815301076,1909f56bfc062723c751e8b465ee728b)  -> (artifact id: '906fae64c4d87fe2655e1d04995e2d2c') in 0.714639 seconds
  Import took 0.740458 seconds .

========================================================================
Received Prepare
Registering precompiled user dll's ...
Registered in 0.003387 seconds.
Begin MonoManager ReloadAssembly
Native extension for WindowsStandalone target not found
Native extension for WebGL target not found
Refreshing native plugins compatible for Editor in 0.75 ms, found 1 plugins.
Preloading 0 native plugins for Editor in 0.00 ms.
Mono: successfully reloaded assembly
- Completed reload, in  5.088 seconds
Platform modules already initialized, skipping
Refreshing native plugins compatible for Editor in 1.78 ms, found 1 plugins.
Preloading 0 native plugins for Editor in 0.00 ms.
Unloading 1811 Unused Serialized files (Serialized files now loaded: 0)
System memory in use before: 90.4 MB.
System memory in use after: 90.4 MB.

Unloading 13 unused Assets to reduce memory usage. Loaded Objects now: 2390.
Total: 5.397700 ms (FindLiveObjects: 0.238000 ms CreateObjectMapping: 0.100600 ms MarkObjects: 4.431000 ms  DeleteObjects: 0.626500 ms)

========================================================================
Received Prepare
Registering precompiled user dll's ...
Registered in 0.005981 seconds.
Begin MonoManager ReloadAssembly
Native extension for WindowsStandalone target not found
Native extension for WebGL target not found
Refreshing native plugins compatible for Editor in 0.41 ms, found 1 plugins.
Preloading 0 native plugins for Editor in 0.00 ms.
Mono: successfully reloaded assembly
- Completed reload, in  4.347 seconds
Platform modules already initialized, skipping
Refreshing native plugins compatible for Editor in 0.74 ms, found 1 plugins.
Preloading 0 native plugins for Editor in 0.00 ms.
Unloading 1811 Unused Serialized files (Serialized files now loaded: 0)
System memory in use before: 90.4 MB.
System memory in use after: 90.4 MB.

Unloading 12 unused Assets to reduce memory usage. Loaded Objects now: 2394.
Total: 5.936800 ms (FindLiveObjects: 0.344400 ms CreateObjectMapping: 0.148200 ms MarkObjects: 5.260600 ms  DeleteObjects: 0.181400 ms)

========================================================================
Received Import Request.
  Time since last request: 212.810913 seconds.
  path: Assets/Scenes/Por達o.unity
  artifactKey: Guid(395b11b789dfcf843bcc7a8c396c9e26) Importer(815301076,1909f56bfc062723c751e8b465ee728b)
Start importing Assets/Scenes/Por達o.unity using Guid(395b11b789dfcf843bcc7a8c396c9e26) Importer(815301076,1909f56bfc062723c751e8b465ee728b)  -> (artifact id: '3ffba7365bf725ed10d31dbf18d3420e') in 0.155116 seconds
  Import took 0.172209 seconds .

========================================================================
Received Prepare
Registering precompiled user dll's ...
Registered in 0.005557 seconds.
Begin MonoManager ReloadAssembly
Native extension for WindowsStandalone target not found
Native extension for WebGL target not found
Refreshing native plugins compatible for Editor in 0.88 ms, found 1 plugins.
Preloading 0 native plugins for Editor in 0.00 ms.
Mono: successfully reloaded assembly
- Completed reload, in  4.122 seconds
Platform modules already initialized, skipping
Refreshing native plugins compatible for Editor in 1.48 ms, found 1 plugins.
Preloading 0 native plugins for Editor in 0.00 ms.
Unloading 1811 Unused Serialized files (Serialized files now loaded: 0)
System memory in use before: 90.5 MB.
System memory in use after: 90.4 MB.

Unloading 12 unused Assets to reduce memory usage. Loaded Objects now: 2398.
Total: 7.655600 ms (FindLiveObjects: 0.352600 ms CreateObjectMapping: 0.226800 ms MarkObjects: 6.902900 ms  DeleteObjects: 0.171500 ms)

========================================================================
Received Prepare
Registering precompiled user dll's ...
Registered in 0.004496 seconds.
Begin MonoManager ReloadAssembly
Native extension for WindowsStandalone target not found
Native extension for WebGL target not found
Refreshing native plugins compatible for Editor in 1.70 ms, found 1 plugins.
Preloading 0 native plugins for Editor in 0.00 ms.
Mono: successfully reloaded assembly
- Completed reload, in  5.801 seconds
Platform modules already initialized, skipping
Refreshing native plugins compatible for Editor in 0.76 ms, found 1 plugins.
Preloading 0 native plugins for Editor in 0.00 ms.
Unloading 1811 Unused Serialized files (Serialized files now loaded: 0)
System memory in use before: 90.5 MB.
System memory in use after: 90.5 MB.

Unloading 12 unused Assets to reduce memory usage. Loaded Objects now: 2402.
Total: 6.217600 ms (FindLiveObjects: 0.361800 ms CreateObjectMapping: 0.143300 ms MarkObjects: 4.985600 ms  DeleteObjects: 0.724600 ms)

========================================================================
Received Prepare
Registering precompiled user dll's ...
Registered in 0.008744 seconds.
Begin MonoManager ReloadAssembly
Native extension for WindowsStandalone target not found
Native extension for WebGL target not found
Refreshing native plugins compatible for Editor in 0.67 ms, found 1 plugins.
Preloading 0 native plugins for Editor in 0.00 ms.
Mono: successfully reloaded assembly
- Completed reload, in 10.230 seconds
Platform modules already initialized, skipping
Refreshing native plugins compatible for Editor in 0.66 ms, found 1 plugins.
Preloading 0 native plugins for Editor in 0.00 ms.
Unloading 1811 Unused Serialized files (Serialized files now loaded: 0)
System memory in use before: 90.5 MB.
System memory in use after: 90.5 MB.

Unloading 12 unused Assets to reduce memory usage. Loaded Objects now: 2406.
Total: 4.001300 ms (FindLiveObjects: 0.341300 ms CreateObjectMapping: 0.194100 ms MarkObjects: 3.283600 ms  DeleteObjects: 0.180600 ms)

========================================================================
Received Prepare
Registering precompiled user dll's ...
Registered in 0.008563 seconds.
Begin MonoManager ReloadAssembly
Native extension for WindowsStandalone target not found
Native extension for WebGL target not found
Refreshing native plugins compatible for Editor in 3.83 ms, found 1 plugins.
Preloading 0 native plugins for Editor in 0.00 ms.
Mono: successfully reloaded assembly
- Completed reload, in  5.618 seconds
Platform modules already initialized, skipping
Refreshing native plugins compatible for Editor in 1.76 ms, found 1 plugins.
Preloading 0 native plugins for Editor in 0.00 ms.
Unloading 1811 Unused Serialized files (Serialized files now loaded: 0)
System memory in use before: 90.5 MB.
System memory in use after: 90.5 MB.

Unloading 12 unused Assets to reduce memory usage. Loaded Objects now: 2410.
Total: 12.195600 ms (FindLiveObjects: 0.606400 ms CreateObjectMapping: 2.605900 ms MarkObjects: 8.790800 ms  DeleteObjects: 0.190600 ms)

========================================================================
Received Import Request.
  Time since last request: 321.478827 seconds.
  path: Assets/Scenes/2QuartoCofre.unity
  artifactKey: Guid(6709912545644cd43be2b955a5a892c6) Importer(815301076,1909f56bfc062723c751e8b465ee728b)
Start importing Assets/Scenes/2QuartoCofre.unity using Guid(6709912545644cd43be2b955a5a892c6) Importer(815301076,1909f56bfc062723c751e8b465ee728b)  -> (artifact id: '15c48aef7681568fc47647d510fb1b54') in 0.155198 seconds
  Import took 0.179373 seconds .

========================================================================
Received Import Request.
  Time since last request: 4.669904 seconds.
  path: Assets/Backgrounds/A2/QuartoCofre/janela.png
  artifactKey: Guid(4525304ba228d3e42a5c0b6bd17a2754) Importer(815301076,1909f56bfc062723c751e8b465ee728b)
Start importing Assets/Backgrounds/A2/QuartoCofre/janela.png using Guid(4525304ba228d3e42a5c0b6bd17a2754) Importer(815301076,1909f56bfc062723c751e8b465ee728b)  -> (artifact id: '442d51e8551d5fd0a1e37fe7c0d87534') in 0.291074 seconds
  Import took 0.317335 seconds .

========================================================================
Received Prepare
Registering precompiled user dll's ...
Registered in 0.264982 seconds.
Begin MonoManager ReloadAssembly
Native extension for WindowsStandalone target not found
Native extension for WebGL target not found
Refreshing native plugins compatible for Editor in 0.97 ms, found 1 plugins.
Preloading 0 native plugins for Editor in 0.00 ms.
Mono: successfully reloaded assembly
- Completed reload, in  7.212 seconds
Platform modules already initialized, skipping
Refreshing native plugins compatible for Editor in 0.76 ms, found 1 plugins.
Preloading 0 native plugins for Editor in 0.00 ms.
Unloading 1811 Unused Serialized files (Serialized files now loaded: 0)
System memory in use before: 90.5 MB.
System memory in use after: 90.5 MB.

Unloading 12 unused Assets to reduce memory usage. Loaded Objects now: 2417.
Total: 5.044400 ms (FindLiveObjects: 0.283400 ms CreateObjectMapping: 0.099200 ms MarkObjects: 4.426000 ms  DeleteObjects: 0.233400 ms)

AssetImportWorkerClient::OnTransportError - code=2 error=End of file
