Using pre-set license
Built from '2020.3/staging' branch; Version is '2020.3.8f1 (507919d4fff5) revision 5273881'; Using compiler version '192528614'; Build Type 'Release'
OS: 'Windows 10 Home Single Language; OS build 19042.1237; Version 2009; 64bit' Language: 'pt' Physical Memory: 16282 MB
BatchMode: 1, IsHumanControllingUs: 0, StartBugReporterOnCrash: 0, Is64bit: 1, IsPro: 0

 COMMAND LINE ARGUMENTS:
C:\Program Files\Unity\Hub\Editor\2020.3.8f1\Editor\Unity.exe
-adb2
-batchMode
-noUpm
-name
AssetImportWorker0
-projectPath
C:/Users/franc/OneDrive/Documentos/Programas/Unity projects/ProjeteGame2021/ProjeteGame
-logFile
Logs/AssetImportWorker0.log
-srvPort
56709
Successfully changed project path to: C:/Users/franc/OneDrive/Documentos/Programas/Unity projects/ProjeteGame2021/ProjeteGame
C:/Users/franc/OneDrive/Documentos/Programas/Unity projects/ProjeteGame2021/ProjeteGame
Using Asset Import Pipeline V2.
Refreshing native plugins compatible for Editor in 103.61 ms, found 1 plugins.
Preloading 0 native plugins for Editor in 0.00 ms.
Initialize engine version: 2020.3.8f1 (507919d4fff5)
[Subsystems] Discovering subsystems at path C:/Program Files/Unity/Hub/Editor/2020.3.8f1/Editor/Data/Resources/UnitySubsystems
[Subsystems] Discovering subsystems at path C:/Users/franc/OneDrive/Documentos/Programas/Unity projects/ProjeteGame2021/ProjeteGame/Assets
GfxDevice: creating device client; threaded=0
Direct3D:
    Version:  Direct3D 11.0 [level 11.0]
    Renderer: NVIDIA GeForce 940MX (ID=0x134d)
    Vendor:   
    VRAM:     4055 MB
    Driver:   27.21.14.5167
Initialize mono
Mono path[0] = 'C:/Program Files/Unity/Hub/Editor/2020.3.8f1/Editor/Data/Managed'
Mono path[1] = 'C:/Program Files/Unity/Hub/Editor/2020.3.8f1/Editor/Data/MonoBleedingEdge/lib/mono/unityjit'
Mono config path = 'C:/Program Files/Unity/Hub/Editor/2020.3.8f1/Editor/Data/MonoBleedingEdge/etc'
Using monoOptions --debugger-agent=transport=dt_socket,embedding=1,server=y,suspend=n,address=127.0.0.1:56840
Begin MonoManager ReloadAssembly
Registering precompiled unity dll's ...
Register platform support module: C:/Program Files/Unity/Hub/Editor/2020.3.8f1/Editor/Data/PlaybackEngines/WebGLSupport/UnityEditor.WebGL.Extensions.dll
Register platform support module: C:/Program Files/Unity/Hub/Editor/2020.3.8f1/Editor/Data/PlaybackEngines/WindowsStandaloneSupport/UnityEditor.WindowsStandalone.Extensions.dll
Registered in 0.006955 seconds.
Native extension for WindowsStandalone target not found
Native extension for WebGL target not found
Refreshing native plugins compatible for Editor in 96.84 ms, found 1 plugins.
Preloading 0 native plugins for Editor in 0.00 ms.
Mono: successfully reloaded assembly
- Completed reload, in  5.143 seconds
Platform modules already initialized, skipping
Registering precompiled user dll's ...
Registered in 0.003357 seconds.
Begin MonoManager ReloadAssembly
Native extension for WindowsStandalone target not found
Native extension for WebGL target not found
Refreshing native plugins compatible for Editor in 138.69 ms, found 1 plugins.
Preloading 0 native plugins for Editor in 0.00 ms.
Mono: successfully reloaded assembly
- Completed reload, in  3.340 seconds
Platform modules already initialized, skipping
========================================================================
Worker process is ready to serve import requests
Launched and connected shader compiler UnityShaderCompiler.exe after 0.11 seconds
Refreshing native plugins compatible for Editor in 1.23 ms, found 1 plugins.
Preloading 0 native plugins for Editor in 0.00 ms.
Unloading 1826 Unused Serialized files (Serialized files now loaded: 0)
System memory in use before: 87.9 MB.
System memory in use after: 87.8 MB.

Unloading 24 unused Assets to reduce memory usage. Loaded Objects now: 2269.
Total: 4.757100 ms (FindLiveObjects: 0.395800 ms CreateObjectMapping: 0.162900 ms MarkObjects: 4.035300 ms  DeleteObjects: 0.161000 ms)

========================================================================
Received Import Request.
  path: Assets/Backgrounds/Papers/LaptopBg.png
  artifactKey: Guid(302964479817ae2428279e4a9de164a5) Importer(815301076,1909f56bfc062723c751e8b465ee728b)
Start importing Assets/Backgrounds/Papers/LaptopBg.png using Guid(302964479817ae2428279e4a9de164a5) Importer(815301076,1909f56bfc062723c751e8b465ee728b)  -> (artifact id: 'aaab15753aab2f8b6006f6683e5b7089') in 0.574835 seconds
  Import took 0.587228 seconds .

========================================================================
Received Import Request.
  Time since last request: 89.110946 seconds.
  path: Assets/Backgrounds/Papers/Laptop.png
  artifactKey: Guid(80ba5caa3231ea344951b208711c23f1) Importer(815301076,1909f56bfc062723c751e8b465ee728b)
Start importing Assets/Backgrounds/Papers/Laptop.png using Guid(80ba5caa3231ea344951b208711c23f1) Importer(815301076,1909f56bfc062723c751e8b465ee728b)  -> (artifact id: 'f02e011ea64c61c3b2e99e6d382541bd') in 0.175050 seconds
  Import took 0.222201 seconds .

========================================================================
Received Import Request.
  Time since last request: 726.989160 seconds.
  path: Assets/Backgrounds/Papers/EmailIcon.png
  artifactKey: Guid(6d51142ed593cbc49beb7be11d14babd) Importer(815301076,1909f56bfc062723c751e8b465ee728b)
Start importing Assets/Backgrounds/Papers/EmailIcon.png using Guid(6d51142ed593cbc49beb7be11d14babd) Importer(815301076,1909f56bfc062723c751e8b465ee728b)  -> (artifact id: 'c864908c7462f483fe313dd6ae41df76') in 0.237158 seconds
  Import took 0.257423 seconds .

========================================================================
Received Import Request.
  Time since last request: 56.923156 seconds.
  path: Assets/Backgrounds/Papers/EmailIcon.png
  artifactKey: Guid(6d51142ed593cbc49beb7be11d14babd) Importer(815301076,1909f56bfc062723c751e8b465ee728b)
Start importing Assets/Backgrounds/Papers/EmailIcon.png using Guid(6d51142ed593cbc49beb7be11d14babd) Importer(815301076,1909f56bfc062723c751e8b465ee728b)  -> (artifact id: '9fea8be45d002da3681b00bf723b9ef2') in 0.102234 seconds
  Import took 0.135397 seconds .

========================================================================
Received Import Request.
  Time since last request: 125.746331 seconds.
  path: Assets/Backgrounds/Papers/Daco_4087421.png
  artifactKey: Guid(79616abb9e254ee478cbd2427feb99c0) Importer(815301076,1909f56bfc062723c751e8b465ee728b)
Start importing Assets/Backgrounds/Papers/Daco_4087421.png using Guid(79616abb9e254ee478cbd2427feb99c0) Importer(815301076,1909f56bfc062723c751e8b465ee728b)  -> (artifact id: 'e6b1dd32ab3028a6e62acf55e37fce23') in 0.118577 seconds
  Import took 0.151502 seconds .

========================================================================
Received Import Request.
  Time since last request: 32.743497 seconds.
  path: Assets/Backgrounds/Papers/EmailIcon.png
  artifactKey: Guid(79616abb9e254ee478cbd2427feb99c0) Importer(815301076,1909f56bfc062723c751e8b465ee728b)
Start importing Assets/Backgrounds/Papers/EmailIcon.png using Guid(79616abb9e254ee478cbd2427feb99c0) Importer(815301076,1909f56bfc062723c751e8b465ee728b)  -> (artifact id: '438b775e4d2fd57afd79f3b0a2194ce8') in 0.130307 seconds
  Import took 0.150002 seconds .

========================================================================
Received Import Request.
  Time since last request: 904.119517 seconds.
  path: Assets/Fonts/ComputerFont
  artifactKey: Guid(60b95ef2e7c5217438ce9f86e8abc3e1) Importer(815301076,1909f56bfc062723c751e8b465ee728b)
Start importing Assets/Fonts/ComputerFont using Guid(60b95ef2e7c5217438ce9f86e8abc3e1) Importer(815301076,1909f56bfc062723c751e8b465ee728b)  -> (artifact id: 'c93351e16f3bec69a221743322e79421') in 0.052202 seconds
  Import took 0.167839 seconds .

========================================================================
Received Import Request.
  Time since last request: 0.000539 seconds.
  path: Assets/Fonts/ComputerFont/antaro.otf
  artifactKey: Guid(8d65ccc884530f54eb8e224a2cdd6420) Importer(815301076,1909f56bfc062723c751e8b465ee728b)
Start importing Assets/Fonts/ComputerFont/antaro.otf using Guid(8d65ccc884530f54eb8e224a2cdd6420) Importer(815301076,1909f56bfc062723c751e8b465ee728b)  -> (artifact id: '19a001b7376b017894e04bbe9e50b72e') in 0.259593 seconds
  Import took 0.340526 seconds .

========================================================================
Received Import Request.
  Time since last request: 0.000374 seconds.
  path: Assets/Fonts/ComputerFont/Antaro.ttf
  artifactKey: Guid(422e9e77a4dd4bb4985362d694e2b471) Importer(815301076,1909f56bfc062723c751e8b465ee728b)
Start importing Assets/Fonts/ComputerFont/Antaro.ttf using Guid(422e9e77a4dd4bb4985362d694e2b471) Importer(815301076,1909f56bfc062723c751e8b465ee728b)  -> (artifact id: '438469063653a85f54e26f676c3f751c') in 0.171120 seconds
  Import took 0.193781 seconds .

========================================================================
Received Import Request.
  Time since last request: 36.890964 seconds.
  path: Assets/Fonts/ComputerFont/Antaro.asset
  artifactKey: Guid(39db5accbc12f41438296cf7198fed87) Importer(815301076,1909f56bfc062723c751e8b465ee728b)
Start importing Assets/Fonts/ComputerFont/Antaro.asset using Guid(39db5accbc12f41438296cf7198fed87) Importer(815301076,1909f56bfc062723c751e8b465ee728b)  -> (artifact id: '018d9a78139ec38d0ed98c7d05a1a298') in 0.361280 seconds
  Import took 0.379639 seconds .

========================================================================
Received Prepare
Registering precompiled user dll's ...
Registered in 0.003337 seconds.
Begin MonoManager ReloadAssembly
Native extension for WindowsStandalone target not found
Native extension for WebGL target not found
Refreshing native plugins compatible for Editor in 1.47 ms, found 1 plugins.
Preloading 0 native plugins for Editor in 0.00 ms.
Mono: successfully reloaded assembly
- Completed reload, in  3.960 seconds
Platform modules already initialized, skipping
Refreshing native plugins compatible for Editor in 0.93 ms, found 1 plugins.
Preloading 0 native plugins for Editor in 0.00 ms.
Unloading 1808 Unused Serialized files (Serialized files now loaded: 0)
System memory in use before: 89.9 MB.
System memory in use after: 89.9 MB.

Unloading 12 unused Assets to reduce memory usage. Loaded Objects now: 2325.
Total: 4.596800 ms (FindLiveObjects: 0.777600 ms CreateObjectMapping: 0.913300 ms MarkObjects: 2.411700 ms  DeleteObjects: 0.492100 ms)

========================================================================
Received Prepare
Registering precompiled user dll's ...
Registered in 0.003923 seconds.
Begin MonoManager ReloadAssembly
Native extension for WindowsStandalone target not found
Native extension for WebGL target not found
Refreshing native plugins compatible for Editor in 0.53 ms, found 1 plugins.
Preloading 0 native plugins for Editor in 0.00 ms.
Mono: successfully reloaded assembly
- Completed reload, in  3.003 seconds
Platform modules already initialized, skipping
Refreshing native plugins compatible for Editor in 1.76 ms, found 1 plugins.
Preloading 0 native plugins for Editor in 0.00 ms.
Unloading 1808 Unused Serialized files (Serialized files now loaded: 0)
System memory in use before: 90.0 MB.
System memory in use after: 90.0 MB.

Unloading 12 unused Assets to reduce memory usage. Loaded Objects now: 2329.
Total: 4.928300 ms (FindLiveObjects: 0.363700 ms CreateObjectMapping: 0.126600 ms MarkObjects: 4.223000 ms  DeleteObjects: 0.213100 ms)

========================================================================
Received Prepare
Registering precompiled user dll's ...
Registered in 0.004329 seconds.
Begin MonoManager ReloadAssembly
Native extension for WindowsStandalone target not found
Native extension for WebGL target not found
Refreshing native plugins compatible for Editor in 26.30 ms, found 1 plugins.
Preloading 0 native plugins for Editor in 0.00 ms.
Mono: successfully reloaded assembly
- Completed reload, in  2.841 seconds
Platform modules already initialized, skipping
Refreshing native plugins compatible for Editor in 0.60 ms, found 1 plugins.
Preloading 0 native plugins for Editor in 0.00 ms.
Unloading 1808 Unused Serialized files (Serialized files now loaded: 0)
System memory in use before: 90.0 MB.
System memory in use after: 90.0 MB.

Unloading 12 unused Assets to reduce memory usage. Loaded Objects now: 2333.
Total: 4.482500 ms (FindLiveObjects: 0.364900 ms CreateObjectMapping: 0.113100 ms MarkObjects: 3.817200 ms  DeleteObjects: 0.182300 ms)

========================================================================
Received Prepare
Registering precompiled user dll's ...
Registered in 0.011450 seconds.
Begin MonoManager ReloadAssembly
Native extension for WindowsStandalone target not found
Native extension for WebGL target not found
Refreshing native plugins compatible for Editor in 0.42 ms, found 1 plugins.
Preloading 0 native plugins for Editor in 0.00 ms.
Mono: successfully reloaded assembly
- Completed reload, in  2.794 seconds
Platform modules already initialized, skipping
Refreshing native plugins compatible for Editor in 0.41 ms, found 1 plugins.
Preloading 0 native plugins for Editor in 0.00 ms.
Unloading 1808 Unused Serialized files (Serialized files now loaded: 0)
System memory in use before: 90.0 MB.
System memory in use after: 90.0 MB.

Unloading 12 unused Assets to reduce memory usage. Loaded Objects now: 2337.
Total: 6.599000 ms (FindLiveObjects: 0.335300 ms CreateObjectMapping: 0.154800 ms MarkObjects: 5.892700 ms  DeleteObjects: 0.214600 ms)

========================================================================
Received Prepare
Registering precompiled user dll's ...
Registered in 0.005490 seconds.
Begin MonoManager ReloadAssembly
Native extension for WindowsStandalone target not found
Native extension for WebGL target not found
Refreshing native plugins compatible for Editor in 0.72 ms, found 1 plugins.
Preloading 0 native plugins for Editor in 0.00 ms.
Mono: successfully reloaded assembly
- Completed reload, in  3.860 seconds
Platform modules already initialized, skipping
Refreshing native plugins compatible for Editor in 0.46 ms, found 1 plugins.
Preloading 0 native plugins for Editor in 0.00 ms.
Unloading 1808 Unused Serialized files (Serialized files now loaded: 0)
System memory in use before: 90.0 MB.
System memory in use after: 90.0 MB.

Unloading 12 unused Assets to reduce memory usage. Loaded Objects now: 2341.
Total: 4.185400 ms (FindLiveObjects: 0.284200 ms CreateObjectMapping: 0.104000 ms MarkObjects: 3.593000 ms  DeleteObjects: 0.201800 ms)

========================================================================
Received Prepare
Registering precompiled user dll's ...
Registered in 0.006449 seconds.
Begin MonoManager ReloadAssembly
Native extension for WindowsStandalone target not found
Native extension for WebGL target not found
Refreshing native plugins compatible for Editor in 3.13 ms, found 1 plugins.
Preloading 0 native plugins for Editor in 0.00 ms.
Mono: successfully reloaded assembly
- Completed reload, in  4.598 seconds
Platform modules already initialized, skipping
Refreshing native plugins compatible for Editor in 0.79 ms, found 1 plugins.
Preloading 0 native plugins for Editor in 0.00 ms.
Unloading 1808 Unused Serialized files (Serialized files now loaded: 0)
System memory in use before: 90.0 MB.
System memory in use after: 90.0 MB.

Unloading 12 unused Assets to reduce memory usage. Loaded Objects now: 2345.
Total: 75.108900 ms (FindLiveObjects: 0.355500 ms CreateObjectMapping: 0.142700 ms MarkObjects: 74.350800 ms  DeleteObjects: 0.258000 ms)

AssetImportWorkerClient::OnTransportError - code=2 error=End of file
