Using pre-set license
Built from '2020.3/staging' branch; Version is '2020.3.8f1 (507919d4fff5) revision 5273881'; Using compiler version '192528614'; Build Type 'Release'
OS: 'Windows 10 Home Single Language; OS build 19042.1165; Version 2009; 64bit' Language: 'pt' Physical Memory: 16282 MB
BatchMode: 1, IsHumanControllingUs: 0, StartBugReporterOnCrash: 0, Is64bit: 1, IsPro: 0

 COMMAND LINE ARGUMENTS:
C:\Program Files\Unity\Hub\Editor\2020.3.8f1\Editor\Unity.exe
-adb2
-batchMode
-noUpm
-name
AssetImportWorker4
-projectPath
C:/Users/franc/OneDrive/Documentos/Programas/Unity projects/ProjeteGame2021/ProjeteGame
-logFile
Logs/AssetImportWorker4.log
-srvPort
59271
Successfully changed project path to: C:/Users/franc/OneDrive/Documentos/Programas/Unity projects/ProjeteGame2021/ProjeteGame
C:/Users/franc/OneDrive/Documentos/Programas/Unity projects/ProjeteGame2021/ProjeteGame
Using Asset Import Pipeline V2.
Refreshing native plugins compatible for Editor in 126.89 ms, found 1 plugins.
Preloading 0 native plugins for Editor in 0.00 ms.
Initialize engine version: 2020.3.8f1 (507919d4fff5)
[Subsystems] Discovering subsystems at path C:/Program Files/Unity/Hub/Editor/2020.3.8f1/Editor/Data/Resources/UnitySubsystems
[Subsystems] Discovering subsystems at path C:/Users/franc/OneDrive/Documentos/Programas/Unity projects/ProjeteGame2021/ProjeteGame/Assets
GfxDevice: creating device client; threaded=0
Direct3D:
    Version:  Direct3D 11.0 [level 11.0]
    Renderer: NVIDIA GeForce 940MX (ID=0x134d)
    Vendor:   
    VRAM:     4055 MB
    Driver:   27.21.14.5167
Initialize mono
Mono path[0] = 'C:/Program Files/Unity/Hub/Editor/2020.3.8f1/Editor/Data/Managed'
Mono path[1] = 'C:/Program Files/Unity/Hub/Editor/2020.3.8f1/Editor/Data/MonoBleedingEdge/lib/mono/unityjit'
Mono config path = 'C:/Program Files/Unity/Hub/Editor/2020.3.8f1/Editor/Data/MonoBleedingEdge/etc'
Using monoOptions --debugger-agent=transport=dt_socket,embedding=1,server=y,suspend=n,address=127.0.0.1:56240
Begin MonoManager ReloadAssembly
Registering precompiled unity dll's ...
Register platform support module: C:/Program Files/Unity/Hub/Editor/2020.3.8f1/Editor/Data/PlaybackEngines/WebGLSupport/UnityEditor.WebGL.Extensions.dll
Register platform support module: C:/Program Files/Unity/Hub/Editor/2020.3.8f1/Editor/Data/PlaybackEngines/WindowsStandaloneSupport/UnityEditor.WindowsStandalone.Extensions.dll
Registered in 0.005914 seconds.
Native extension for WindowsStandalone target not found
Native extension for WebGL target not found
Refreshing native plugins compatible for Editor in 177.60 ms, found 1 plugins.
Preloading 0 native plugins for Editor in 0.00 ms.
Mono: successfully reloaded assembly
- Completed reload, in  4.354 seconds
Platform modules already initialized, skipping
Registering precompiled user dll's ...
Registered in 0.003001 seconds.
Begin MonoManager ReloadAssembly
Native extension for WindowsStandalone target not found
Native extension for WebGL target not found
Refreshing native plugins compatible for Editor in 88.58 ms, found 1 plugins.
Preloading 0 native plugins for Editor in 0.00 ms.
Mono: successfully reloaded assembly
- Completed reload, in  2.789 seconds
Platform modules already initialized, skipping
========================================================================
Worker process is ready to serve import requests
Launched and connected shader compiler UnityShaderCompiler.exe after 0.10 seconds
Refreshing native plugins compatible for Editor in 0.79 ms, found 1 plugins.
Preloading 0 native plugins for Editor in 0.00 ms.
Unloading 1811 Unused Serialized files (Serialized files now loaded: 0)
System memory in use before: 85.6 MB.
System memory in use after: 85.5 MB.

Unloading 24 unused Assets to reduce memory usage. Loaded Objects now: 2253.
Total: 4.018600 ms (FindLiveObjects: 0.359900 ms CreateObjectMapping: 0.160600 ms MarkObjects: 3.268300 ms  DeleteObjects: 0.226600 ms)

========================================================================
Received Import Request.
  path: Assets/Scripts/CameraController.cs
  artifactKey: Guid(9afb25bca870f784b855ab10d4c6d639) Importer(815301076,1909f56bfc062723c751e8b465ee728b)
Start importing Assets/Scripts/CameraController.cs using Guid(9afb25bca870f784b855ab10d4c6d639) Importer(815301076,1909f56bfc062723c751e8b465ee728b)  -> (artifact id: 'cbae6201784e2677c51a6fc89eb8497c') in 0.085933 seconds
  Import took 0.098147 seconds .

========================================================================
Received Import Request.
  Time since last request: 151.434576 seconds.
  path: Assets/Scripts/CameraController.cs
  artifactKey: Guid(9afb25bca870f784b855ab10d4c6d639) Importer(815301076,1909f56bfc062723c751e8b465ee728b)
Start importing Assets/Scripts/CameraController.cs using Guid(9afb25bca870f784b855ab10d4c6d639) Importer(815301076,1909f56bfc062723c751e8b465ee728b)  -> (artifact id: 'c0c1cba6f51c285e6f1e5bf490d8b8cd') in 0.103901 seconds
  Import took 0.119781 seconds .

========================================================================
Received Prepare
Registering precompiled user dll's ...
Registered in 0.007541 seconds.
Begin MonoManager ReloadAssembly
Native extension for WindowsStandalone target not found
Native extension for WebGL target not found
Refreshing native plugins compatible for Editor in 1.24 ms, found 1 plugins.
Preloading 0 native plugins for Editor in 0.00 ms.
Mono: successfully reloaded assembly
- Completed reload, in  3.419 seconds
Platform modules already initialized, skipping
Refreshing native plugins compatible for Editor in 0.66 ms, found 1 plugins.
Preloading 0 native plugins for Editor in 0.00 ms.
Unloading 1806 Unused Serialized files (Serialized files now loaded: 0)
System memory in use before: 85.6 MB.
System memory in use after: 85.5 MB.

Unloading 12 unused Assets to reduce memory usage. Loaded Objects now: 2257.
Total: 4.385000 ms (FindLiveObjects: 0.470600 ms CreateObjectMapping: 0.235100 ms MarkObjects: 3.484000 ms  DeleteObjects: 0.187800 ms)

========================================================================
Received Prepare
Registering precompiled user dll's ...
Registered in 0.002085 seconds.
Begin MonoManager ReloadAssembly
Native extension for WindowsStandalone target not found
Native extension for WebGL target not found
Refreshing native plugins compatible for Editor in 9.02 ms, found 1 plugins.
Preloading 0 native plugins for Editor in 0.00 ms.
Mono: successfully reloaded assembly
- Completed reload, in 20.869 seconds
Platform modules already initialized, skipping
Refreshing native plugins compatible for Editor in 0.95 ms, found 1 plugins.
Preloading 0 native plugins for Editor in 0.00 ms.
Unloading 1806 Unused Serialized files (Serialized files now loaded: 0)
System memory in use before: 85.6 MB.
System memory in use after: 85.6 MB.

Unloading 12 unused Assets to reduce memory usage. Loaded Objects now: 2261.
Total: 10.413500 ms (FindLiveObjects: 3.035100 ms CreateObjectMapping: 0.620500 ms MarkObjects: 6.576000 ms  DeleteObjects: 0.179900 ms)

========================================================================
Received Prepare
Registering precompiled user dll's ...
Registered in 0.002019 seconds.
Begin MonoManager ReloadAssembly
Native extension for WindowsStandalone target not found
Native extension for WebGL target not found
Refreshing native plugins compatible for Editor in 0.84 ms, found 1 plugins.
Preloading 0 native plugins for Editor in 0.00 ms.
Mono: successfully reloaded assembly
- Completed reload, in  3.691 seconds
Platform modules already initialized, skipping
Refreshing native plugins compatible for Editor in 3.01 ms, found 1 plugins.
Preloading 0 native plugins for Editor in 0.00 ms.
Unloading 1806 Unused Serialized files (Serialized files now loaded: 0)
System memory in use before: 85.6 MB.
System memory in use after: 85.6 MB.

Unloading 12 unused Assets to reduce memory usage. Loaded Objects now: 2265.
Total: 5.709900 ms (FindLiveObjects: 0.763100 ms CreateObjectMapping: 0.171900 ms MarkObjects: 4.648300 ms  DeleteObjects: 0.124800 ms)

========================================================================
Received Prepare
Registering precompiled user dll's ...
Registered in 0.003505 seconds.
Begin MonoManager ReloadAssembly
Native extension for WindowsStandalone target not found
Native extension for WebGL target not found
Refreshing native plugins compatible for Editor in 0.41 ms, found 1 plugins.
Preloading 0 native plugins for Editor in 0.00 ms.
Mono: successfully reloaded assembly
- Completed reload, in  3.473 seconds
Platform modules already initialized, skipping
Refreshing native plugins compatible for Editor in 1.07 ms, found 1 plugins.
Preloading 0 native plugins for Editor in 0.00 ms.
Unloading 1806 Unused Serialized files (Serialized files now loaded: 0)
System memory in use before: 85.7 MB.
System memory in use after: 85.6 MB.

Unloading 12 unused Assets to reduce memory usage. Loaded Objects now: 2269.
Total: 5.613200 ms (FindLiveObjects: 0.387300 ms CreateObjectMapping: 0.139300 ms MarkObjects: 4.873300 ms  DeleteObjects: 0.211400 ms)

========================================================================
Received Import Request.
  Time since last request: 184.872738 seconds.
  path: Assets/Scenes/Lobby.unity
  artifactKey: Guid(a4f083f1f4303f24fb0af1ff6abb1e0b) Importer(815301076,1909f56bfc062723c751e8b465ee728b)
Start importing Assets/Scenes/Lobby.unity using Guid(a4f083f1f4303f24fb0af1ff6abb1e0b) Importer(815301076,1909f56bfc062723c751e8b465ee728b)  -> (artifact id: '49082fca92ac82a848a4658a5e945c44') in 0.090028 seconds
  Import took 0.101982 seconds .

========================================================================
Received Import Request.
  Time since last request: 23.853900 seconds.
  path: Assets/Scenes/SalaDeJogos.unity
  artifactKey: Guid(2b520d9a529f0e6429011344b8fbc25b) Importer(815301076,1909f56bfc062723c751e8b465ee728b)
Start importing Assets/Scenes/SalaDeJogos.unity using Guid(2b520d9a529f0e6429011344b8fbc25b) Importer(815301076,1909f56bfc062723c751e8b465ee728b)  -> (artifact id: '02a9b11ac17c6d40dab3f6096fc7405a') in 0.077241 seconds
  Import took 0.109639 seconds .

========================================================================
Received Import Request.
  Time since last request: 32.766306 seconds.
  path: Assets/Scenes/Corredor.unity
  artifactKey: Guid(a69535fa2dac2ce4493132ffab5f25cd) Importer(815301076,1909f56bfc062723c751e8b465ee728b)
Start importing Assets/Scenes/Corredor.unity using Guid(a69535fa2dac2ce4493132ffab5f25cd) Importer(815301076,1909f56bfc062723c751e8b465ee728b)  -> (artifact id: 'af9c3e0b71a80acad92663d3490445e6') in 0.075312 seconds
  Import took 0.084460 seconds .

========================================================================
Received Import Request.
  Time since last request: 8.675817 seconds.
  path: Assets/Scenes/Escritório.unity
  artifactKey: Guid(26001fe23071672489a8c57612aa6ec6) Importer(815301076,1909f56bfc062723c751e8b465ee728b)
Start importing Assets/Scenes/Escritório.unity using Guid(26001fe23071672489a8c57612aa6ec6) Importer(815301076,1909f56bfc062723c751e8b465ee728b)  -> (artifact id: '91a79a1e0c3668159e5846068800bcb8') in 0.083354 seconds
  Import took 0.097990 seconds .

========================================================================
Received Prepare
Registering precompiled user dll's ...
Registered in 0.003286 seconds.
Begin MonoManager ReloadAssembly
Native extension for WindowsStandalone target not found
Native extension for WebGL target not found
Refreshing native plugins compatible for Editor in 0.76 ms, found 1 plugins.
Preloading 0 native plugins for Editor in 0.00 ms.
Mono: successfully reloaded assembly
- Completed reload, in  3.630 seconds
Platform modules already initialized, skipping
Refreshing native plugins compatible for Editor in 0.76 ms, found 1 plugins.
Preloading 0 native plugins for Editor in 0.00 ms.
Unloading 1806 Unused Serialized files (Serialized files now loaded: 0)
System memory in use before: 85.7 MB.
System memory in use after: 85.7 MB.

Unloading 12 unused Assets to reduce memory usage. Loaded Objects now: 2273.
Total: 4.245100 ms (FindLiveObjects: 0.290900 ms CreateObjectMapping: 0.106900 ms MarkObjects: 3.631000 ms  DeleteObjects: 0.214100 ms)

========================================================================
Received Import Request.
  Time since last request: 8.986441 seconds.
  path: Assets/Scenes/SalaDeJantar.unity
  artifactKey: Guid(092d8ea6589841547bf16c6594076f3f) Importer(815301076,1909f56bfc062723c751e8b465ee728b)
Start importing Assets/Scenes/SalaDeJantar.unity using Guid(092d8ea6589841547bf16c6594076f3f) Importer(815301076,1909f56bfc062723c751e8b465ee728b)  -> (artifact id: '0612005ecb409567c85a392f4dde2411') in 0.156734 seconds
  Import took 0.179087 seconds .

========================================================================
Received Import Request.
  Time since last request: 98.823190 seconds.
  path: Assets/Scenes/Corredor.unity
  artifactKey: Guid(a69535fa2dac2ce4493132ffab5f25cd) Importer(815301076,1909f56bfc062723c751e8b465ee728b)
Start importing Assets/Scenes/Corredor.unity using Guid(a69535fa2dac2ce4493132ffab5f25cd) Importer(815301076,1909f56bfc062723c751e8b465ee728b)  -> (artifact id: '9f45c41338e195225de379aba0286013') in 0.042537 seconds
  Import took 0.053726 seconds .

========================================================================
Received Prepare
Registering precompiled user dll's ...
Registered in 0.003386 seconds.
Begin MonoManager ReloadAssembly
Native extension for WindowsStandalone target not found
Native extension for WebGL target not found
Refreshing native plugins compatible for Editor in 3.71 ms, found 1 plugins.
Preloading 0 native plugins for Editor in 0.00 ms.
Mono: successfully reloaded assembly
- Completed reload, in  3.557 seconds
Platform modules already initialized, skipping
Refreshing native plugins compatible for Editor in 0.74 ms, found 1 plugins.
Preloading 0 native plugins for Editor in 0.00 ms.
Unloading 1806 Unused Serialized files (Serialized files now loaded: 0)
System memory in use before: 85.7 MB.
System memory in use after: 85.7 MB.

Unloading 12 unused Assets to reduce memory usage. Loaded Objects now: 2277.
Total: 6.087900 ms (FindLiveObjects: 0.364600 ms CreateObjectMapping: 0.150400 ms MarkObjects: 5.302400 ms  DeleteObjects: 0.268300 ms)

========================================================================
Received Prepare
Registering precompiled user dll's ...
Registered in 0.003076 seconds.
Begin MonoManager ReloadAssembly
Native extension for WindowsStandalone target not found
Native extension for WebGL target not found
Refreshing native plugins compatible for Editor in 1.04 ms, found 1 plugins.
Preloading 0 native plugins for Editor in 0.00 ms.
Mono: successfully reloaded assembly
- Completed reload, in 17.325 seconds
Platform modules already initialized, skipping
Refreshing native plugins compatible for Editor in 3.20 ms, found 1 plugins.
Preloading 0 native plugins for Editor in 0.00 ms.
Unloading 1806 Unused Serialized files (Serialized files now loaded: 0)
System memory in use before: 85.7 MB.
System memory in use after: 85.7 MB.

Unloading 12 unused Assets to reduce memory usage. Loaded Objects now: 2281.
Total: 10.982700 ms (FindLiveObjects: 0.465600 ms CreateObjectMapping: 0.312800 ms MarkObjects: 10.016300 ms  DeleteObjects: 0.185600 ms)

========================================================================
Received Prepare
Registering precompiled user dll's ...
Registered in 0.001735 seconds.
Begin MonoManager ReloadAssembly
Native extension for WindowsStandalone target not found
Native extension for WebGL target not found
Refreshing native plugins compatible for Editor in 0.65 ms, found 1 plugins.
Preloading 0 native plugins for Editor in 0.00 ms.
Mono: successfully reloaded assembly
- Completed reload, in  3.522 seconds
Platform modules already initialized, skipping
Refreshing native plugins compatible for Editor in 1.23 ms, found 1 plugins.
Preloading 0 native plugins for Editor in 0.00 ms.
Unloading 1806 Unused Serialized files (Serialized files now loaded: 0)
System memory in use before: 85.7 MB.
System memory in use after: 85.7 MB.

Unloading 12 unused Assets to reduce memory usage. Loaded Objects now: 2285.
Total: 24.149100 ms (FindLiveObjects: 0.342500 ms CreateObjectMapping: 0.619700 ms MarkObjects: 22.999400 ms  DeleteObjects: 0.185600 ms)

========================================================================
Received Prepare
Registering precompiled user dll's ...
Registered in 0.004024 seconds.
Begin MonoManager ReloadAssembly
Native extension for WindowsStandalone target not found
Native extension for WebGL target not found
Refreshing native plugins compatible for Editor in 0.42 ms, found 1 plugins.
Preloading 0 native plugins for Editor in 0.00 ms.
Mono: successfully reloaded assembly
- Completed reload, in  3.333 seconds
Platform modules already initialized, skipping
Refreshing native plugins compatible for Editor in 1.84 ms, found 1 plugins.
Preloading 0 native plugins for Editor in 0.00 ms.
Unloading 1806 Unused Serialized files (Serialized files now loaded: 0)
System memory in use before: 85.8 MB.
System memory in use after: 85.7 MB.

Unloading 12 unused Assets to reduce memory usage. Loaded Objects now: 2289.
Total: 12.638900 ms (FindLiveObjects: 0.924300 ms CreateObjectMapping: 1.613700 ms MarkObjects: 9.965900 ms  DeleteObjects: 0.132800 ms)

========================================================================
Received Prepare
Registering precompiled user dll's ...
Registered in 0.002756 seconds.
Begin MonoManager ReloadAssembly
Native extension for WindowsStandalone target not found
Native extension for WebGL target not found
Refreshing native plugins compatible for Editor in 0.77 ms, found 1 plugins.
Preloading 0 native plugins for Editor in 0.00 ms.
Mono: successfully reloaded assembly
- Completed reload, in 14.499 seconds
Platform modules already initialized, skipping
Refreshing native plugins compatible for Editor in 1.13 ms, found 1 plugins.
Preloading 0 native plugins for Editor in 0.00 ms.
Unloading 1806 Unused Serialized files (Serialized files now loaded: 0)
System memory in use before: 85.8 MB.
System memory in use after: 85.7 MB.

Unloading 12 unused Assets to reduce memory usage. Loaded Objects now: 2293.
Total: 16.321900 ms (FindLiveObjects: 0.410400 ms CreateObjectMapping: 0.152500 ms MarkObjects: 15.537700 ms  DeleteObjects: 0.219000 ms)

========================================================================
Received Prepare
Registering precompiled user dll's ...
Registered in 0.006372 seconds.
Begin MonoManager ReloadAssembly
Native extension for WindowsStandalone target not found
Native extension for WebGL target not found
Refreshing native plugins compatible for Editor in 0.63 ms, found 1 plugins.
Preloading 0 native plugins for Editor in 0.00 ms.
Mono: successfully reloaded assembly
- Completed reload, in 17.031 seconds
Platform modules already initialized, skipping
Refreshing native plugins compatible for Editor in 0.77 ms, found 1 plugins.
Preloading 0 native plugins for Editor in 0.00 ms.
Unloading 1806 Unused Serialized files (Serialized files now loaded: 0)
System memory in use before: 85.8 MB.
System memory in use after: 85.7 MB.

Unloading 12 unused Assets to reduce memory usage. Loaded Objects now: 2297.
Total: 14.128700 ms (FindLiveObjects: 0.963700 ms CreateObjectMapping: 0.675200 ms MarkObjects: 11.970700 ms  DeleteObjects: 0.516700 ms)

========================================================================
Received Prepare
Registering precompiled user dll's ...
Registered in 0.003140 seconds.
Begin MonoManager ReloadAssembly
Native extension for WindowsStandalone target not found
Native extension for WebGL target not found
Refreshing native plugins compatible for Editor in 1.89 ms, found 1 plugins.
Preloading 0 native plugins for Editor in 0.00 ms.
Mono: successfully reloaded assembly
- Completed reload, in 17.717 seconds
Platform modules already initialized, skipping
Refreshing native plugins compatible for Editor in 0.97 ms, found 1 plugins.
Preloading 0 native plugins for Editor in 0.00 ms.
Unloading 1806 Unused Serialized files (Serialized files now loaded: 0)
System memory in use before: 85.8 MB.
System memory in use after: 85.7 MB.

Unloading 12 unused Assets to reduce memory usage. Loaded Objects now: 2301.
Total: 11.306400 ms (FindLiveObjects: 1.801000 ms CreateObjectMapping: 0.269700 ms MarkObjects: 8.914900 ms  DeleteObjects: 0.318200 ms)

========================================================================
Received Prepare
Registering precompiled user dll's ...
Registered in 0.003433 seconds.
Begin MonoManager ReloadAssembly
Native extension for WindowsStandalone target not found
Native extension for WebGL target not found
Refreshing native plugins compatible for Editor in 0.79 ms, found 1 plugins.
Preloading 0 native plugins for Editor in 0.00 ms.
Mono: successfully reloaded assembly
- Completed reload, in  4.524 seconds
Platform modules already initialized, skipping
Refreshing native plugins compatible for Editor in 0.65 ms, found 1 plugins.
Preloading 0 native plugins for Editor in 0.00 ms.
Unloading 1806 Unused Serialized files (Serialized files now loaded: 0)
System memory in use before: 85.8 MB.
System memory in use after: 85.8 MB.

Unloading 12 unused Assets to reduce memory usage. Loaded Objects now: 2305.
Total: 5.776000 ms (FindLiveObjects: 0.364900 ms CreateObjectMapping: 0.331000 ms MarkObjects: 4.901800 ms  DeleteObjects: 0.176000 ms)

========================================================================
Received Import Request.
  Time since last request: 675.614534 seconds.
  path: Assets/Backgrounds/Banheiro
  artifactKey: Guid(cf7a28c3b4b39464c81bc3b5e631399d) Importer(815301076,1909f56bfc062723c751e8b465ee728b)
Start importing Assets/Backgrounds/Banheiro using Guid(cf7a28c3b4b39464c81bc3b5e631399d) Importer(815301076,1909f56bfc062723c751e8b465ee728b)  -> (artifact id: 'd71cfb22d9bb02ef08d4e371a5ff8e6e') in 0.050866 seconds
  Import took 0.066327 seconds .

========================================================================
Received Import Request.
  Time since last request: 0.000084 seconds.
  path: Assets/Backgrounds/Banheiro/vaso.png
  artifactKey: Guid(887b2f95c5744df46aee24361821ae47) Importer(815301076,1909f56bfc062723c751e8b465ee728b)
Start importing Assets/Backgrounds/Banheiro/vaso.png using Guid(887b2f95c5744df46aee24361821ae47) Importer(815301076,1909f56bfc062723c751e8b465ee728b)  -> (artifact id: '3422965406a8c8fc143785413592cab7') in 0.527054 seconds
  Import took 0.537669 seconds .

========================================================================
Received Import Request.
  Time since last request: 0.000343 seconds.
  path: Assets/Backgrounds/Banheiro/sala.png
  artifactKey: Guid(64a11480a41a3614da395f42e0f19cd7) Importer(815301076,1909f56bfc062723c751e8b465ee728b)
Start importing Assets/Backgrounds/Banheiro/sala.png using Guid(64a11480a41a3614da395f42e0f19cd7) Importer(815301076,1909f56bfc062723c751e8b465ee728b)  -> (artifact id: '1beaf1947daf7aba7a12258a5815a585') in 0.205635 seconds
  Import took 0.213457 seconds .

========================================================================
Received Import Request.
  Time since last request: 0.001589 seconds.
  path: Assets/Backgrounds/Banheiro/banheira.png
  artifactKey: Guid(ab6f9aa0313400441b59611d7feebe8e) Importer(815301076,1909f56bfc062723c751e8b465ee728b)
Start importing Assets/Backgrounds/Banheiro/banheira.png using Guid(ab6f9aa0313400441b59611d7feebe8e) Importer(815301076,1909f56bfc062723c751e8b465ee728b)  -> (artifact id: '5edb8b4c9d037e7e92f2e32f97915f97') in 0.175055 seconds
  Import took 0.215050 seconds .

========================================================================
Received Import Request.
  Time since last request: 0.000662 seconds.
  path: Assets/Backgrounds/Banheiro/pia.png
  artifactKey: Guid(19c5290b32a0e0848b3e677d11482091) Importer(815301076,1909f56bfc062723c751e8b465ee728b)
Start importing Assets/Backgrounds/Banheiro/pia.png using Guid(19c5290b32a0e0848b3e677d11482091) Importer(815301076,1909f56bfc062723c751e8b465ee728b)  -> (artifact id: 'fce066d50e1ffac94eec23eb0db04ebc') in 0.214839 seconds
  Import took 0.223256 seconds .

========================================================================
Received Import Request.
  Time since last request: 33.769589 seconds.
  path: Assets/Scenes/Banheiro.unity
  artifactKey: Guid(21b4bdc027f75504ab8db3355323186f) Importer(815301076,1909f56bfc062723c751e8b465ee728b)
Start importing Assets/Scenes/Banheiro.unity using Guid(21b4bdc027f75504ab8db3355323186f) Importer(815301076,1909f56bfc062723c751e8b465ee728b)  -> (artifact id: '972db20e1fd9d16aa53a55910200808e') in 0.064071 seconds
  Import took 0.075173 seconds .

========================================================================
Received Prepare
Registering precompiled user dll's ...
Registered in 0.002407 seconds.
Begin MonoManager ReloadAssembly
Native extension for WindowsStandalone target not found
Native extension for WebGL target not found
Refreshing native plugins compatible for Editor in 1.34 ms, found 1 plugins.
Preloading 0 native plugins for Editor in 0.00 ms.
Mono: successfully reloaded assembly
- Completed reload, in 22.605 seconds
Platform modules already initialized, skipping
Refreshing native plugins compatible for Editor in 1.17 ms, found 1 plugins.
Preloading 0 native plugins for Editor in 0.00 ms.
Unloading 1806 Unused Serialized files (Serialized files now loaded: 0)
System memory in use before: 88.9 MB.
System memory in use after: 88.9 MB.

Unloading 12 unused Assets to reduce memory usage. Loaded Objects now: 2321.
Total: 22.993500 ms (FindLiveObjects: 4.894200 ms CreateObjectMapping: 0.349500 ms MarkObjects: 17.523300 ms  DeleteObjects: 0.223600 ms)

========================================================================
Received Prepare
Registering precompiled user dll's ...
Registered in 0.002526 seconds.
Begin MonoManager ReloadAssembly
Native extension for WindowsStandalone target not found
Native extension for WebGL target not found
Refreshing native plugins compatible for Editor in 0.99 ms, found 1 plugins.
Preloading 0 native plugins for Editor in 0.00 ms.
Mono: successfully reloaded assembly
- Completed reload, in  3.827 seconds
Platform modules already initialized, skipping
Refreshing native plugins compatible for Editor in 0.94 ms, found 1 plugins.
Preloading 0 native plugins for Editor in 0.00 ms.
Unloading 1806 Unused Serialized files (Serialized files now loaded: 0)
System memory in use before: 88.9 MB.
System memory in use after: 88.9 MB.

Unloading 12 unused Assets to reduce memory usage. Loaded Objects now: 2325.
Total: 3.604400 ms (FindLiveObjects: 0.626300 ms CreateObjectMapping: 0.126300 ms MarkObjects: 2.719500 ms  DeleteObjects: 0.130700 ms)

========================================================================
Received Import Request.
  Time since last request: 1027.025567 seconds.
  path: Assets/Scenes/Corredor.unity
  artifactKey: Guid(a69535fa2dac2ce4493132ffab5f25cd) Importer(815301076,1909f56bfc062723c751e8b465ee728b)
Start importing Assets/Scenes/Corredor.unity using Guid(a69535fa2dac2ce4493132ffab5f25cd) Importer(815301076,1909f56bfc062723c751e8b465ee728b)  -> (artifact id: '1127babc2196aea6904c98b3324d3c4f') in 0.085153 seconds
  Import took 0.093813 seconds .

========================================================================
Received Import Request.
  Time since last request: 67.525271 seconds.
  path: Assets/Scenes/Banheiro.unity
  artifactKey: Guid(21b4bdc027f75504ab8db3355323186f) Importer(815301076,1909f56bfc062723c751e8b465ee728b)
Start importing Assets/Scenes/Banheiro.unity using Guid(21b4bdc027f75504ab8db3355323186f) Importer(815301076,1909f56bfc062723c751e8b465ee728b)  -> (artifact id: 'c0d3c13ecc57147f6bcaadfc8981f027') in 0.074095 seconds
  Import took 0.092924 seconds .

========================================================================
Received Import Request.
  Time since last request: 0.066306 seconds.
  path: Assets/Scenes/Banheiro.unity
  artifactKey: Guid(21b4bdc027f75504ab8db3355323186f) Importer(815301076,1909f56bfc062723c751e8b465ee728b)
Start importing Assets/Scenes/Banheiro.unity using Guid(21b4bdc027f75504ab8db3355323186f) Importer(815301076,1909f56bfc062723c751e8b465ee728b)  -> (artifact id: 'c0d3c13ecc57147f6bcaadfc8981f027') in 0.075115 seconds
  Import took 0.088580 seconds .

========================================================================
Received Prepare
Registering precompiled user dll's ...
Registered in 0.004870 seconds.
Begin MonoManager ReloadAssembly
Native extension for WindowsStandalone target not found
Native extension for WebGL target not found
Refreshing native plugins compatible for Editor in 2.91 ms, found 1 plugins.
Preloading 0 native plugins for Editor in 0.00 ms.
Mono: successfully reloaded assembly
- Completed reload, in  9.340 seconds
Platform modules already initialized, skipping
Refreshing native plugins compatible for Editor in 0.43 ms, found 1 plugins.
Preloading 0 native plugins for Editor in 0.00 ms.
Unloading 1806 Unused Serialized files (Serialized files now loaded: 0)
System memory in use before: 88.9 MB.
System memory in use after: 88.9 MB.

Unloading 12 unused Assets to reduce memory usage. Loaded Objects now: 2329.
Total: 5.513600 ms (FindLiveObjects: 0.230700 ms CreateObjectMapping: 0.092200 ms MarkObjects: 4.963300 ms  DeleteObjects: 0.225100 ms)

========================================================================
Received Prepare
Registering precompiled user dll's ...
Registered in 0.101913 seconds.
Begin MonoManager ReloadAssembly
Native extension for WindowsStandalone target not found
Native extension for WebGL target not found
Refreshing native plugins compatible for Editor in 0.69 ms, found 1 plugins.
Preloading 0 native plugins for Editor in 0.00 ms.
Mono: successfully reloaded assembly
- Completed reload, in  6.595 seconds
Platform modules already initialized, skipping
Refreshing native plugins compatible for Editor in 0.74 ms, found 1 plugins.
Preloading 0 native plugins for Editor in 0.00 ms.
Unloading 1806 Unused Serialized files (Serialized files now loaded: 0)
System memory in use before: 88.9 MB.
System memory in use after: 88.9 MB.

Unloading 12 unused Assets to reduce memory usage. Loaded Objects now: 2333.
Total: 6.487600 ms (FindLiveObjects: 0.547400 ms CreateObjectMapping: 0.163000 ms MarkObjects: 5.598500 ms  DeleteObjects: 0.176800 ms)

========================================================================
Received Prepare
Registering precompiled user dll's ...
Registered in 0.001820 seconds.
Begin MonoManager ReloadAssembly
Native extension for WindowsStandalone target not found
Native extension for WebGL target not found
Refreshing native plugins compatible for Editor in 0.45 ms, found 1 plugins.
Preloading 0 native plugins for Editor in 0.00 ms.
Mono: successfully reloaded assembly
- Completed reload, in  5.643 seconds
Platform modules already initialized, skipping
Refreshing native plugins compatible for Editor in 2.42 ms, found 1 plugins.
Preloading 0 native plugins for Editor in 0.00 ms.
Unloading 1806 Unused Serialized files (Serialized files now loaded: 0)
System memory in use before: 88.9 MB.
System memory in use after: 88.9 MB.

Unloading 12 unused Assets to reduce memory usage. Loaded Objects now: 2337.
Total: 3.898400 ms (FindLiveObjects: 0.343900 ms CreateObjectMapping: 0.136700 ms MarkObjects: 3.263400 ms  DeleteObjects: 0.152800 ms)

========================================================================
Received Import Request.
  Time since last request: 210.488529 seconds.
  path: Assets/Prefabs/player.prefab
  artifactKey: Guid(d6227a1699a8fde498745a5c569342c0) Importer(815301076,1909f56bfc062723c751e8b465ee728b)
Start importing Assets/Prefabs/player.prefab using Guid(d6227a1699a8fde498745a5c569342c0) Importer(815301076,1909f56bfc062723c751e8b465ee728b)  -> (artifact id: '12f9593fd903c9a9816860670bc5117d') in 0.453090 seconds
  Import took 0.526457 seconds .

========================================================================
Received Prepare
Registering precompiled user dll's ...
Registered in 0.004070 seconds.
Begin MonoManager ReloadAssembly
Native extension for WindowsStandalone target not found
Native extension for WebGL target not found
Refreshing native plugins compatible for Editor in 1.10 ms, found 1 plugins.
Preloading 0 native plugins for Editor in 0.00 ms.
Mono: successfully reloaded assembly
- Completed reload, in  5.060 seconds
Platform modules already initialized, skipping
Refreshing native plugins compatible for Editor in 0.97 ms, found 1 plugins.
Preloading 0 native plugins for Editor in 0.00 ms.
Unloading 1806 Unused Serialized files (Serialized files now loaded: 0)
System memory in use before: 89.0 MB.
System memory in use after: 89.0 MB.

Unloading 12 unused Assets to reduce memory usage. Loaded Objects now: 2346.
Total: 24.332100 ms (FindLiveObjects: 0.602800 ms CreateObjectMapping: 7.240500 ms MarkObjects: 15.955400 ms  DeleteObjects: 0.529700 ms)

========================================================================
Received Import Request.
  Time since last request: 51.978403 seconds.
  path: Assets/Scenes/Banheiro.unity
  artifactKey: Guid(21b4bdc027f75504ab8db3355323186f) Importer(815301076,1909f56bfc062723c751e8b465ee728b)
Start importing Assets/Scenes/Banheiro.unity using Guid(21b4bdc027f75504ab8db3355323186f) Importer(815301076,1909f56bfc062723c751e8b465ee728b)  -> (artifact id: 'e72bd07b7337a17c80a9b3e5976f2304') in 0.110852 seconds
  Import took 0.118393 seconds .

========================================================================
Received Import Request.
  Time since last request: 6.005735 seconds.
  path: Assets/Scenes/Escritório.unity
  artifactKey: Guid(26001fe23071672489a8c57612aa6ec6) Importer(815301076,1909f56bfc062723c751e8b465ee728b)
Start importing Assets/Scenes/Escritório.unity using Guid(26001fe23071672489a8c57612aa6ec6) Importer(815301076,1909f56bfc062723c751e8b465ee728b)  -> (artifact id: '2573c40f6ffdd9059f4cd8d7be6eb8cb') in 0.207692 seconds
  Import took 0.228705 seconds .

========================================================================
Received Import Request.
  Time since last request: 5.508812 seconds.
  path: Assets/Scenes/Lobby.unity
  artifactKey: Guid(a4f083f1f4303f24fb0af1ff6abb1e0b) Importer(815301076,1909f56bfc062723c751e8b465ee728b)
Start importing Assets/Scenes/Lobby.unity using Guid(a4f083f1f4303f24fb0af1ff6abb1e0b) Importer(815301076,1909f56bfc062723c751e8b465ee728b)  -> (artifact id: '913021c1142dd1b7f869b96eaa86c1e6') in 0.112167 seconds
  Import took 0.122766 seconds .

========================================================================
Received Import Request.
  Time since last request: 16.924970 seconds.
  path: Assets/Scenes/SalaDeJogos.unity
  artifactKey: Guid(2b520d9a529f0e6429011344b8fbc25b) Importer(815301076,1909f56bfc062723c751e8b465ee728b)
Start importing Assets/Scenes/SalaDeJogos.unity using Guid(2b520d9a529f0e6429011344b8fbc25b) Importer(815301076,1909f56bfc062723c751e8b465ee728b)  -> (artifact id: '1721eeb8d89652d3163cbd17f226370e') in 0.072913 seconds
  Import took 0.105200 seconds .

========================================================================
Received Import Request.
  Time since last request: 43.860194 seconds.
  path: Assets/Scenes/SalaDeJantar.unity
  artifactKey: Guid(092d8ea6589841547bf16c6594076f3f) Importer(815301076,1909f56bfc062723c751e8b465ee728b)
Start importing Assets/Scenes/SalaDeJantar.unity using Guid(092d8ea6589841547bf16c6594076f3f) Importer(815301076,1909f56bfc062723c751e8b465ee728b)  -> (artifact id: '9f044587f851881dec400c0ea5a71e70') in 0.050149 seconds
  Import took 0.065775 seconds .

========================================================================
Received Import Request.
  Time since last request: 86.615349 seconds.
  path: Assets/Scenes/Escritório.unity
  artifactKey: Guid(26001fe23071672489a8c57612aa6ec6) Importer(815301076,1909f56bfc062723c751e8b465ee728b)
Start importing Assets/Scenes/Escritório.unity using Guid(26001fe23071672489a8c57612aa6ec6) Importer(815301076,1909f56bfc062723c751e8b465ee728b)  -> (artifact id: '2cd6b5c778b29777bada8753741e739d') in 0.106420 seconds
  Import took 0.140357 seconds .

========================================================================
Received Import Request.
  Time since last request: 0.010539 seconds.
  path: Assets/Scenes/Escritório.unity
  artifactKey: Guid(26001fe23071672489a8c57612aa6ec6) Importer(815301076,1909f56bfc062723c751e8b465ee728b)
Start importing Assets/Scenes/Escritório.unity using Guid(26001fe23071672489a8c57612aa6ec6) Importer(815301076,1909f56bfc062723c751e8b465ee728b)  -> (artifact id: '2cd6b5c778b29777bada8753741e739d') in 0.081567 seconds
  Import took 0.101128 seconds .

========================================================================
Received Import Request.
  Time since last request: 55.649366 seconds.
  path: Assets/Scenes/Lobby.unity
  artifactKey: Guid(a4f083f1f4303f24fb0af1ff6abb1e0b) Importer(815301076,1909f56bfc062723c751e8b465ee728b)
Start importing Assets/Scenes/Lobby.unity using Guid(a4f083f1f4303f24fb0af1ff6abb1e0b) Importer(815301076,1909f56bfc062723c751e8b465ee728b)  -> (artifact id: 'a13daff0c422d31f6972f80c07bcf449') in 0.052042 seconds
  Import took 0.059244 seconds .

========================================================================
Received Prepare
Registering precompiled user dll's ...
Registered in 0.003274 seconds.
Begin MonoManager ReloadAssembly
Native extension for WindowsStandalone target not found
Native extension for WebGL target not found
Refreshing native plugins compatible for Editor in 0.41 ms, found 1 plugins.
Preloading 0 native plugins for Editor in 0.00 ms.
Mono: successfully reloaded assembly
- Completed reload, in  5.066 seconds
Platform modules already initialized, skipping
Refreshing native plugins compatible for Editor in 0.69 ms, found 1 plugins.
Preloading 0 native plugins for Editor in 0.00 ms.
Unloading 1806 Unused Serialized files (Serialized files now loaded: 0)
System memory in use before: 89.0 MB.
System memory in use after: 89.0 MB.

Unloading 12 unused Assets to reduce memory usage. Loaded Objects now: 2350.
Total: 19.121900 ms (FindLiveObjects: 0.386400 ms CreateObjectMapping: 0.132500 ms MarkObjects: 18.246100 ms  DeleteObjects: 0.354200 ms)

========================================================================
Received Import Request.
  Time since last request: 84.039597 seconds.
  path: Assets/Scenes/SalaDeJogos.unity
  artifactKey: Guid(2b520d9a529f0e6429011344b8fbc25b) Importer(815301076,1909f56bfc062723c751e8b465ee728b)
Start importing Assets/Scenes/SalaDeJogos.unity using Guid(2b520d9a529f0e6429011344b8fbc25b) Importer(815301076,1909f56bfc062723c751e8b465ee728b)  -> (artifact id: 'd82c996c9e837d46d7137c7d9bd19f8a') in 0.087471 seconds
  Import took 0.096155 seconds .

========================================================================
Received Prepare
Registering precompiled user dll's ...
Registered in 0.007171 seconds.
Begin MonoManager ReloadAssembly
Native extension for WindowsStandalone target not found
Native extension for WebGL target not found
Refreshing native plugins compatible for Editor in 0.45 ms, found 1 plugins.
Preloading 0 native plugins for Editor in 0.00 ms.
Mono: successfully reloaded assembly
- Completed reload, in  4.654 seconds
Platform modules already initialized, skipping
Refreshing native plugins compatible for Editor in 1.37 ms, found 1 plugins.
Preloading 0 native plugins for Editor in 0.00 ms.
Unloading 1806 Unused Serialized files (Serialized files now loaded: 0)
System memory in use before: 89.0 MB.
System memory in use after: 89.0 MB.

Unloading 12 unused Assets to reduce memory usage. Loaded Objects now: 2354.
Total: 9.195200 ms (FindLiveObjects: 1.283300 ms CreateObjectMapping: 0.184100 ms MarkObjects: 7.446300 ms  DeleteObjects: 0.279100 ms)

========================================================================
Received Prepare
Registering precompiled user dll's ...
Registered in 0.003185 seconds.
Begin MonoManager ReloadAssembly
Native extension for WindowsStandalone target not found
Native extension for WebGL target not found
Refreshing native plugins compatible for Editor in 1.08 ms, found 1 plugins.
Preloading 0 native plugins for Editor in 0.00 ms.
Mono: successfully reloaded assembly
- Completed reload, in 13.107 seconds
Platform modules already initialized, skipping
Refreshing native plugins compatible for Editor in 0.45 ms, found 1 plugins.
Preloading 0 native plugins for Editor in 0.00 ms.
Unloading 1806 Unused Serialized files (Serialized files now loaded: 0)
System memory in use before: 89.1 MB.
System memory in use after: 89.0 MB.

Unloading 12 unused Assets to reduce memory usage. Loaded Objects now: 2358.
Total: 4.438700 ms (FindLiveObjects: 0.344600 ms CreateObjectMapping: 0.112000 ms MarkObjects: 3.825300 ms  DeleteObjects: 0.154900 ms)

========================================================================
Received Prepare
Registering precompiled user dll's ...
Registered in 0.005365 seconds.
Begin MonoManager ReloadAssembly
Native extension for WindowsStandalone target not found
Native extension for WebGL target not found
Refreshing native plugins compatible for Editor in 1.13 ms, found 1 plugins.
Preloading 0 native plugins for Editor in 0.00 ms.
Mono: successfully reloaded assembly
- Completed reload, in 19.127 seconds
Platform modules already initialized, skipping
Refreshing native plugins compatible for Editor in 1.30 ms, found 1 plugins.
Preloading 0 native plugins for Editor in 0.00 ms.
Unloading 1806 Unused Serialized files (Serialized files now loaded: 0)
System memory in use before: 89.1 MB.
System memory in use after: 89.0 MB.

Unloading 12 unused Assets to reduce memory usage. Loaded Objects now: 2362.
Total: 15.307800 ms (FindLiveObjects: 0.392100 ms CreateObjectMapping: 0.243100 ms MarkObjects: 13.243100 ms  DeleteObjects: 1.427000 ms)

========================================================================
Received Prepare
Registering precompiled user dll's ...
Registered in 0.005714 seconds.
Begin MonoManager ReloadAssembly
Native extension for WindowsStandalone target not found
Native extension for WebGL target not found
Refreshing native plugins compatible for Editor in 0.81 ms, found 1 plugins.
Preloading 0 native plugins for Editor in 0.00 ms.
Mono: successfully reloaded assembly
- Completed reload, in 26.220 seconds
Platform modules already initialized, skipping
Refreshing native plugins compatible for Editor in 1.09 ms, found 1 plugins.
Preloading 0 native plugins for Editor in 0.00 ms.
Unloading 1806 Unused Serialized files (Serialized files now loaded: 0)
System memory in use before: 89.1 MB.
System memory in use after: 89.0 MB.

Unloading 12 unused Assets to reduce memory usage. Loaded Objects now: 2366.
Total: 10.831100 ms (FindLiveObjects: 1.218400 ms CreateObjectMapping: 0.480900 ms MarkObjects: 8.930700 ms  DeleteObjects: 0.199100 ms)

========================================================================
Received Import Request.
  Time since last request: 541.637805 seconds.
  path: Assets/Scenes/Lobby.unity
  artifactKey: Guid(a4f083f1f4303f24fb0af1ff6abb1e0b) Importer(815301076,1909f56bfc062723c751e8b465ee728b)
Start importing Assets/Scenes/Lobby.unity using Guid(a4f083f1f4303f24fb0af1ff6abb1e0b) Importer(815301076,1909f56bfc062723c751e8b465ee728b)  -> (artifact id: 'd6a0f51cd9877ab6045bc0d747eba7a3') in 0.065673 seconds
  Import took 0.079605 seconds .

========================================================================
Received Prepare
Registering precompiled user dll's ...
Registered in 0.006107 seconds.
Begin MonoManager ReloadAssembly
Native extension for WindowsStandalone target not found
Native extension for WebGL target not found
Refreshing native plugins compatible for Editor in 0.65 ms, found 1 plugins.
Preloading 0 native plugins for Editor in 0.00 ms.
Mono: successfully reloaded assembly
- Completed reload, in  3.642 seconds
Platform modules already initialized, skipping
Refreshing native plugins compatible for Editor in 1.22 ms, found 1 plugins.
Preloading 0 native plugins for Editor in 0.00 ms.
Unloading 1806 Unused Serialized files (Serialized files now loaded: 0)
System memory in use before: 89.1 MB.
System memory in use after: 89.1 MB.

Unloading 12 unused Assets to reduce memory usage. Loaded Objects now: 2370.
Total: 3.459200 ms (FindLiveObjects: 0.364300 ms CreateObjectMapping: 0.192200 ms MarkObjects: 2.766700 ms  DeleteObjects: 0.133800 ms)

========================================================================
Received Prepare
Registering precompiled user dll's ...
Registered in 0.005775 seconds.
Begin MonoManager ReloadAssembly
Native extension for WindowsStandalone target not found
Native extension for WebGL target not found
Refreshing native plugins compatible for Editor in 1.31 ms, found 1 plugins.
Preloading 0 native plugins for Editor in 0.00 ms.
Mono: successfully reloaded assembly
- Completed reload, in 12.197 seconds
Platform modules already initialized, skipping
Refreshing native plugins compatible for Editor in 0.71 ms, found 1 plugins.
Preloading 0 native plugins for Editor in 0.00 ms.
Unloading 1806 Unused Serialized files (Serialized files now loaded: 0)
System memory in use before: 89.1 MB.
System memory in use after: 89.1 MB.

Unloading 12 unused Assets to reduce memory usage. Loaded Objects now: 2374.
Total: 7.010600 ms (FindLiveObjects: 0.953400 ms CreateObjectMapping: 0.268500 ms MarkObjects: 5.471700 ms  DeleteObjects: 0.314900 ms)

========================================================================
Received Prepare
Registering precompiled user dll's ...
Registered in 0.002473 seconds.
Begin MonoManager ReloadAssembly
Native extension for WindowsStandalone target not found
Native extension for WebGL target not found
Refreshing native plugins compatible for Editor in 5.60 ms, found 1 plugins.
Preloading 0 native plugins for Editor in 0.00 ms.
Mono: successfully reloaded assembly
- Completed reload, in 24.818 seconds
Platform modules already initialized, skipping
Refreshing native plugins compatible for Editor in 0.97 ms, found 1 plugins.
Preloading 0 native plugins for Editor in 0.00 ms.
Unloading 1806 Unused Serialized files (Serialized files now loaded: 0)
System memory in use before: 89.1 MB.
System memory in use after: 89.1 MB.

Unloading 12 unused Assets to reduce memory usage. Loaded Objects now: 2378.
Total: 4.986400 ms (FindLiveObjects: 0.590900 ms CreateObjectMapping: 0.129300 ms MarkObjects: 4.064900 ms  DeleteObjects: 0.198700 ms)

========================================================================
Received Import Request.
  Time since last request: 260.618047 seconds.
  path: Assets/Scenes/SalaDeJogos.unity
  artifactKey: Guid(2b520d9a529f0e6429011344b8fbc25b) Importer(815301076,1909f56bfc062723c751e8b465ee728b)
Start importing Assets/Scenes/SalaDeJogos.unity using Guid(2b520d9a529f0e6429011344b8fbc25b) Importer(815301076,1909f56bfc062723c751e8b465ee728b)  -> (artifact id: 'bd1683e45e7777f91c7045a43eeeb03e') in 0.080136 seconds
  Import took 0.093657 seconds .

========================================================================
Received Prepare
Registering precompiled user dll's ...
Registered in 0.008563 seconds.
Begin MonoManager ReloadAssembly
Native extension for WindowsStandalone target not found
Native extension for WebGL target not found
Refreshing native plugins compatible for Editor in 3.66 ms, found 1 plugins.
Preloading 0 native plugins for Editor in 0.00 ms.
Mono: successfully reloaded assembly
- Completed reload, in  5.285 seconds
Platform modules already initialized, skipping
Refreshing native plugins compatible for Editor in 0.71 ms, found 1 plugins.
Preloading 0 native plugins for Editor in 0.00 ms.
Unloading 1806 Unused Serialized files (Serialized files now loaded: 0)
System memory in use before: 89.1 MB.
System memory in use after: 89.1 MB.

Unloading 12 unused Assets to reduce memory usage. Loaded Objects now: 2382.
Total: 9.214400 ms (FindLiveObjects: 0.321500 ms CreateObjectMapping: 0.307900 ms MarkObjects: 8.341300 ms  DeleteObjects: 0.241500 ms)

========================================================================
Received Import Request.
  Time since last request: 19.815265 seconds.
  path: Assets/Scenes/Corredor.unity
  artifactKey: Guid(a69535fa2dac2ce4493132ffab5f25cd) Importer(815301076,1909f56bfc062723c751e8b465ee728b)
Start importing Assets/Scenes/Corredor.unity using Guid(a69535fa2dac2ce4493132ffab5f25cd) Importer(815301076,1909f56bfc062723c751e8b465ee728b)  -> (artifact id: '30788df490ba5176b7cb7b618acf613b') in 0.066498 seconds
  Import took 0.120671 seconds .

========================================================================
Received Prepare
Registering precompiled user dll's ...
Registered in 0.003578 seconds.
Begin MonoManager ReloadAssembly
Native extension for WindowsStandalone target not found
Native extension for WebGL target not found
Refreshing native plugins compatible for Editor in 1.07 ms, found 1 plugins.
Preloading 0 native plugins for Editor in 0.00 ms.
Mono: successfully reloaded assembly
- Completed reload, in 24.464 seconds
Platform modules already initialized, skipping
Refreshing native plugins compatible for Editor in 1.07 ms, found 1 plugins.
Preloading 0 native plugins for Editor in 0.00 ms.
Unloading 1806 Unused Serialized files (Serialized files now loaded: 0)
System memory in use before: 89.1 MB.
System memory in use after: 89.1 MB.

Unloading 12 unused Assets to reduce memory usage. Loaded Objects now: 2386.
Total: 6.045300 ms (FindLiveObjects: 0.805100 ms CreateObjectMapping: 0.697400 ms MarkObjects: 4.394400 ms  DeleteObjects: 0.145700 ms)

========================================================================
Received Prepare
Registering precompiled user dll's ...
Registered in 0.001976 seconds.
Begin MonoManager ReloadAssembly
Native extension for WindowsStandalone target not found
Native extension for WebGL target not found
Refreshing native plugins compatible for Editor in 4.43 ms, found 1 plugins.
Preloading 0 native plugins for Editor in 0.00 ms.
Mono: successfully reloaded assembly
- Completed reload, in  4.260 seconds
Platform modules already initialized, skipping
Refreshing native plugins compatible for Editor in 1.17 ms, found 1 plugins.
Preloading 0 native plugins for Editor in 0.00 ms.
Unloading 1806 Unused Serialized files (Serialized files now loaded: 0)
System memory in use before: 89.1 MB.
System memory in use after: 89.1 MB.

Unloading 12 unused Assets to reduce memory usage. Loaded Objects now: 2390.
Total: 6.365000 ms (FindLiveObjects: 1.221100 ms CreateObjectMapping: 0.170800 ms MarkObjects: 4.399500 ms  DeleteObjects: 0.570800 ms)

AssetImportWorkerClient::OnTransportError - code=2 error=End of file
