Using pre-set license
Built from '2020.3/staging' branch; Version is '2020.3.8f1 (507919d4fff5) revision 5273881'; Using compiler version '192528614'; Build Type 'Release'
OS: 'Windows 10 Home Single Language; OS build 19042.1237; Version 2009; 64bit' Language: 'pt' Physical Memory: 16282 MB
BatchMode: 1, IsHumanControllingUs: 0, StartBugReporterOnCrash: 0, Is64bit: 1, IsPro: 0

 COMMAND LINE ARGUMENTS:
C:\Program Files\Unity\Hub\Editor\2020.3.8f1\Editor\Unity.exe
-adb2
-batchMode
-noUpm
-name
AssetImportWorker1
-projectPath
C:/Users/franc/OneDrive/Documentos/Programas/Unity projects/ProjeteGame2021/ProjeteGame
-logFile
Logs/AssetImportWorker1.log
-srvPort
51514
Successfully changed project path to: C:/Users/franc/OneDrive/Documentos/Programas/Unity projects/ProjeteGame2021/ProjeteGame
C:/Users/franc/OneDrive/Documentos/Programas/Unity projects/ProjeteGame2021/ProjeteGame
Using Asset Import Pipeline V2.
Refreshing native plugins compatible for Editor in 376.76 ms, found 1 plugins.
Preloading 0 native plugins for Editor in 0.00 ms.
Initialize engine version: 2020.3.8f1 (507919d4fff5)
[Subsystems] Discovering subsystems at path C:/Program Files/Unity/Hub/Editor/2020.3.8f1/Editor/Data/Resources/UnitySubsystems
[Subsystems] Discovering subsystems at path C:/Users/franc/OneDrive/Documentos/Programas/Unity projects/ProjeteGame2021/ProjeteGame/Assets
GfxDevice: creating device client; threaded=0
