Using pre-set license
Built from '2020.3/staging' branch; Version is '2020.3.8f1 (507919d4fff5) revision 5273881'; Using compiler version '192528614'; Build Type 'Release'
OS: 'Windows 10 Home Single Language; OS build 19042.1237; Version 2009; 64bit' Language: 'pt' Physical Memory: 16282 MB
BatchMode: 1, IsHumanControllingUs: 0, StartBugReporterOnCrash: 0, Is64bit: 1, IsPro: 0

 COMMAND LINE ARGUMENTS:
C:\Program Files\Unity\Hub\Editor\2020.3.8f1\Editor\Unity.exe
-adb2
-batchMode
-noUpm
-name
AssetImportWorker0
-projectPath
C:/Users/franc/OneDrive/Documentos/Programas/Unity projects/ProjeteGame2021/ProjeteGame
-logFile
Logs/AssetImportWorker0.log
-srvPort
59056
Successfully changed project path to: C:/Users/franc/OneDrive/Documentos/Programas/Unity projects/ProjeteGame2021/ProjeteGame
C:/Users/franc/OneDrive/Documentos/Programas/Unity projects/ProjeteGame2021/ProjeteGame
Using Asset Import Pipeline V2.
Refreshing native plugins compatible for Editor in 201.72 ms, found 1 plugins.
Preloading 0 native plugins for Editor in 0.00 ms.
Initialize engine version: 2020.3.8f1 (507919d4fff5)
[Subsystems] Discovering subsystems at path C:/Program Files/Unity/Hub/Editor/2020.3.8f1/Editor/Data/Resources/UnitySubsystems
[Subsystems] Discovering subsystems at path C:/Users/franc/OneDrive/Documentos/Programas/Unity projects/ProjeteGame2021/ProjeteGame/Assets
GfxDevice: creating device client; threaded=0
Direct3D:
    Version:  Direct3D 11.0 [level 11.0]
    Renderer: NVIDIA GeForce 940MX (ID=0x134d)
    Vendor:   
    VRAM:     4055 MB
    Driver:   27.21.14.5167
Initialize mono
Mono path[0] = 'C:/Program Files/Unity/Hub/Editor/2020.3.8f1/Editor/Data/Managed'
Mono path[1] = 'C:/Program Files/Unity/Hub/Editor/2020.3.8f1/Editor/Data/MonoBleedingEdge/lib/mono/unityjit'
Mono config path = 'C:/Program Files/Unity/Hub/Editor/2020.3.8f1/Editor/Data/MonoBleedingEdge/etc'
Using monoOptions --debugger-agent=transport=dt_socket,embedding=1,server=y,suspend=n,address=127.0.0.1:56608
Begin MonoManager ReloadAssembly
Registering precompiled unity dll's ...
Register platform support module: C:/Program Files/Unity/Hub/Editor/2020.3.8f1/Editor/Data/PlaybackEngines/WebGLSupport/UnityEditor.WebGL.Extensions.dll
Register platform support module: C:/Program Files/Unity/Hub/Editor/2020.3.8f1/Editor/Data/PlaybackEngines/WindowsStandaloneSupport/UnityEditor.WindowsStandalone.Extensions.dll
Registered in 0.007774 seconds.
Native extension for WindowsStandalone target not found
Native extension for WebGL target not found
Refreshing native plugins compatible for Editor in 130.15 ms, found 1 plugins.
Preloading 0 native plugins for Editor in 0.00 ms.
Mono: successfully reloaded assembly
- Completed reload, in  4.747 seconds
Platform modules already initialized, skipping
Registering precompiled user dll's ...
Registered in 0.004267 seconds.
Begin MonoManager ReloadAssembly
Native extension for WindowsStandalone target not found
Native extension for WebGL target not found
Refreshing native plugins compatible for Editor in 271.45 ms, found 1 plugins.
Preloading 0 native plugins for Editor in 0.00 ms.
Mono: successfully reloaded assembly
- Completed reload, in  4.603 seconds
Platform modules already initialized, skipping
========================================================================
Worker process is ready to serve import requests
Launched and connected shader compiler UnityShaderCompiler.exe after 0.14 seconds
Refreshing native plugins compatible for Editor in 3.15 ms, found 1 plugins.
Preloading 0 native plugins for Editor in 0.00 ms.
Unloading 1812 Unused Serialized files (Serialized files now loaded: 0)
System memory in use before: 85.7 MB.
System memory in use after: 85.7 MB.

Unloading 24 unused Assets to reduce memory usage. Loaded Objects now: 2255.
Total: 6.698500 ms (FindLiveObjects: 0.275400 ms CreateObjectMapping: 0.100500 ms MarkObjects: 6.039000 ms  DeleteObjects: 0.281800 ms)

========================================================================
Received Import Request.
  path: Assets/Prefabs/char2.png
  artifactKey: Guid(2411bc84fae03cb48acfeb61deec2c7d) Importer(815301076,1909f56bfc062723c751e8b465ee728b)
Start importing Assets/Prefabs/char2.png using Guid(2411bc84fae03cb48acfeb61deec2c7d) Importer(815301076,1909f56bfc062723c751e8b465ee728b)  -> (artifact id: 'a7c60b40402b204eb9b696171bbe8741') in 0.817274 seconds
  Import took 0.835040 seconds .

========================================================================
Received Import Request.
  Time since last request: 0.000363 seconds.
  path: Assets/Scenes/Biblioteca.unity
  artifactKey: Guid(be9c497007ecae64c82c61f59477bc95) Importer(815301076,1909f56bfc062723c751e8b465ee728b)
Start importing Assets/Scenes/Biblioteca.unity using Guid(be9c497007ecae64c82c61f59477bc95) Importer(815301076,1909f56bfc062723c751e8b465ee728b)  -> (artifact id: '96c8c7142fa93a76380d3e4c4f14c29e') in 0.096146 seconds
  Import took 0.117003 seconds .

========================================================================
Received Import Request.
  Time since last request: 6.282891 seconds.
  path: Assets/Prefabs/AndarBaixo.anim
  artifactKey: Guid(33bb6efd30345434aa8b5de3b6673e7f) Importer(815301076,1909f56bfc062723c751e8b465ee728b)
Start importing Assets/Prefabs/AndarBaixo.anim using Guid(33bb6efd30345434aa8b5de3b6673e7f) Importer(815301076,1909f56bfc062723c751e8b465ee728b)  -> (artifact id: '1a27f135437b362beed2c2e8c123f95d') in 0.103566 seconds
  Import took 0.116889 seconds .

========================================================================
Received Import Request.
  Time since last request: 163.917827 seconds.
  path: Assets/Animations/npcf1.controller
  artifactKey: Guid(40357725149dde04a9650e43ec1d605f) Importer(815301076,1909f56bfc062723c751e8b465ee728b)
Start importing Assets/Animations/npcf1.controller using Guid(40357725149dde04a9650e43ec1d605f) Importer(815301076,1909f56bfc062723c751e8b465ee728b)  -> (artifact id: 'fa01234986c94ba345a69951c631129a') in 0.044063 seconds
  Import took 0.059293 seconds .

========================================================================
Received Import Request.
  Time since last request: 6.665202 seconds.
  path: Assets/Prefabs/ParadoEsquerda.anim
  artifactKey: Guid(21cb431440e72294ca1431ceab8db59b) Importer(815301076,1909f56bfc062723c751e8b465ee728b)
Start importing Assets/Prefabs/ParadoEsquerda.anim using Guid(21cb431440e72294ca1431ceab8db59b) Importer(815301076,1909f56bfc062723c751e8b465ee728b)  -> (artifact id: '6a674eb7431e3d35d9b136e33f4de7d6') in 0.057692 seconds
  Import took 0.085803 seconds .

========================================================================
Received Import Request.
  Time since last request: 0.431858 seconds.
  path: Assets/Prefabs/ParadoCima.anim
  artifactKey: Guid(dcfc578ecb6ead344ab82ad46c768534) Importer(815301076,1909f56bfc062723c751e8b465ee728b)
Start importing Assets/Prefabs/ParadoCima.anim using Guid(dcfc578ecb6ead344ab82ad46c768534) Importer(815301076,1909f56bfc062723c751e8b465ee728b)  -> (artifact id: '5405afd314191a26588c69b0310eb4de') in 0.023129 seconds
  Import took 0.035795 seconds .

========================================================================
Received Import Request.
  Time since last request: 0.458744 seconds.
  path: Assets/Prefabs/ParadoBaixo.anim
  artifactKey: Guid(8c94fce582abf6e47bdfb4baf04103c1) Importer(815301076,1909f56bfc062723c751e8b465ee728b)
Start importing Assets/Prefabs/ParadoBaixo.anim using Guid(8c94fce582abf6e47bdfb4baf04103c1) Importer(815301076,1909f56bfc062723c751e8b465ee728b)  -> (artifact id: '78487469b73be1329af451d7b1674b77') in 0.043379 seconds
  Import took 0.070709 seconds .

========================================================================
Received Import Request.
  Time since last request: 54.301935 seconds.
  path: Assets/Prefabs/AndarEsquerda.anim
  artifactKey: Guid(1c963979bb17f6d48a4425764df60065) Importer(815301076,1909f56bfc062723c751e8b465ee728b)
Start importing Assets/Prefabs/AndarEsquerda.anim using Guid(1c963979bb17f6d48a4425764df60065) Importer(815301076,1909f56bfc062723c751e8b465ee728b)  -> (artifact id: '0e9dafc2b53f0b22304b51e91ee45338') in 0.051612 seconds
  Import took 0.078812 seconds .

========================================================================
Received Import Request.
  Time since last request: 0.518934 seconds.
  path: Assets/Prefabs/AndarCima.anim
  artifactKey: Guid(5bc1a4a9e921a2943a73cb0fa5937422) Importer(815301076,1909f56bfc062723c751e8b465ee728b)
Start importing Assets/Prefabs/AndarCima.anim using Guid(5bc1a4a9e921a2943a73cb0fa5937422) Importer(815301076,1909f56bfc062723c751e8b465ee728b)  -> (artifact id: 'f6c6afe782a148a445f7cf1a6724c632') in 0.048393 seconds
  Import took 0.068729 seconds .

========================================================================
Received Prepare
Registering precompiled user dll's ...
Registered in 0.004554 seconds.
Begin MonoManager ReloadAssembly
Native extension for WindowsStandalone target not found
Native extension for WebGL target not found
Refreshing native plugins compatible for Editor in 0.80 ms, found 1 plugins.
Preloading 0 native plugins for Editor in 0.00 ms.
Mono: successfully reloaded assembly
- Completed reload, in  2.823 seconds
Platform modules already initialized, skipping
Refreshing native plugins compatible for Editor in 0.78 ms, found 1 plugins.
Preloading 0 native plugins for Editor in 0.00 ms.
Unloading 1807 Unused Serialized files (Serialized files now loaded: 0)
System memory in use before: 88.8 MB.
System memory in use after: 88.8 MB.

Unloading 12 unused Assets to reduce memory usage. Loaded Objects now: 2274.
Total: 4.072700 ms (FindLiveObjects: 0.380300 ms CreateObjectMapping: 0.137900 ms MarkObjects: 3.386100 ms  DeleteObjects: 0.166700 ms)

========================================================================
Received Import Request.
  Time since last request: 1189.286996 seconds.
  path: Assets/Prefabs/Player.controller
  artifactKey: Guid(443996dde1026a84e93948a92a9a1172) Importer(815301076,1909f56bfc062723c751e8b465ee728b)
Start importing Assets/Prefabs/Player.controller using Guid(443996dde1026a84e93948a92a9a1172) Importer(815301076,1909f56bfc062723c751e8b465ee728b)  -> (artifact id: '5c91c20e037ea7ab7dc24b627ef1e605') in 0.104776 seconds
  Import took 0.193600 seconds .

========================================================================
Received Prepare
Registering precompiled user dll's ...
Registered in 0.002601 seconds.
Begin MonoManager ReloadAssembly
Native extension for WindowsStandalone target not found
Native extension for WebGL target not found
Refreshing native plugins compatible for Editor in 0.89 ms, found 1 plugins.
Preloading 0 native plugins for Editor in 0.00 ms.
Mono: successfully reloaded assembly
- Completed reload, in  3.207 seconds
Platform modules already initialized, skipping
Refreshing native plugins compatible for Editor in 1.08 ms, found 1 plugins.
Preloading 0 native plugins for Editor in 0.00 ms.
Unloading 1807 Unused Serialized files (Serialized files now loaded: 0)
System memory in use before: 88.8 MB.
System memory in use after: 88.8 MB.

Unloading 12 unused Assets to reduce memory usage. Loaded Objects now: 2278.
Total: 18.964100 ms (FindLiveObjects: 0.813600 ms CreateObjectMapping: 0.154900 ms MarkObjects: 16.792500 ms  DeleteObjects: 1.201100 ms)

========================================================================
Received Import Request.
  Time since last request: 3679.315995 seconds.
  path: Assets/Scripts/SceneChanger1.cs
  artifactKey: Guid(b2a5e659e1927bf4f99392f796a1566e) Importer(815301076,1909f56bfc062723c751e8b465ee728b)
Start importing Assets/Scripts/SceneChanger1.cs using Guid(b2a5e659e1927bf4f99392f796a1566e) Importer(815301076,1909f56bfc062723c751e8b465ee728b)  -> (artifact id: '036ed5fa81c5713a206209b527246ac2') in 0.053367 seconds
  Import took 0.069634 seconds .

========================================================================
Received Prepare
Registering precompiled user dll's ...
Registered in 0.007440 seconds.
Begin MonoManager ReloadAssembly
Native extension for WindowsStandalone target not found
Native extension for WebGL target not found
Refreshing native plugins compatible for Editor in 0.43 ms, found 1 plugins.
Preloading 0 native plugins for Editor in 0.00 ms.
Mono: successfully reloaded assembly
- Completed reload, in  9.436 seconds
Platform modules already initialized, skipping
Refreshing native plugins compatible for Editor in 0.66 ms, found 1 plugins.
Preloading 0 native plugins for Editor in 0.00 ms.
Unloading 1807 Unused Serialized files (Serialized files now loaded: 0)
System memory in use before: 88.8 MB.
System memory in use after: 88.8 MB.

Unloading 12 unused Assets to reduce memory usage. Loaded Objects now: 2282.
Total: 3.740200 ms (FindLiveObjects: 0.334200 ms CreateObjectMapping: 0.127300 ms MarkObjects: 2.996200 ms  DeleteObjects: 0.280700 ms)

========================================================================
Received Prepare
Registering precompiled user dll's ...
Registered in 0.003848 seconds.
Begin MonoManager ReloadAssembly
Native extension for WindowsStandalone target not found
Native extension for WebGL target not found
Refreshing native plugins compatible for Editor in 0.53 ms, found 1 plugins.
Preloading 0 native plugins for Editor in 0.00 ms.
Mono: successfully reloaded assembly
- Completed reload, in 14.717 seconds
Platform modules already initialized, skipping
Refreshing native plugins compatible for Editor in 0.40 ms, found 1 plugins.
Preloading 0 native plugins for Editor in 0.00 ms.
Unloading 1807 Unused Serialized files (Serialized files now loaded: 0)
System memory in use before: 88.9 MB.
System memory in use after: 88.8 MB.

Unloading 12 unused Assets to reduce memory usage. Loaded Objects now: 2286.
Total: 6.350400 ms (FindLiveObjects: 1.101100 ms CreateObjectMapping: 0.165800 ms MarkObjects: 4.731500 ms  DeleteObjects: 0.350000 ms)

========================================================================
Received Prepare
Registering precompiled user dll's ...
Registered in 0.003329 seconds.
Begin MonoManager ReloadAssembly
Native extension for WindowsStandalone target not found
Native extension for WebGL target not found
Refreshing native plugins compatible for Editor in 1.09 ms, found 1 plugins.
Preloading 0 native plugins for Editor in 0.00 ms.
Mono: successfully reloaded assembly
- Completed reload, in  2.135 seconds
Platform modules already initialized, skipping
Refreshing native plugins compatible for Editor in 0.59 ms, found 1 plugins.
Preloading 0 native plugins for Editor in 0.00 ms.
Unloading 1807 Unused Serialized files (Serialized files now loaded: 0)
System memory in use before: 88.9 MB.
System memory in use after: 88.8 MB.

Unloading 12 unused Assets to reduce memory usage. Loaded Objects now: 2290.
Total: 5.516500 ms (FindLiveObjects: 0.475600 ms CreateObjectMapping: 0.125000 ms MarkObjects: 4.685000 ms  DeleteObjects: 0.228800 ms)

========================================================================
Received Import Request.
  Time since last request: 241.198431 seconds.
  path: Assets/Animations/playerIdle.anim
  artifactKey: Guid(084fdcfdf5d37c040a774d9c698cd612) Importer(815301076,1909f56bfc062723c751e8b465ee728b)
Start importing Assets/Animations/playerIdle.anim using Guid(084fdcfdf5d37c040a774d9c698cd612) Importer(815301076,1909f56bfc062723c751e8b465ee728b)  -> (artifact id: '6897ff379e4ee85e44b85595e8003213') in 0.091576 seconds
  Import took 0.116772 seconds .

========================================================================
Received Import Request.
  Time since last request: 0.067924 seconds.
  path: Assets/Animations/playerIdle.anim
  artifactKey: Guid(084fdcfdf5d37c040a774d9c698cd612) Importer(815301076,1909f56bfc062723c751e8b465ee728b)
Start importing Assets/Animations/playerIdle.anim using Guid(084fdcfdf5d37c040a774d9c698cd612) Importer(815301076,1909f56bfc062723c751e8b465ee728b)  -> (artifact id: '6897ff379e4ee85e44b85595e8003213') in 0.039114 seconds
  Import took 0.063204 seconds .

========================================================================
Received Prepare
Registering precompiled user dll's ...
Registered in 0.004288 seconds.
Begin MonoManager ReloadAssembly
Native extension for WindowsStandalone target not found
Native extension for WebGL target not found
Refreshing native plugins compatible for Editor in 0.89 ms, found 1 plugins.
Preloading 0 native plugins for Editor in 0.00 ms.
Mono: successfully reloaded assembly
- Completed reload, in  3.347 seconds
Platform modules already initialized, skipping
Refreshing native plugins compatible for Editor in 0.74 ms, found 1 plugins.
Preloading 0 native plugins for Editor in 0.00 ms.
Unloading 1807 Unused Serialized files (Serialized files now loaded: 0)
System memory in use before: 88.9 MB.
System memory in use after: 88.9 MB.

Unloading 12 unused Assets to reduce memory usage. Loaded Objects now: 2294.
Total: 13.870100 ms (FindLiveObjects: 1.833300 ms CreateObjectMapping: 0.142400 ms MarkObjects: 5.381000 ms  DeleteObjects: 0.539100 ms)

========================================================================
Received Prepare
Registering precompiled user dll's ...
Registered in 0.005305 seconds.
Begin MonoManager ReloadAssembly
Native extension for WindowsStandalone target not found
Native extension for WebGL target not found
Refreshing native plugins compatible for Editor in 2.29 ms, found 1 plugins.
Preloading 0 native plugins for Editor in 0.00 ms.
Mono: successfully reloaded assembly
- Completed reload, in 14.395 seconds
Platform modules already initialized, skipping
Refreshing native plugins compatible for Editor in 4.56 ms, found 1 plugins.
Preloading 0 native plugins for Editor in 0.00 ms.
Unloading 1807 Unused Serialized files (Serialized files now loaded: 0)
System memory in use before: 88.9 MB.
System memory in use after: 88.9 MB.

Unloading 12 unused Assets to reduce memory usage. Loaded Objects now: 2298.
Total: 7.003200 ms (FindLiveObjects: 1.169300 ms CreateObjectMapping: 0.218700 ms MarkObjects: 5.415300 ms  DeleteObjects: 0.193600 ms)

========================================================================
Received Prepare
Registering precompiled user dll's ...
Registered in 0.003001 seconds.
Begin MonoManager ReloadAssembly
Native extension for WindowsStandalone target not found
Native extension for WebGL target not found
Refreshing native plugins compatible for Editor in 0.94 ms, found 1 plugins.
Preloading 0 native plugins for Editor in 0.00 ms.
Mono: successfully reloaded assembly
- Completed reload, in  5.397 seconds
Platform modules already initialized, skipping
Refreshing native plugins compatible for Editor in 0.79 ms, found 1 plugins.
Preloading 0 native plugins for Editor in 0.00 ms.
Unloading 1807 Unused Serialized files (Serialized files now loaded: 0)
System memory in use before: 88.9 MB.
System memory in use after: 88.9 MB.

Unloading 12 unused Assets to reduce memory usage. Loaded Objects now: 2302.
Total: 8.961300 ms (FindLiveObjects: 0.320900 ms CreateObjectMapping: 0.154000 ms MarkObjects: 8.282400 ms  DeleteObjects: 0.202000 ms)

========================================================================
Received Prepare
Registering precompiled user dll's ...
Registered in 0.002090 seconds.
Begin MonoManager ReloadAssembly
Native extension for WindowsStandalone target not found
Native extension for WebGL target not found
Refreshing native plugins compatible for Editor in 1.05 ms, found 1 plugins.
Preloading 0 native plugins for Editor in 0.00 ms.
Mono: successfully reloaded assembly
- Completed reload, in 16.171 seconds
Platform modules already initialized, skipping
Refreshing native plugins compatible for Editor in 0.69 ms, found 1 plugins.
Preloading 0 native plugins for Editor in 0.00 ms.
Unloading 1807 Unused Serialized files (Serialized files now loaded: 0)
System memory in use before: 88.9 MB.
System memory in use after: 88.9 MB.

Unloading 12 unused Assets to reduce memory usage. Loaded Objects now: 2306.
Total: 3.969300 ms (FindLiveObjects: 0.937300 ms CreateObjectMapping: 0.186500 ms MarkObjects: 2.660300 ms  DeleteObjects: 0.183300 ms)

========================================================================
Received Prepare
Registering precompiled user dll's ...
Registered in 0.002732 seconds.
Begin MonoManager ReloadAssembly
Native extension for WindowsStandalone target not found
Native extension for WebGL target not found
Refreshing native plugins compatible for Editor in 1.05 ms, found 1 plugins.
Preloading 0 native plugins for Editor in 0.00 ms.
Mono: successfully reloaded assembly
- Completed reload, in  8.195 seconds
Platform modules already initialized, skipping
Refreshing native plugins compatible for Editor in 2.09 ms, found 1 plugins.
Preloading 0 native plugins for Editor in 0.00 ms.
Unloading 1807 Unused Serialized files (Serialized files now loaded: 0)
System memory in use before: 88.9 MB.
System memory in use after: 88.9 MB.

Unloading 12 unused Assets to reduce memory usage. Loaded Objects now: 2310.
Total: 16.580700 ms (FindLiveObjects: 9.123800 ms CreateObjectMapping: 0.387200 ms MarkObjects: 6.903800 ms  DeleteObjects: 0.163400 ms)

========================================================================
Received Prepare
Registering precompiled user dll's ...
Registered in 0.003285 seconds.
Begin MonoManager ReloadAssembly
Native extension for WindowsStandalone target not found
Native extension for WebGL target not found
Refreshing native plugins compatible for Editor in 0.57 ms, found 1 plugins.
Preloading 0 native plugins for Editor in 0.00 ms.
Mono: successfully reloaded assembly
- Completed reload, in 13.334 seconds
Platform modules already initialized, skipping
Refreshing native plugins compatible for Editor in 0.73 ms, found 1 plugins.
Preloading 0 native plugins for Editor in 0.00 ms.
Unloading 1807 Unused Serialized files (Serialized files now loaded: 0)
System memory in use before: 88.9 MB.
System memory in use after: 88.9 MB.

Unloading 12 unused Assets to reduce memory usage. Loaded Objects now: 2314.
Total: 3.250100 ms (FindLiveObjects: 0.462800 ms CreateObjectMapping: 0.187700 ms MarkObjects: 2.475000 ms  DeleteObjects: 0.122900 ms)

========================================================================
Received Prepare
Registering precompiled user dll's ...
Registered in 0.004131 seconds.
Begin MonoManager ReloadAssembly
Native extension for WindowsStandalone target not found
Native extension for WebGL target not found
Refreshing native plugins compatible for Editor in 1.05 ms, found 1 plugins.
Preloading 0 native plugins for Editor in 0.00 ms.
Mono: successfully reloaded assembly
- Completed reload, in  3.757 seconds
Platform modules already initialized, skipping
Refreshing native plugins compatible for Editor in 0.85 ms, found 1 plugins.
Preloading 0 native plugins for Editor in 0.00 ms.
Unloading 1807 Unused Serialized files (Serialized files now loaded: 0)
System memory in use before: 88.9 MB.
System memory in use after: 88.9 MB.

Unloading 12 unused Assets to reduce memory usage. Loaded Objects now: 2318.
Total: 9.612100 ms (FindLiveObjects: 0.797900 ms CreateObjectMapping: 0.187300 ms MarkObjects: 8.298400 ms  DeleteObjects: 0.326700 ms)

========================================================================
Received Import Request.
  Time since last request: 829.273240 seconds.
  path: Assets/Prefabs/Player 1.prefab
  artifactKey: Guid(dbc2402ad07923f44b21b508822b9423) Importer(815301076,1909f56bfc062723c751e8b465ee728b)
Start importing Assets/Prefabs/Player 1.prefab using Guid(dbc2402ad07923f44b21b508822b9423) Importer(815301076,1909f56bfc062723c751e8b465ee728b) The Animator Controller (Player) you have used is not valid. Animations will not play
UnityEngine.StackTraceUtility:ExtractStackTrace ()
UnityEditor.EditorUtility:Internal_InstantiateRemoveAllNonAnimationComponentsSingle (UnityEngine.Object,UnityEngine.Vector3,UnityEngine.Quaternion)
UnityEditor.EditorUtility:InstantiateRemoveAllNonAnimationComponents (UnityEngine.Object,UnityEngine.Vector3,UnityEngine.Quaternion)
UnityEditor.EditorUtility:InstantiateForAnimatorPreview (UnityEngine.Object)
UnityEditor.GameObjectInspector/PreviewData:UpdateGameObject (UnityEngine.Object)
UnityEditor.GameObjectInspector/PreviewData:.ctor (UnityEngine.Object)
UnityEditor.GameObjectInspector:GetPreviewData ()
UnityEditor.GameObjectInspector:RenderStaticPreview (string,UnityEngine.Object[],int,int)
UnityEditor.AssetPreviewUpdater:CreatePreviewForAsset (UnityEngine.Object,UnityEngine.Object[],string)

[C:\buildslave\unity\build\Modules/Animation/Director/AnimatorControllerPlayable.cpp line 333]

The Animator Controller (Player) you have used is not valid. Animations will not play
UnityEngine.StackTraceUtility:ExtractStackTrace ()
UnityEditor.EditorUtility:InitInstantiatedPreviewRecursive (UnityEngine.GameObject)
UnityEditor.EditorUtility:InstantiateForAnimatorPreview (UnityEngine.Object)
UnityEditor.GameObjectInspector/PreviewData:UpdateGameObject (UnityEngine.Object)
UnityEditor.GameObjectInspector/PreviewData:.ctor (UnityEngine.Object)
UnityEditor.GameObjectInspector:GetPreviewData ()
UnityEditor.GameObjectInspector:RenderStaticPreview (string,UnityEngine.Object[],int,int)
UnityEditor.AssetPreviewUpdater:CreatePreviewForAsset (UnityEngine.Object,UnityEngine.Object[],string)

[C:\buildslave\unity\build\Modules/Animation/Director/AnimatorControllerPlayable.cpp line 333]

 -> (artifact id: '8cca79854e35eb6edfe8e588ccef30ec') in 0.339127 seconds
  Import took 0.370292 seconds .

========================================================================
Received Prepare
Registering precompiled user dll's ...
Registered in 0.002057 seconds.
Begin MonoManager ReloadAssembly
Native extension for WindowsStandalone target not found
Native extension for WebGL target not found
Refreshing native plugins compatible for Editor in 1.56 ms, found 1 plugins.
Preloading 0 native plugins for Editor in 0.00 ms.
Mono: successfully reloaded assembly
- Completed reload, in  4.640 seconds
Platform modules already initialized, skipping
Refreshing native plugins compatible for Editor in 2.46 ms, found 1 plugins.
Preloading 0 native plugins for Editor in 0.00 ms.
Unloading 1807 Unused Serialized files (Serialized files now loaded: 0)
System memory in use before: 89.1 MB.
System memory in use after: 89.1 MB.

Unloading 12 unused Assets to reduce memory usage. Loaded Objects now: 2327.
Total: 9.313700 ms (FindLiveObjects: 0.382900 ms CreateObjectMapping: 0.166800 ms MarkObjects: 8.547300 ms  DeleteObjects: 0.214600 ms)

========================================================================
Received Import Request.
  Time since last request: 74.227443 seconds.
  path: Assets/Prefabs/Player 1.prefab
  artifactKey: Guid(dbc2402ad07923f44b21b508822b9423) Importer(815301076,1909f56bfc062723c751e8b465ee728b)
Start importing Assets/Prefabs/Player 1.prefab using Guid(dbc2402ad07923f44b21b508822b9423) Importer(815301076,1909f56bfc062723c751e8b465ee728b)  -> (artifact id: 'ef127fb98cfd11e4241880191a21566c') in 0.373907 seconds
  Import took 0.390256 seconds .

========================================================================
Received Import Request.
  Time since last request: 61.295106 seconds.
  path: Assets/Scenes/Cozinha.unity
  artifactKey: Guid(7e98c7f9aba464b45b880729b0bfb327) Importer(815301076,1909f56bfc062723c751e8b465ee728b)
Start importing Assets/Scenes/Cozinha.unity using Guid(7e98c7f9aba464b45b880729b0bfb327) Importer(815301076,1909f56bfc062723c751e8b465ee728b)  -> (artifact id: '4e724bc190a2f04a361b9512d1efceb9') in 0.078488 seconds
  Import took 0.086583 seconds .

========================================================================
Received Prepare
Registering precompiled user dll's ...
Registered in 0.005744 seconds.
Begin MonoManager ReloadAssembly
Native extension for WindowsStandalone target not found
Native extension for WebGL target not found
Refreshing native plugins compatible for Editor in 0.40 ms, found 1 plugins.
Preloading 0 native plugins for Editor in 0.00 ms.
Mono: successfully reloaded assembly
- Completed reload, in  3.975 seconds
Platform modules already initialized, skipping
Refreshing native plugins compatible for Editor in 1.80 ms, found 1 plugins.
Preloading 0 native plugins for Editor in 0.00 ms.
Unloading 1807 Unused Serialized files (Serialized files now loaded: 0)
System memory in use before: 89.1 MB.
System memory in use after: 89.1 MB.

Unloading 12 unused Assets to reduce memory usage. Loaded Objects now: 2332.
Total: 4.130200 ms (FindLiveObjects: 0.209500 ms CreateObjectMapping: 0.078200 ms MarkObjects: 3.710700 ms  DeleteObjects: 0.129900 ms)

========================================================================
Received Prepare
Registering precompiled user dll's ...
Registered in 0.003145 seconds.
Begin MonoManager ReloadAssembly
Native extension for WindowsStandalone target not found
Native extension for WebGL target not found
Refreshing native plugins compatible for Editor in 3.54 ms, found 1 plugins.
Preloading 0 native plugins for Editor in 0.00 ms.
Mono: successfully reloaded assembly
- Completed reload, in  3.455 seconds
Platform modules already initialized, skipping
Refreshing native plugins compatible for Editor in 0.63 ms, found 1 plugins.
Preloading 0 native plugins for Editor in 0.00 ms.
Unloading 1807 Unused Serialized files (Serialized files now loaded: 0)
System memory in use before: 89.1 MB.
System memory in use after: 89.1 MB.

Unloading 12 unused Assets to reduce memory usage. Loaded Objects now: 2336.
Total: 5.040000 ms (FindLiveObjects: 0.387300 ms CreateObjectMapping: 0.146800 ms MarkObjects: 4.034700 ms  DeleteObjects: 0.469400 ms)

========================================================================
Received Import Request.
  Time since last request: 169.123233 seconds.
  path: Assets/Scenes/Biblioteca.unity
  artifactKey: Guid(be9c497007ecae64c82c61f59477bc95) Importer(815301076,1909f56bfc062723c751e8b465ee728b)
Start importing Assets/Scenes/Biblioteca.unity using Guid(be9c497007ecae64c82c61f59477bc95) Importer(815301076,1909f56bfc062723c751e8b465ee728b)  -> (artifact id: 'aa3771cc1817dc6750b89443231784d9') in 0.112739 seconds
  Import took 0.154534 seconds .

========================================================================
Received Import Request.
  Time since last request: 111.681178 seconds.
  path: Assets/Scenes/Cozinha.unity
  artifactKey: Guid(7e98c7f9aba464b45b880729b0bfb327) Importer(815301076,1909f56bfc062723c751e8b465ee728b)
Start importing Assets/Scenes/Cozinha.unity using Guid(7e98c7f9aba464b45b880729b0bfb327) Importer(815301076,1909f56bfc062723c751e8b465ee728b)  -> (artifact id: 'c1b0ab6f4acc51f051c7a5a5bb41b8a3') in 0.151750 seconds
  Import took 0.163086 seconds .

========================================================================
Received Import Request.
  Time since last request: 5.773861 seconds.
  path: Assets/Scenes/Escritório.unity
  artifactKey: Guid(26001fe23071672489a8c57612aa6ec6) Importer(815301076,1909f56bfc062723c751e8b465ee728b)
Start importing Assets/Scenes/Escritório.unity using Guid(26001fe23071672489a8c57612aa6ec6) Importer(815301076,1909f56bfc062723c751e8b465ee728b)  -> (artifact id: 'b28c80952acab2d93bd6c56023e612d5') in 0.159918 seconds
  Import took 0.193441 seconds .

========================================================================
Received Prepare
Registering precompiled user dll's ...
Registered in 0.007199 seconds.
Begin MonoManager ReloadAssembly
Native extension for WindowsStandalone target not found
Native extension for WebGL target not found
Refreshing native plugins compatible for Editor in 0.85 ms, found 1 plugins.
Preloading 0 native plugins for Editor in 0.00 ms.
Mono: successfully reloaded assembly
- Completed reload, in 10.790 seconds
Platform modules already initialized, skipping
Refreshing native plugins compatible for Editor in 0.40 ms, found 1 plugins.
Preloading 0 native plugins for Editor in 0.00 ms.
Unloading 1807 Unused Serialized files (Serialized files now loaded: 0)
System memory in use before: 89.2 MB.
System memory in use after: 89.1 MB.

Unloading 12 unused Assets to reduce memory usage. Loaded Objects now: 2340.
Total: 4.728300 ms (FindLiveObjects: 0.234100 ms CreateObjectMapping: 0.301800 ms MarkObjects: 3.972200 ms  DeleteObjects: 0.218700 ms)

========================================================================
Received Prepare
Registering precompiled user dll's ...
Registered in 0.003523 seconds.
Begin MonoManager ReloadAssembly
Native extension for WindowsStandalone target not found
Native extension for WebGL target not found
Refreshing native plugins compatible for Editor in 2.75 ms, found 1 plugins.
Preloading 0 native plugins for Editor in 0.00 ms.
Mono: successfully reloaded assembly
- Completed reload, in 13.637 seconds
Platform modules already initialized, skipping
Refreshing native plugins compatible for Editor in 0.66 ms, found 1 plugins.
Preloading 0 native plugins for Editor in 0.00 ms.
Unloading 1807 Unused Serialized files (Serialized files now loaded: 0)
System memory in use before: 89.2 MB.
System memory in use after: 89.2 MB.

Unloading 12 unused Assets to reduce memory usage. Loaded Objects now: 2344.
Total: 5.318900 ms (FindLiveObjects: 0.334400 ms CreateObjectMapping: 0.138700 ms MarkObjects: 3.992900 ms  DeleteObjects: 0.851100 ms)

========================================================================
Received Prepare
Registering precompiled user dll's ...
Registered in 0.001764 seconds.
Begin MonoManager ReloadAssembly
Native extension for WindowsStandalone target not found
Native extension for WebGL target not found
Refreshing native plugins compatible for Editor in 0.93 ms, found 1 plugins.
Preloading 0 native plugins for Editor in 0.00 ms.
Mono: successfully reloaded assembly
- Completed reload, in 15.045 seconds
Platform modules already initialized, skipping
Refreshing native plugins compatible for Editor in 0.76 ms, found 1 plugins.
Preloading 0 native plugins for Editor in 0.00 ms.
Unloading 1807 Unused Serialized files (Serialized files now loaded: 0)
System memory in use before: 89.2 MB.
System memory in use after: 89.2 MB.

Unloading 12 unused Assets to reduce memory usage. Loaded Objects now: 2348.
Total: 34.410100 ms (FindLiveObjects: 0.352000 ms CreateObjectMapping: 0.139500 ms MarkObjects: 33.723800 ms  DeleteObjects: 0.192700 ms)

========================================================================
Received Prepare
Registering precompiled user dll's ...
Registered in 0.004434 seconds.
Begin MonoManager ReloadAssembly
Native extension for WindowsStandalone target not found
Native extension for WebGL target not found
Refreshing native plugins compatible for Editor in 0.92 ms, found 1 plugins.
Preloading 0 native plugins for Editor in 0.00 ms.
Mono: successfully reloaded assembly
- Completed reload, in  2.326 seconds
Platform modules already initialized, skipping
Refreshing native plugins compatible for Editor in 0.40 ms, found 1 plugins.
Preloading 0 native plugins for Editor in 0.00 ms.
Unloading 1807 Unused Serialized files (Serialized files now loaded: 0)
System memory in use before: 89.2 MB.
System memory in use after: 89.2 MB.

Unloading 12 unused Assets to reduce memory usage. Loaded Objects now: 2352.
Total: 4.900600 ms (FindLiveObjects: 0.764700 ms CreateObjectMapping: 0.136500 ms MarkObjects: 3.852800 ms  DeleteObjects: 0.144600 ms)

========================================================================
Received Import Request.
  Time since last request: 152.370204 seconds.
  path: Assets/Scenes/Corredor.unity
  artifactKey: Guid(a69535fa2dac2ce4493132ffab5f25cd) Importer(815301076,1909f56bfc062723c751e8b465ee728b)
Start importing Assets/Scenes/Corredor.unity using Guid(a69535fa2dac2ce4493132ffab5f25cd) Importer(815301076,1909f56bfc062723c751e8b465ee728b)  -> (artifact id: 'f06ba6c2f382544f92ec2c09c0405f49') in 0.067455 seconds
  Import took 0.073996 seconds .

========================================================================
Received Prepare
Registering precompiled user dll's ...
Registered in 0.003265 seconds.
Begin MonoManager ReloadAssembly
Native extension for WindowsStandalone target not found
Native extension for WebGL target not found
Refreshing native plugins compatible for Editor in 1.06 ms, found 1 plugins.
Preloading 0 native plugins for Editor in 0.00 ms.
Mono: successfully reloaded assembly
- Completed reload, in  3.590 seconds
Platform modules already initialized, skipping
Refreshing native plugins compatible for Editor in 0.80 ms, found 1 plugins.
Preloading 0 native plugins for Editor in 0.00 ms.
Unloading 1807 Unused Serialized files (Serialized files now loaded: 0)
System memory in use before: 89.2 MB.
System memory in use after: 89.2 MB.

Unloading 12 unused Assets to reduce memory usage. Loaded Objects now: 2356.
Total: 7.102600 ms (FindLiveObjects: 1.125900 ms CreateObjectMapping: 0.233300 ms MarkObjects: 5.535300 ms  DeleteObjects: 0.205700 ms)

========================================================================
Received Prepare
Registering precompiled user dll's ...
Registered in 0.003203 seconds.
Begin MonoManager ReloadAssembly
Native extension for WindowsStandalone target not found
Native extension for WebGL target not found
Refreshing native plugins compatible for Editor in 0.98 ms, found 1 plugins.
Preloading 0 native plugins for Editor in 0.00 ms.
Mono: successfully reloaded assembly
- Completed reload, in  4.128 seconds
Platform modules already initialized, skipping
Refreshing native plugins compatible for Editor in 0.68 ms, found 1 plugins.
Preloading 0 native plugins for Editor in 0.00 ms.
Unloading 1807 Unused Serialized files (Serialized files now loaded: 0)
System memory in use before: 89.2 MB.
System memory in use after: 89.2 MB.

Unloading 12 unused Assets to reduce memory usage. Loaded Objects now: 2360.
Total: 5.899000 ms (FindLiveObjects: 0.568200 ms CreateObjectMapping: 0.177600 ms MarkObjects: 4.930900 ms  DeleteObjects: 0.219900 ms)

========================================================================
Received Import Request.
  Time since last request: 113.787470 seconds.
  path: Assets/Scenes/Corredor.unity
  artifactKey: Guid(a69535fa2dac2ce4493132ffab5f25cd) Importer(815301076,1909f56bfc062723c751e8b465ee728b)
Start importing Assets/Scenes/Corredor.unity using Guid(a69535fa2dac2ce4493132ffab5f25cd) Importer(815301076,1909f56bfc062723c751e8b465ee728b)  -> (artifact id: 'e2987449f24917f4fa9a6027b866d8ff') in 0.041684 seconds
  Import took 0.067172 seconds .

========================================================================
Received Import Request.
  Time since last request: 8.254314 seconds.
  path: Assets/Scenes/Biblioteca.unity
  artifactKey: Guid(be9c497007ecae64c82c61f59477bc95) Importer(815301076,1909f56bfc062723c751e8b465ee728b)
Start importing Assets/Scenes/Biblioteca.unity using Guid(be9c497007ecae64c82c61f59477bc95) Importer(815301076,1909f56bfc062723c751e8b465ee728b)  -> (artifact id: '0d81615256cbf94bf7ad329c8a5d7e7d') in 0.053949 seconds
  Import took 0.095748 seconds .

========================================================================
Received Prepare
Registering precompiled user dll's ...
Registered in 0.003878 seconds.
Begin MonoManager ReloadAssembly
Native extension for WindowsStandalone target not found
Native extension for WebGL target not found
Refreshing native plugins compatible for Editor in 6.33 ms, found 1 plugins.
Preloading 0 native plugins for Editor in 0.00 ms.
Mono: successfully reloaded assembly
- Completed reload, in 10.398 seconds
Platform modules already initialized, skipping
Refreshing native plugins compatible for Editor in 1.02 ms, found 1 plugins.
Preloading 0 native plugins for Editor in 0.00 ms.
Unloading 1807 Unused Serialized files (Serialized files now loaded: 0)
System memory in use before: 89.3 MB.
System memory in use after: 89.2 MB.

Unloading 12 unused Assets to reduce memory usage. Loaded Objects now: 2364.
Total: 11.261700 ms (FindLiveObjects: 0.651300 ms CreateObjectMapping: 0.116100 ms MarkObjects: 10.259900 ms  DeleteObjects: 0.232500 ms)

========================================================================
Received Prepare
Registering precompiled user dll's ...
Registered in 0.010418 seconds.
Begin MonoManager ReloadAssembly
Native extension for WindowsStandalone target not found
Native extension for WebGL target not found
Refreshing native plugins compatible for Editor in 1.17 ms, found 1 plugins.
Preloading 0 native plugins for Editor in 0.00 ms.
Mono: successfully reloaded assembly
- Completed reload, in 19.627 seconds
Platform modules already initialized, skipping
Refreshing native plugins compatible for Editor in 0.66 ms, found 1 plugins.
Preloading 0 native plugins for Editor in 0.00 ms.
Unloading 1807 Unused Serialized files (Serialized files now loaded: 0)
System memory in use before: 89.3 MB.
System memory in use after: 89.2 MB.

Unloading 12 unused Assets to reduce memory usage. Loaded Objects now: 2368.
Total: 9.009400 ms (FindLiveObjects: 0.502700 ms CreateObjectMapping: 0.187800 ms MarkObjects: 7.911900 ms  DeleteObjects: 0.404800 ms)

========================================================================
Received Prepare
Registering precompiled user dll's ...
Registered in 0.002116 seconds.
Begin MonoManager ReloadAssembly
Native extension for WindowsStandalone target not found
Native extension for WebGL target not found
Refreshing native plugins compatible for Editor in 0.81 ms, found 1 plugins.
Preloading 0 native plugins for Editor in 0.00 ms.
Mono: successfully reloaded assembly
- Completed reload, in 10.671 seconds
Platform modules already initialized, skipping
Refreshing native plugins compatible for Editor in 0.59 ms, found 1 plugins.
Preloading 0 native plugins for Editor in 0.00 ms.
Unloading 1807 Unused Serialized files (Serialized files now loaded: 0)
System memory in use before: 89.3 MB.
System memory in use after: 89.2 MB.

Unloading 12 unused Assets to reduce memory usage. Loaded Objects now: 2372.
Total: 3.044000 ms (FindLiveObjects: 0.204000 ms CreateObjectMapping: 0.077300 ms MarkObjects: 2.492800 ms  DeleteObjects: 0.260200 ms)

========================================================================
Received Prepare
Registering precompiled user dll's ...
Registered in 0.004743 seconds.
Begin MonoManager ReloadAssembly
Native extension for WindowsStandalone target not found
Native extension for WebGL target not found
Refreshing native plugins compatible for Editor in 5.47 ms, found 1 plugins.
Preloading 0 native plugins for Editor in 0.00 ms.
Mono: successfully reloaded assembly
- Completed reload, in 18.529 seconds
Platform modules already initialized, skipping
Refreshing native plugins compatible for Editor in 0.86 ms, found 1 plugins.
Preloading 0 native plugins for Editor in 0.00 ms.
Unloading 1807 Unused Serialized files (Serialized files now loaded: 0)
System memory in use before: 89.3 MB.
System memory in use after: 89.3 MB.

Unloading 12 unused Assets to reduce memory usage. Loaded Objects now: 2376.
Total: 10.404300 ms (FindLiveObjects: 1.212500 ms CreateObjectMapping: 0.201300 ms MarkObjects: 8.720400 ms  DeleteObjects: 0.266400 ms)

========================================================================
Received Prepare
Registering precompiled user dll's ...
Registered in 0.003518 seconds.
Begin MonoManager ReloadAssembly
Native extension for WindowsStandalone target not found
Native extension for WebGL target not found
Refreshing native plugins compatible for Editor in 0.74 ms, found 1 plugins.
Preloading 0 native plugins for Editor in 0.00 ms.
Mono: successfully reloaded assembly
- Completed reload, in  3.112 seconds
Platform modules already initialized, skipping
Refreshing native plugins compatible for Editor in 0.84 ms, found 1 plugins.
Preloading 0 native plugins for Editor in 0.00 ms.
Unloading 1807 Unused Serialized files (Serialized files now loaded: 0)
System memory in use before: 89.3 MB.
System memory in use after: 89.3 MB.

Unloading 12 unused Assets to reduce memory usage. Loaded Objects now: 2380.
Total: 7.050700 ms (FindLiveObjects: 1.186100 ms CreateObjectMapping: 0.193300 ms MarkObjects: 5.438500 ms  DeleteObjects: 0.229900 ms)

========================================================================
Received Prepare
Registering precompiled user dll's ...
Registered in 0.001842 seconds.
Begin MonoManager ReloadAssembly
Native extension for WindowsStandalone target not found
Native extension for WebGL target not found
Refreshing native plugins compatible for Editor in 0.51 ms, found 1 plugins.
Preloading 0 native plugins for Editor in 0.00 ms.
Mono: successfully reloaded assembly
- Completed reload, in 17.898 seconds
Platform modules already initialized, skipping
Refreshing native plugins compatible for Editor in 0.66 ms, found 1 plugins.
Preloading 0 native plugins for Editor in 0.00 ms.
Unloading 1807 Unused Serialized files (Serialized files now loaded: 0)
System memory in use before: 89.3 MB.
System memory in use after: 89.3 MB.

Unloading 12 unused Assets to reduce memory usage. Loaded Objects now: 2384.
Total: 3.843800 ms (FindLiveObjects: 0.387500 ms CreateObjectMapping: 0.146700 ms MarkObjects: 3.048700 ms  DeleteObjects: 0.259000 ms)

========================================================================
Received Import Request.
  Time since last request: 262.018854 seconds.
  path: Assets/Scenes/SalaDeJantar.unity
  artifactKey: Guid(092d8ea6589841547bf16c6594076f3f) Importer(815301076,1909f56bfc062723c751e8b465ee728b)
Start importing Assets/Scenes/SalaDeJantar.unity using Guid(092d8ea6589841547bf16c6594076f3f) Importer(815301076,1909f56bfc062723c751e8b465ee728b)  -> (artifact id: '09b4ae55886996b2732dabb524a73f61') in 0.101384 seconds
  Import took 0.118633 seconds .

========================================================================
Received Prepare
Registering precompiled user dll's ...
Registered in 0.002216 seconds.
Begin MonoManager ReloadAssembly
Native extension for WindowsStandalone target not found
Native extension for WebGL target not found
Refreshing native plugins compatible for Editor in 0.70 ms, found 1 plugins.
Preloading 0 native plugins for Editor in 0.00 ms.
Mono: successfully reloaded assembly
- Completed reload, in  4.888 seconds
Platform modules already initialized, skipping
Refreshing native plugins compatible for Editor in 0.41 ms, found 1 plugins.
Preloading 0 native plugins for Editor in 0.00 ms.
Unloading 1807 Unused Serialized files (Serialized files now loaded: 0)
System memory in use before: 89.3 MB.
System memory in use after: 89.3 MB.

Unloading 12 unused Assets to reduce memory usage. Loaded Objects now: 2388.
Total: 4.957800 ms (FindLiveObjects: 0.546500 ms CreateObjectMapping: 0.203800 ms MarkObjects: 3.980100 ms  DeleteObjects: 0.225400 ms)

========================================================================
Received Prepare
Registering precompiled user dll's ...
Registered in 0.003782 seconds.
Begin MonoManager ReloadAssembly
Native extension for WindowsStandalone target not found
Native extension for WebGL target not found
Refreshing native plugins compatible for Editor in 0.41 ms, found 1 plugins.
Preloading 0 native plugins for Editor in 0.00 ms.
Mono: successfully reloaded assembly
- Completed reload, in 13.876 seconds
Platform modules already initialized, skipping
Refreshing native plugins compatible for Editor in 0.39 ms, found 1 plugins.
Preloading 0 native plugins for Editor in 0.00 ms.
Unloading 1807 Unused Serialized files (Serialized files now loaded: 0)
System memory in use before: 89.3 MB.
System memory in use after: 89.3 MB.

Unloading 12 unused Assets to reduce memory usage. Loaded Objects now: 2392.
Total: 3.827600 ms (FindLiveObjects: 0.331300 ms CreateObjectMapping: 0.174400 ms MarkObjects: 3.190100 ms  DeleteObjects: 0.130000 ms)

========================================================================
Received Prepare
Registering precompiled user dll's ...
Registered in 0.004785 seconds.
Begin MonoManager ReloadAssembly
Native extension for WindowsStandalone target not found
Native extension for WebGL target not found
Refreshing native plugins compatible for Editor in 0.63 ms, found 1 plugins.
Preloading 0 native plugins for Editor in 0.00 ms.
Mono: successfully reloaded assembly
- Completed reload, in 10.362 seconds
Platform modules already initialized, skipping
Refreshing native plugins compatible for Editor in 9.34 ms, found 1 plugins.
Preloading 0 native plugins for Editor in 0.00 ms.
Unloading 1807 Unused Serialized files (Serialized files now loaded: 0)
System memory in use before: 89.3 MB.
System memory in use after: 89.3 MB.

Unloading 12 unused Assets to reduce memory usage. Loaded Objects now: 2396.
Total: 37.595800 ms (FindLiveObjects: 0.373500 ms CreateObjectMapping: 0.124500 ms MarkObjects: 36.576400 ms  DeleteObjects: 0.519000 ms)

========================================================================
Received Prepare
Registering precompiled user dll's ...
Registered in 0.003097 seconds.
Begin MonoManager ReloadAssembly
Native extension for WindowsStandalone target not found
Native extension for WebGL target not found
Refreshing native plugins compatible for Editor in 2.00 ms, found 1 plugins.
Preloading 0 native plugins for Editor in 0.00 ms.
Mono: successfully reloaded assembly
- Completed reload, in 10.358 seconds
Platform modules already initialized, skipping
Refreshing native plugins compatible for Editor in 0.41 ms, found 1 plugins.
Preloading 0 native plugins for Editor in 0.00 ms.
Unloading 1807 Unused Serialized files (Serialized files now loaded: 0)
System memory in use before: 89.3 MB.
System memory in use after: 89.3 MB.

Unloading 12 unused Assets to reduce memory usage. Loaded Objects now: 2400.
Total: 3.994300 ms (FindLiveObjects: 0.217300 ms CreateObjectMapping: 0.107200 ms MarkObjects: 3.453400 ms  DeleteObjects: 0.214700 ms)

========================================================================
Received Prepare
Registering precompiled user dll's ...
Registered in 0.027646 seconds.
Begin MonoManager ReloadAssembly
Native extension for WindowsStandalone target not found
Native extension for WebGL target not found
Refreshing native plugins compatible for Editor in 5.63 ms, found 1 plugins.
Preloading 0 native plugins for Editor in 0.00 ms.
Mono: successfully reloaded assembly
- Completed reload, in 10.684 seconds
Platform modules already initialized, skipping
Refreshing native plugins compatible for Editor in 0.74 ms, found 1 plugins.
Preloading 0 native plugins for Editor in 0.00 ms.
Unloading 1807 Unused Serialized files (Serialized files now loaded: 0)
System memory in use before: 89.3 MB.
System memory in use after: 89.3 MB.

Unloading 12 unused Assets to reduce memory usage. Loaded Objects now: 2404.
Total: 4.656500 ms (FindLiveObjects: 0.413600 ms CreateObjectMapping: 0.169700 ms MarkObjects: 3.866700 ms  DeleteObjects: 0.204700 ms)

========================================================================
Received Prepare
Registering precompiled user dll's ...
Registered in 0.062860 seconds.
Begin MonoManager ReloadAssembly
Native extension for WindowsStandalone target not found
Native extension for WebGL target not found
Refreshing native plugins compatible for Editor in 0.57 ms, found 1 plugins.
Preloading 0 native plugins for Editor in 0.00 ms.
Mono: successfully reloaded assembly
- Completed reload, in 10.226 seconds
Platform modules already initialized, skipping
Refreshing native plugins compatible for Editor in 2.77 ms, found 1 plugins.
Preloading 0 native plugins for Editor in 0.00 ms.
Unloading 1807 Unused Serialized files (Serialized files now loaded: 0)
System memory in use before: 89.3 MB.
System memory in use after: 89.3 MB.

Unloading 12 unused Assets to reduce memory usage. Loaded Objects now: 2408.
Total: 10.935900 ms (FindLiveObjects: 1.336200 ms CreateObjectMapping: 0.218300 ms MarkObjects: 8.983600 ms  DeleteObjects: 0.394500 ms)

========================================================================
Received Import Request.
  Time since last request: 221.744500 seconds.
  path: Assets/Scenes/Lobby.unity
  artifactKey: Guid(a4f083f1f4303f24fb0af1ff6abb1e0b) Importer(815301076,1909f56bfc062723c751e8b465ee728b)
Start importing Assets/Scenes/Lobby.unity using Guid(a4f083f1f4303f24fb0af1ff6abb1e0b) Importer(815301076,1909f56bfc062723c751e8b465ee728b)  -> (artifact id: '1c0141cc1ebc35c00309269dc44102d1') in 0.065259 seconds
  Import took 0.087714 seconds .

========================================================================
Received Prepare
Registering precompiled user dll's ...
Registered in 0.002325 seconds.
Begin MonoManager ReloadAssembly
Native extension for WindowsStandalone target not found
Native extension for WebGL target not found
Refreshing native plugins compatible for Editor in 0.49 ms, found 1 plugins.
Preloading 0 native plugins for Editor in 0.00 ms.
Mono: successfully reloaded assembly
- Completed reload, in  3.892 seconds
Platform modules already initialized, skipping
Refreshing native plugins compatible for Editor in 0.95 ms, found 1 plugins.
Preloading 0 native plugins for Editor in 0.00 ms.
Unloading 1807 Unused Serialized files (Serialized files now loaded: 0)
System memory in use before: 89.4 MB.
System memory in use after: 89.3 MB.

Unloading 12 unused Assets to reduce memory usage. Loaded Objects now: 2412.
Total: 7.223800 ms (FindLiveObjects: 0.425600 ms CreateObjectMapping: 2.410600 ms MarkObjects: 4.194500 ms  DeleteObjects: 0.190300 ms)

========================================================================
Received Import Request.
  Time since last request: 113.760495 seconds.
  path: Assets/Scenes/SalaDeJogos.unity
  artifactKey: Guid(2b520d9a529f0e6429011344b8fbc25b) Importer(815301076,1909f56bfc062723c751e8b465ee728b)
Start importing Assets/Scenes/SalaDeJogos.unity using Guid(2b520d9a529f0e6429011344b8fbc25b) Importer(815301076,1909f56bfc062723c751e8b465ee728b)  -> (artifact id: '7556306216cbbb70c92b292adbbefd1e') in 0.063930 seconds
  Import took 0.072483 seconds .

========================================================================
Received Prepare
Registering precompiled user dll's ...
Registered in 0.003180 seconds.
Begin MonoManager ReloadAssembly
Native extension for WindowsStandalone target not found
Native extension for WebGL target not found
Refreshing native plugins compatible for Editor in 0.66 ms, found 1 plugins.
Preloading 0 native plugins for Editor in 0.00 ms.
Mono: successfully reloaded assembly
- Completed reload, in  4.160 seconds
Platform modules already initialized, skipping
Refreshing native plugins compatible for Editor in 0.71 ms, found 1 plugins.
Preloading 0 native plugins for Editor in 0.00 ms.
Unloading 1807 Unused Serialized files (Serialized files now loaded: 0)
System memory in use before: 89.4 MB.
System memory in use after: 89.4 MB.

Unloading 12 unused Assets to reduce memory usage. Loaded Objects now: 2416.
Total: 10.095700 ms (FindLiveObjects: 0.351100 ms CreateObjectMapping: 0.120600 ms MarkObjects: 9.447900 ms  DeleteObjects: 0.174000 ms)

========================================================================
Received Prepare
Registering precompiled user dll's ...
Registered in 0.003084 seconds.
Begin MonoManager ReloadAssembly
Native extension for WindowsStandalone target not found
Native extension for WebGL target not found
Refreshing native plugins compatible for Editor in 0.69 ms, found 1 plugins.
Preloading 0 native plugins for Editor in 0.00 ms.
Mono: successfully reloaded assembly
- Completed reload, in 21.579 seconds
Platform modules already initialized, skipping
Refreshing native plugins compatible for Editor in 0.63 ms, found 1 plugins.
Preloading 0 native plugins for Editor in 0.00 ms.
Unloading 1807 Unused Serialized files (Serialized files now loaded: 0)
System memory in use before: 89.4 MB.
System memory in use after: 89.4 MB.

Unloading 12 unused Assets to reduce memory usage. Loaded Objects now: 2420.
Total: 3.155600 ms (FindLiveObjects: 0.208900 ms CreateObjectMapping: 0.124000 ms MarkObjects: 2.693400 ms  DeleteObjects: 0.127800 ms)

========================================================================
Received Prepare
Registering precompiled user dll's ...
Registered in 0.004639 seconds.
Begin MonoManager ReloadAssembly
Native extension for WindowsStandalone target not found
Native extension for WebGL target not found
Refreshing native plugins compatible for Editor in 0.73 ms, found 1 plugins.
Preloading 0 native plugins for Editor in 0.00 ms.
Mono: successfully reloaded assembly
- Completed reload, in  2.933 seconds
Platform modules already initialized, skipping
Refreshing native plugins compatible for Editor in 0.67 ms, found 1 plugins.
Preloading 0 native plugins for Editor in 0.00 ms.
Unloading 1807 Unused Serialized files (Serialized files now loaded: 0)
System memory in use before: 89.4 MB.
System memory in use after: 89.4 MB.

Unloading 12 unused Assets to reduce memory usage. Loaded Objects now: 2424.
Total: 4.822700 ms (FindLiveObjects: 0.343700 ms CreateObjectMapping: 0.124400 ms MarkObjects: 4.088200 ms  DeleteObjects: 0.264000 ms)

========================================================================
Received Prepare
Registering precompiled user dll's ...
Registered in 0.003030 seconds.
Begin MonoManager ReloadAssembly
Native extension for WindowsStandalone target not found
Native extension for WebGL target not found
Refreshing native plugins compatible for Editor in 0.45 ms, found 1 plugins.
Preloading 0 native plugins for Editor in 0.00 ms.
Mono: successfully reloaded assembly
- Completed reload, in 17.156 seconds
Platform modules already initialized, skipping
Refreshing native plugins compatible for Editor in 0.56 ms, found 1 plugins.
Preloading 0 native plugins for Editor in 0.00 ms.
Unloading 1807 Unused Serialized files (Serialized files now loaded: 0)
System memory in use before: 89.4 MB.
System memory in use after: 89.4 MB.

Unloading 12 unused Assets to reduce memory usage. Loaded Objects now: 2428.
Total: 5.663900 ms (FindLiveObjects: 0.601600 ms CreateObjectMapping: 0.179400 ms MarkObjects: 4.657900 ms  DeleteObjects: 0.223200 ms)

========================================================================
Received Prepare
Registering precompiled user dll's ...
Registered in 0.003358 seconds.
Begin MonoManager ReloadAssembly
Native extension for WindowsStandalone target not found
Native extension for WebGL target not found
Refreshing native plugins compatible for Editor in 0.91 ms, found 1 plugins.
Preloading 0 native plugins for Editor in 0.00 ms.
Mono: successfully reloaded assembly
- Completed reload, in 18.172 seconds
Platform modules already initialized, skipping
Refreshing native plugins compatible for Editor in 1.21 ms, found 1 plugins.
Preloading 0 native plugins for Editor in 0.00 ms.
Unloading 1807 Unused Serialized files (Serialized files now loaded: 0)
System memory in use before: 89.4 MB.
System memory in use after: 89.4 MB.

Unloading 12 unused Assets to reduce memory usage. Loaded Objects now: 2432.
Total: 29.157200 ms (FindLiveObjects: 0.301300 ms CreateObjectMapping: 0.110500 ms MarkObjects: 21.128700 ms  DeleteObjects: 7.614300 ms)

========================================================================
Received Import Request.
  Time since last request: 341.933981 seconds.
  path: Assets/Scenes/Lobby.unity
  artifactKey: Guid(a4f083f1f4303f24fb0af1ff6abb1e0b) Importer(815301076,1909f56bfc062723c751e8b465ee728b)
Start importing Assets/Scenes/Lobby.unity using Guid(a4f083f1f4303f24fb0af1ff6abb1e0b) Importer(815301076,1909f56bfc062723c751e8b465ee728b)  -> (artifact id: 'd62451c669a159972f56b546645e7725') in 0.064475 seconds
  Import took 0.076482 seconds .

========================================================================
Received Prepare
Registering precompiled user dll's ...
Registered in 0.003702 seconds.
Begin MonoManager ReloadAssembly
Native extension for WindowsStandalone target not found
Native extension for WebGL target not found
Refreshing native plugins compatible for Editor in 0.75 ms, found 1 plugins.
Preloading 0 native plugins for Editor in 0.00 ms.
Mono: successfully reloaded assembly
- Completed reload, in  3.609 seconds
Platform modules already initialized, skipping
Refreshing native plugins compatible for Editor in 0.40 ms, found 1 plugins.
Preloading 0 native plugins for Editor in 0.00 ms.
Unloading 1807 Unused Serialized files (Serialized files now loaded: 0)
System memory in use before: 89.4 MB.
System memory in use after: 89.4 MB.

Unloading 12 unused Assets to reduce memory usage. Loaded Objects now: 2436.
Total: 34.792600 ms (FindLiveObjects: 0.311900 ms CreateObjectMapping: 0.107300 ms MarkObjects: 34.207400 ms  DeleteObjects: 0.164000 ms)

========================================================================
Received Import Request.
  Time since last request: 26.981504 seconds.
  path: Assets/Scenes/Banheiro.unity
  artifactKey: Guid(21b4bdc027f75504ab8db3355323186f) Importer(815301076,1909f56bfc062723c751e8b465ee728b)
Start importing Assets/Scenes/Banheiro.unity using Guid(21b4bdc027f75504ab8db3355323186f) Importer(815301076,1909f56bfc062723c751e8b465ee728b)  -> (artifact id: '5874521c825cc42cb3fd4a0804890495') in 0.069019 seconds
  Import took 0.087010 seconds .

========================================================================
Received Prepare
Registering precompiled user dll's ...
Registered in 0.002362 seconds.
Begin MonoManager ReloadAssembly
Native extension for WindowsStandalone target not found
Native extension for WebGL target not found
Refreshing native plugins compatible for Editor in 1.52 ms, found 1 plugins.
Preloading 0 native plugins for Editor in 0.00 ms.
Mono: successfully reloaded assembly
- Completed reload, in 14.546 seconds
Platform modules already initialized, skipping
Refreshing native plugins compatible for Editor in 0.65 ms, found 1 plugins.
Preloading 0 native plugins for Editor in 0.00 ms.
Unloading 1807 Unused Serialized files (Serialized files now loaded: 0)
System memory in use before: 89.4 MB.
System memory in use after: 89.4 MB.

Unloading 12 unused Assets to reduce memory usage. Loaded Objects now: 2440.
Total: 3.439700 ms (FindLiveObjects: 0.218000 ms CreateObjectMapping: 0.078500 ms MarkObjects: 2.953800 ms  DeleteObjects: 0.187800 ms)

========================================================================
Received Prepare
Registering precompiled user dll's ...
Registered in 0.003401 seconds.
Begin MonoManager ReloadAssembly
Native extension for WindowsStandalone target not found
Native extension for WebGL target not found
Refreshing native plugins compatible for Editor in 1.43 ms, found 1 plugins.
Preloading 0 native plugins for Editor in 0.00 ms.
Mono: successfully reloaded assembly
- Completed reload, in 11.871 seconds
Platform modules already initialized, skipping
Refreshing native plugins compatible for Editor in 0.65 ms, found 1 plugins.
Preloading 0 native plugins for Editor in 0.00 ms.
Unloading 1807 Unused Serialized files (Serialized files now loaded: 0)
System memory in use before: 89.5 MB.
System memory in use after: 89.4 MB.

Unloading 12 unused Assets to reduce memory usage. Loaded Objects now: 2444.
Total: 10.363400 ms (FindLiveObjects: 0.336900 ms CreateObjectMapping: 1.248000 ms MarkObjects: 6.484700 ms  DeleteObjects: 2.291500 ms)

========================================================================
Received Prepare
Registering precompiled user dll's ...
Registered in 0.002974 seconds.
Begin MonoManager ReloadAssembly
Native extension for WindowsStandalone target not found
Native extension for WebGL target not found
Refreshing native plugins compatible for Editor in 4.70 ms, found 1 plugins.
Preloading 0 native plugins for Editor in 0.00 ms.
Mono: successfully reloaded assembly
- Completed reload, in 21.268 seconds
Platform modules already initialized, skipping
Refreshing native plugins compatible for Editor in 0.99 ms, found 1 plugins.
Preloading 0 native plugins for Editor in 0.00 ms.
Unloading 1807 Unused Serialized files (Serialized files now loaded: 0)
System memory in use before: 89.5 MB.
System memory in use after: 89.4 MB.

Unloading 12 unused Assets to reduce memory usage. Loaded Objects now: 2448.
Total: 20.611100 ms (FindLiveObjects: 11.359000 ms CreateObjectMapping: 0.251300 ms MarkObjects: 7.589300 ms  DeleteObjects: 1.409100 ms)

========================================================================
Received Import Request.
  Time since last request: 211.828210 seconds.
  path: Assets/Scenes/Biblioteca.unity
  artifactKey: Guid(be9c497007ecae64c82c61f59477bc95) Importer(815301076,1909f56bfc062723c751e8b465ee728b)
Start importing Assets/Scenes/Biblioteca.unity using Guid(be9c497007ecae64c82c61f59477bc95) Importer(815301076,1909f56bfc062723c751e8b465ee728b)  -> (artifact id: '19e55b42d92d51fa3d21e30d8eaceb1d') in 0.080958 seconds
  Import took 0.098112 seconds .

========================================================================
Received Prepare
Registering precompiled user dll's ...
Registered in 0.005338 seconds.
Begin MonoManager ReloadAssembly
Native extension for WindowsStandalone target not found
Native extension for WebGL target not found
Refreshing native plugins compatible for Editor in 0.41 ms, found 1 plugins.
Preloading 0 native plugins for Editor in 0.00 ms.
Mono: successfully reloaded assembly
- Completed reload, in  2.991 seconds
Platform modules already initialized, skipping
Refreshing native plugins compatible for Editor in 0.80 ms, found 1 plugins.
Preloading 0 native plugins for Editor in 0.00 ms.
Unloading 1807 Unused Serialized files (Serialized files now loaded: 0)
System memory in use before: 89.5 MB.
System memory in use after: 89.5 MB.

Unloading 12 unused Assets to reduce memory usage. Loaded Objects now: 2452.
Total: 5.656500 ms (FindLiveObjects: 0.438900 ms CreateObjectMapping: 0.353200 ms MarkObjects: 4.539800 ms  DeleteObjects: 0.322200 ms)

========================================================================
Received Prepare
Registering precompiled user dll's ...
Registered in 0.003172 seconds.
Begin MonoManager ReloadAssembly
Native extension for WindowsStandalone target not found
Native extension for WebGL target not found
Refreshing native plugins compatible for Editor in 0.80 ms, found 1 plugins.
Preloading 0 native plugins for Editor in 0.00 ms.
Mono: successfully reloaded assembly
- Completed reload, in 12.275 seconds
Platform modules already initialized, skipping
Refreshing native plugins compatible for Editor in 0.87 ms, found 1 plugins.
Preloading 0 native plugins for Editor in 0.00 ms.
Unloading 1807 Unused Serialized files (Serialized files now loaded: 0)
System memory in use before: 89.5 MB.
System memory in use after: 89.5 MB.

Unloading 12 unused Assets to reduce memory usage. Loaded Objects now: 2456.
Total: 6.687400 ms (FindLiveObjects: 0.337800 ms CreateObjectMapping: 0.134800 ms MarkObjects: 5.610600 ms  DeleteObjects: 0.602400 ms)

========================================================================
Received Import Request.
  Time since last request: 140.539829 seconds.
  path: Assets/Scenes/SalaDeFora.unity
  artifactKey: Guid(ef571ca08f0f18d4ebfddfe86d07d622) Importer(815301076,1909f56bfc062723c751e8b465ee728b)
Start importing Assets/Scenes/SalaDeFora.unity using Guid(ef571ca08f0f18d4ebfddfe86d07d622) Importer(815301076,1909f56bfc062723c751e8b465ee728b)  -> (artifact id: '68735d74589d21e3b90ef9e0ab54ac66') in 0.066582 seconds
  Import took 0.084244 seconds .

========================================================================
Received Prepare
Registering precompiled user dll's ...
Registered in 0.003990 seconds.
Begin MonoManager ReloadAssembly
Native extension for WindowsStandalone target not found
Native extension for WebGL target not found
Refreshing native plugins compatible for Editor in 0.52 ms, found 1 plugins.
Preloading 0 native plugins for Editor in 0.00 ms.
Mono: successfully reloaded assembly
- Completed reload, in  5.872 seconds
Platform modules already initialized, skipping
Refreshing native plugins compatible for Editor in 0.92 ms, found 1 plugins.
Preloading 0 native plugins for Editor in 0.00 ms.
Unloading 1807 Unused Serialized files (Serialized files now loaded: 0)
System memory in use before: 89.5 MB.
System memory in use after: 89.5 MB.

Unloading 12 unused Assets to reduce memory usage. Loaded Objects now: 2460.
Total: 108.297700 ms (FindLiveObjects: 0.497300 ms CreateObjectMapping: 0.165900 ms MarkObjects: 107.457200 ms  DeleteObjects: 0.175000 ms)

========================================================================
Received Import Request.
  Time since last request: 102.545078 seconds.
  path: Assets/Scenes/Piscina.unity
  artifactKey: Guid(2468a26cc0b59b543aeb30e1512b4b67) Importer(815301076,1909f56bfc062723c751e8b465ee728b)
Start importing Assets/Scenes/Piscina.unity using Guid(2468a26cc0b59b543aeb30e1512b4b67) Importer(815301076,1909f56bfc062723c751e8b465ee728b)  -> (artifact id: '09c0234faca04f7dda187aed3f50388e') in 0.073110 seconds
  Import took 0.090967 seconds .

========================================================================
Received Prepare
Registering precompiled user dll's ...
Registered in 0.008278 seconds.
Begin MonoManager ReloadAssembly
Native extension for WindowsStandalone target not found
Native extension for WebGL target not found
Refreshing native plugins compatible for Editor in 0.73 ms, found 1 plugins.
Preloading 0 native plugins for Editor in 0.00 ms.
Mono: successfully reloaded assembly
- Completed reload, in 10.847 seconds
Platform modules already initialized, skipping
Refreshing native plugins compatible for Editor in 0.80 ms, found 1 plugins.
Preloading 0 native plugins for Editor in 0.00 ms.
Unloading 1807 Unused Serialized files (Serialized files now loaded: 0)
System memory in use before: 89.5 MB.
System memory in use after: 89.5 MB.

Unloading 12 unused Assets to reduce memory usage. Loaded Objects now: 2464.
Total: 30.753400 ms (FindLiveObjects: 8.140900 ms CreateObjectMapping: 0.284900 ms MarkObjects: 22.042900 ms  DeleteObjects: 0.282200 ms)

========================================================================
Received Import Request.
  Time since last request: 70.470764 seconds.
  path: Assets/Scenes/Cozinha.unity
  artifactKey: Guid(7e98c7f9aba464b45b880729b0bfb327) Importer(815301076,1909f56bfc062723c751e8b465ee728b)
Start importing Assets/Scenes/Cozinha.unity using Guid(7e98c7f9aba464b45b880729b0bfb327) Importer(815301076,1909f56bfc062723c751e8b465ee728b)  -> (artifact id: '5014cd91bb9d0a85c72729e2f00b616f') in 0.061792 seconds
  Import took 0.073335 seconds .

========================================================================
Received Prepare
Registering precompiled user dll's ...
Registered in 0.010281 seconds.
Begin MonoManager ReloadAssembly
Native extension for WindowsStandalone target not found
Native extension for WebGL target not found
Refreshing native plugins compatible for Editor in 35.07 ms, found 1 plugins.
Preloading 0 native plugins for Editor in 0.00 ms.
Mono: successfully reloaded assembly
- Completed reload, in 11.161 seconds
Platform modules already initialized, skipping
Refreshing native plugins compatible for Editor in 0.59 ms, found 1 plugins.
Preloading 0 native plugins for Editor in 0.00 ms.
Unloading 1807 Unused Serialized files (Serialized files now loaded: 0)
System memory in use before: 89.5 MB.
System memory in use after: 89.5 MB.

Unloading 12 unused Assets to reduce memory usage. Loaded Objects now: 2468.
Total: 3.377900 ms (FindLiveObjects: 0.218600 ms CreateObjectMapping: 0.080000 ms MarkObjects: 2.845700 ms  DeleteObjects: 0.230100 ms)

========================================================================
Received Prepare
Registering precompiled user dll's ...
Registered in 0.003129 seconds.
Begin MonoManager ReloadAssembly
Native extension for WindowsStandalone target not found
Native extension for WebGL target not found
Refreshing native plugins compatible for Editor in 0.86 ms, found 1 plugins.
Preloading 0 native plugins for Editor in 0.00 ms.
Mono: successfully reloaded assembly
- Completed reload, in 11.562 seconds
Platform modules already initialized, skipping
Refreshing native plugins compatible for Editor in 0.65 ms, found 1 plugins.
Preloading 0 native plugins for Editor in 0.00 ms.
Unloading 1807 Unused Serialized files (Serialized files now loaded: 0)
System memory in use before: 89.5 MB.
System memory in use after: 89.5 MB.

Unloading 12 unused Assets to reduce memory usage. Loaded Objects now: 2472.
Total: 3.081100 ms (FindLiveObjects: 0.401300 ms CreateObjectMapping: 0.095100 ms MarkObjects: 2.380300 ms  DeleteObjects: 0.202400 ms)

========================================================================
Received Prepare
Registering precompiled user dll's ...
Registered in 0.005075 seconds.
Begin MonoManager ReloadAssembly
Native extension for WindowsStandalone target not found
Native extension for WebGL target not found
Refreshing native plugins compatible for Editor in 0.70 ms, found 1 plugins.
Preloading 0 native plugins for Editor in 0.00 ms.
Mono: successfully reloaded assembly
- Completed reload, in 11.745 seconds
Platform modules already initialized, skipping
Refreshing native plugins compatible for Editor in 1.45 ms, found 1 plugins.
Preloading 0 native plugins for Editor in 0.00 ms.
Unloading 1807 Unused Serialized files (Serialized files now loaded: 0)
System memory in use before: 89.5 MB.
System memory in use after: 89.5 MB.

Unloading 12 unused Assets to reduce memory usage. Loaded Objects now: 2476.
Total: 896.596300 ms (FindLiveObjects: 0.772100 ms CreateObjectMapping: 0.183800 ms MarkObjects: 893.196300 ms  DeleteObjects: 2.441800 ms)

========================================================================
Received Import Request.
  Time since last request: 150.794051 seconds.
  path: Assets/Scenes/Lobby.unity
  artifactKey: Guid(a4f083f1f4303f24fb0af1ff6abb1e0b) Importer(815301076,1909f56bfc062723c751e8b465ee728b)
Start importing Assets/Scenes/Lobby.unity using Guid(a4f083f1f4303f24fb0af1ff6abb1e0b) Importer(815301076,1909f56bfc062723c751e8b465ee728b)  -> (artifact id: '3343b77d02ce26436005025668ac85f4') in 0.100686 seconds
  Import took 0.112928 seconds .

========================================================================
Received Prepare
Registering precompiled user dll's ...
Registered in 0.006285 seconds.
Begin MonoManager ReloadAssembly
Native extension for WindowsStandalone target not found
Native extension for WebGL target not found
Refreshing native plugins compatible for Editor in 1.09 ms, found 1 plugins.
Preloading 0 native plugins for Editor in 0.00 ms.
Mono: successfully reloaded assembly
- Completed reload, in 10.702 seconds
Platform modules already initialized, skipping
Refreshing native plugins compatible for Editor in 0.76 ms, found 1 plugins.
Preloading 0 native plugins for Editor in 0.00 ms.
Unloading 1807 Unused Serialized files (Serialized files now loaded: 0)
System memory in use before: 89.6 MB.
System memory in use after: 89.5 MB.

Unloading 12 unused Assets to reduce memory usage. Loaded Objects now: 2480.
Total: 8.483300 ms (FindLiveObjects: 0.386400 ms CreateObjectMapping: 0.141200 ms MarkObjects: 7.773500 ms  DeleteObjects: 0.180200 ms)

========================================================================
Received Prepare
Registering precompiled user dll's ...
Registered in 0.004309 seconds.
Begin MonoManager ReloadAssembly
Native extension for WindowsStandalone target not found
Native extension for WebGL target not found
Refreshing native plugins compatible for Editor in 2.34 ms, found 1 plugins.
Preloading 0 native plugins for Editor in 0.00 ms.
Mono: successfully reloaded assembly
- Completed reload, in 11.824 seconds
Platform modules already initialized, skipping
Refreshing native plugins compatible for Editor in 0.64 ms, found 1 plugins.
Preloading 0 native plugins for Editor in 0.00 ms.
Unloading 1807 Unused Serialized files (Serialized files now loaded: 0)
System memory in use before: 89.6 MB.
System memory in use after: 89.5 MB.

Unloading 12 unused Assets to reduce memory usage. Loaded Objects now: 2484.
Total: 18.668500 ms (FindLiveObjects: 10.229900 ms CreateObjectMapping: 0.992800 ms MarkObjects: 6.868500 ms  DeleteObjects: 0.575100 ms)

========================================================================
Received Prepare
Registering precompiled user dll's ...
Registered in 0.006710 seconds.
Begin MonoManager ReloadAssembly
Native extension for WindowsStandalone target not found
Native extension for WebGL target not found
Refreshing native plugins compatible for Editor in 5.17 ms, found 1 plugins.
Preloading 0 native plugins for Editor in 0.00 ms.
Mono: successfully reloaded assembly
- Completed reload, in 11.959 seconds
Platform modules already initialized, skipping
Refreshing native plugins compatible for Editor in 0.83 ms, found 1 plugins.
Preloading 0 native plugins for Editor in 0.00 ms.
Unloading 1807 Unused Serialized files (Serialized files now loaded: 0)
System memory in use before: 89.6 MB.
System memory in use after: 89.6 MB.

Unloading 12 unused Assets to reduce memory usage. Loaded Objects now: 2488.
Total: 6.458100 ms (FindLiveObjects: 0.258800 ms CreateObjectMapping: 0.132600 ms MarkObjects: 3.874500 ms  DeleteObjects: 2.190300 ms)

========================================================================
Received Prepare
Registering precompiled user dll's ...
Registered in 0.002442 seconds.
Begin MonoManager ReloadAssembly
Native extension for WindowsStandalone target not found
Native extension for WebGL target not found
Refreshing native plugins compatible for Editor in 0.77 ms, found 1 plugins.
Preloading 0 native plugins for Editor in 0.00 ms.
Mono: successfully reloaded assembly
- Completed reload, in 20.983 seconds
Platform modules already initialized, skipping
Refreshing native plugins compatible for Editor in 0.91 ms, found 1 plugins.
Preloading 0 native plugins for Editor in 0.00 ms.
Unloading 1807 Unused Serialized files (Serialized files now loaded: 0)
System memory in use before: 89.6 MB.
System memory in use after: 89.6 MB.

Unloading 12 unused Assets to reduce memory usage. Loaded Objects now: 2492.
Total: 14.002100 ms (FindLiveObjects: 1.014800 ms CreateObjectMapping: 1.772600 ms MarkObjects: 11.019400 ms  DeleteObjects: 0.192900 ms)

========================================================================
Received Import Request.
  Time since last request: 185.572978 seconds.
  path: Assets/Scenes/Corredor.unity
  artifactKey: Guid(a69535fa2dac2ce4493132ffab5f25cd) Importer(815301076,1909f56bfc062723c751e8b465ee728b)
Start importing Assets/Scenes/Corredor.unity using Guid(a69535fa2dac2ce4493132ffab5f25cd) Importer(815301076,1909f56bfc062723c751e8b465ee728b)  -> (artifact id: '3fafe435bbc4d206aee3d801cc37be41') in 0.065300 seconds
  Import took 0.076182 seconds .

========================================================================
Received Prepare
Registering precompiled user dll's ...
Registered in 0.003654 seconds.
Begin MonoManager ReloadAssembly
Native extension for WindowsStandalone target not found
Native extension for WebGL target not found
Refreshing native plugins compatible for Editor in 0.81 ms, found 1 plugins.
Preloading 0 native plugins for Editor in 0.00 ms.
Mono: successfully reloaded assembly
- Completed reload, in  8.731 seconds
Platform modules already initialized, skipping
Refreshing native plugins compatible for Editor in 0.41 ms, found 1 plugins.
Preloading 0 native plugins for Editor in 0.00 ms.
Unloading 1807 Unused Serialized files (Serialized files now loaded: 0)
System memory in use before: 89.6 MB.
System memory in use after: 89.6 MB.

Unloading 12 unused Assets to reduce memory usage. Loaded Objects now: 2496.
Total: 3.123700 ms (FindLiveObjects: 0.415800 ms CreateObjectMapping: 0.165400 ms MarkObjects: 2.408100 ms  DeleteObjects: 0.132800 ms)

========================================================================
Received Prepare
Registering precompiled user dll's ...
Registered in 0.006544 seconds.
Begin MonoManager ReloadAssembly
Native extension for WindowsStandalone target not found
Native extension for WebGL target not found
Refreshing native plugins compatible for Editor in 1.91 ms, found 1 plugins.
Preloading 0 native plugins for Editor in 0.00 ms.
Mono: successfully reloaded assembly
- Completed reload, in  3.683 seconds
Platform modules already initialized, skipping
Refreshing native plugins compatible for Editor in 1.20 ms, found 1 plugins.
Preloading 0 native plugins for Editor in 0.00 ms.
Unloading 1807 Unused Serialized files (Serialized files now loaded: 0)
System memory in use before: 89.6 MB.
System memory in use after: 89.6 MB.

Unloading 12 unused Assets to reduce memory usage. Loaded Objects now: 2500.
Total: 7.289300 ms (FindLiveObjects: 2.631800 ms CreateObjectMapping: 0.184200 ms MarkObjects: 4.338300 ms  DeleteObjects: 0.133300 ms)

========================================================================
Received Prepare
Registering precompiled user dll's ...
Registered in 0.004867 seconds.
Begin MonoManager ReloadAssembly
Native extension for WindowsStandalone target not found
Native extension for WebGL target not found
Refreshing native plugins compatible for Editor in 0.76 ms, found 1 plugins.
Preloading 0 native plugins for Editor in 0.00 ms.
Mono: successfully reloaded assembly
- Completed reload, in  9.136 seconds
Platform modules already initialized, skipping
Refreshing native plugins compatible for Editor in 1.14 ms, found 1 plugins.
Preloading 0 native plugins for Editor in 0.00 ms.
Unloading 1807 Unused Serialized files (Serialized files now loaded: 0)
System memory in use before: 89.6 MB.
System memory in use after: 89.6 MB.

Unloading 12 unused Assets to reduce memory usage. Loaded Objects now: 2504.
Total: 5.560200 ms (FindLiveObjects: 0.902200 ms CreateObjectMapping: 0.175000 ms MarkObjects: 4.252500 ms  DeleteObjects: 0.227900 ms)

========================================================================
Received Prepare
Registering precompiled user dll's ...
Registered in 0.003129 seconds.
Begin MonoManager ReloadAssembly
Native extension for WindowsStandalone target not found
Native extension for WebGL target not found
Refreshing native plugins compatible for Editor in 0.56 ms, found 1 plugins.
Preloading 0 native plugins for Editor in 0.00 ms.
Mono: successfully reloaded assembly
- Completed reload, in 15.070 seconds
Platform modules already initialized, skipping
Refreshing native plugins compatible for Editor in 0.75 ms, found 1 plugins.
Preloading 0 native plugins for Editor in 0.00 ms.
Unloading 1807 Unused Serialized files (Serialized files now loaded: 0)
System memory in use before: 89.6 MB.
System memory in use after: 89.6 MB.

Unloading 12 unused Assets to reduce memory usage. Loaded Objects now: 2508.
Total: 14.207400 ms (FindLiveObjects: 2.660700 ms CreateObjectMapping: 0.168100 ms MarkObjects: 11.175800 ms  DeleteObjects: 0.200500 ms)

========================================================================
Received Prepare
Registering precompiled user dll's ...
Registered in 0.002437 seconds.
Begin MonoManager ReloadAssembly
Native extension for WindowsStandalone target not found
Native extension for WebGL target not found
Refreshing native plugins compatible for Editor in 7.78 ms, found 1 plugins.
Preloading 0 native plugins for Editor in 0.00 ms.
Mono: successfully reloaded assembly
- Completed reload, in 19.875 seconds
Platform modules already initialized, skipping
Refreshing native plugins compatible for Editor in 0.72 ms, found 1 plugins.
Preloading 0 native plugins for Editor in 0.00 ms.
Unloading 1807 Unused Serialized files (Serialized files now loaded: 0)
System memory in use before: 89.6 MB.
System memory in use after: 89.6 MB.

Unloading 12 unused Assets to reduce memory usage. Loaded Objects now: 2512.
Total: 3.810500 ms (FindLiveObjects: 0.418200 ms CreateObjectMapping: 0.122500 ms MarkObjects: 3.036800 ms  DeleteObjects: 0.230400 ms)

========================================================================
Received Import Request.
  Time since last request: 211.301129 seconds.
  path: Assets/Scenes/Banheiro.unity
  artifactKey: Guid(21b4bdc027f75504ab8db3355323186f) Importer(815301076,1909f56bfc062723c751e8b465ee728b)
Start importing Assets/Scenes/Banheiro.unity using Guid(21b4bdc027f75504ab8db3355323186f) Importer(815301076,1909f56bfc062723c751e8b465ee728b)  -> (artifact id: '36ff5436925c08d9095c1d1d386ca1b5') in 0.071425 seconds
  Import took 0.083495 seconds .

========================================================================
Received Prepare
Registering precompiled user dll's ...
Registered in 0.007850 seconds.
Begin MonoManager ReloadAssembly
Native extension for WindowsStandalone target not found
Native extension for WebGL target not found
Refreshing native plugins compatible for Editor in 1.10 ms, found 1 plugins.
Preloading 0 native plugins for Editor in 0.00 ms.
Mono: successfully reloaded assembly
- Completed reload, in  7.970 seconds
Platform modules already initialized, skipping
Refreshing native plugins compatible for Editor in 0.41 ms, found 1 plugins.
Preloading 0 native plugins for Editor in 0.00 ms.
Unloading 1807 Unused Serialized files (Serialized files now loaded: 0)
System memory in use before: 89.6 MB.
System memory in use after: 89.6 MB.

Unloading 12 unused Assets to reduce memory usage. Loaded Objects now: 2516.
Total: 3.661600 ms (FindLiveObjects: 0.456800 ms CreateObjectMapping: 0.178100 ms MarkObjects: 2.780500 ms  DeleteObjects: 0.243700 ms)

========================================================================
Received Import Request.
  Time since last request: 23.457068 seconds.
  path: Assets/Scenes/Biblioteca.unity
  artifactKey: Guid(be9c497007ecae64c82c61f59477bc95) Importer(815301076,1909f56bfc062723c751e8b465ee728b)
Start importing Assets/Scenes/Biblioteca.unity using Guid(be9c497007ecae64c82c61f59477bc95) Importer(815301076,1909f56bfc062723c751e8b465ee728b)  -> (artifact id: '0ddad3072d6b8c08e3894915cd380307') in 0.074240 seconds
  Import took 0.093232 seconds .

========================================================================
Received Import Request.
  Time since last request: 20.597751 seconds.
  path: Assets/Scenes/Corredor.unity
  artifactKey: Guid(a69535fa2dac2ce4493132ffab5f25cd) Importer(815301076,1909f56bfc062723c751e8b465ee728b)
Start importing Assets/Scenes/Corredor.unity using Guid(a69535fa2dac2ce4493132ffab5f25cd) Importer(815301076,1909f56bfc062723c751e8b465ee728b)  -> (artifact id: '4d1946e0ceaf8d894c9182e48df5b091') in 0.042351 seconds
  Import took 0.069787 seconds .

========================================================================
Received Prepare
Registering precompiled user dll's ...
Registered in 0.005684 seconds.
Begin MonoManager ReloadAssembly
Native extension for WindowsStandalone target not found
Native extension for WebGL target not found
Refreshing native plugins compatible for Editor in 0.76 ms, found 1 plugins.
Preloading 0 native plugins for Editor in 0.00 ms.
Mono: successfully reloaded assembly
- Completed reload, in  3.061 seconds
Platform modules already initialized, skipping
Refreshing native plugins compatible for Editor in 0.47 ms, found 1 plugins.
Preloading 0 native plugins for Editor in 0.00 ms.
Unloading 1807 Unused Serialized files (Serialized files now loaded: 0)
System memory in use before: 89.7 MB.
System memory in use after: 89.6 MB.

Unloading 12 unused Assets to reduce memory usage. Loaded Objects now: 2520.
Total: 2.641400 ms (FindLiveObjects: 0.388100 ms CreateObjectMapping: 0.106400 ms MarkObjects: 1.993800 ms  DeleteObjects: 0.151400 ms)

========================================================================
Received Import Request.
  Time since last request: 6.932962 seconds.
  path: Assets/Scenes/Biblioteca.unity
  artifactKey: Guid(be9c497007ecae64c82c61f59477bc95) Importer(815301076,1909f56bfc062723c751e8b465ee728b)
Start importing Assets/Scenes/Biblioteca.unity using Guid(be9c497007ecae64c82c61f59477bc95) Importer(815301076,1909f56bfc062723c751e8b465ee728b)  -> (artifact id: '2a01d10aca02a9bbe3282ec67c44b6d3') in 0.043943 seconds
  Import took 0.050337 seconds .

========================================================================
Received Prepare
Registering precompiled user dll's ...
Registered in 0.003819 seconds.
Begin MonoManager ReloadAssembly
Native extension for WindowsStandalone target not found
Native extension for WebGL target not found
Refreshing native plugins compatible for Editor in 0.46 ms, found 1 plugins.
Preloading 0 native plugins for Editor in 0.00 ms.
Mono: successfully reloaded assembly
- Completed reload, in  3.397 seconds
Platform modules already initialized, skipping
Refreshing native plugins compatible for Editor in 0.66 ms, found 1 plugins.
Preloading 0 native plugins for Editor in 0.00 ms.
Unloading 1807 Unused Serialized files (Serialized files now loaded: 0)
System memory in use before: 89.7 MB.
System memory in use after: 89.7 MB.

Unloading 12 unused Assets to reduce memory usage. Loaded Objects now: 2524.
Total: 7.946600 ms (FindLiveObjects: 0.347600 ms CreateObjectMapping: 0.148100 ms MarkObjects: 7.224800 ms  DeleteObjects: 0.212200 ms)

========================================================================
Received Prepare
Registering precompiled user dll's ...
Registered in 0.002678 seconds.
Begin MonoManager ReloadAssembly
Native extension for WindowsStandalone target not found
Native extension for WebGL target not found
Refreshing native plugins compatible for Editor in 1.09 ms, found 1 plugins.
Preloading 0 native plugins for Editor in 0.00 ms.
Mono: successfully reloaded assembly
- Completed reload, in  3.385 seconds
Platform modules already initialized, skipping
Refreshing native plugins compatible for Editor in 0.48 ms, found 1 plugins.
Preloading 0 native plugins for Editor in 0.00 ms.
Unloading 1807 Unused Serialized files (Serialized files now loaded: 0)
System memory in use before: 89.7 MB.
System memory in use after: 89.7 MB.

Unloading 12 unused Assets to reduce memory usage. Loaded Objects now: 2528.
Total: 10.477300 ms (FindLiveObjects: 0.483200 ms CreateObjectMapping: 1.943600 ms MarkObjects: 7.839100 ms  DeleteObjects: 0.209400 ms)

========================================================================
Received Import Request.
  Time since last request: 449.210855 seconds.
  path: Assets/Prefabs/ParadoDireita.anim
  artifactKey: Guid(2351b73290c41684fa5d8514934530fe) Importer(815301076,1909f56bfc062723c751e8b465ee728b)
Start importing Assets/Prefabs/ParadoDireita.anim using Guid(2351b73290c41684fa5d8514934530fe) Importer(815301076,1909f56bfc062723c751e8b465ee728b)  -> (artifact id: 'd487670eb9f35ef2782b6d51997fd79c') in 0.093499 seconds
  Import took 0.120651 seconds .

========================================================================
Received Prepare
Registering precompiled user dll's ...
Registered in 0.003426 seconds.
Begin MonoManager ReloadAssembly
Native extension for WindowsStandalone target not found
Native extension for WebGL target not found
Refreshing native plugins compatible for Editor in 0.48 ms, found 1 plugins.
Preloading 0 native plugins for Editor in 0.00 ms.
Mono: successfully reloaded assembly
- Completed reload, in 13.919 seconds
Platform modules already initialized, skipping
Refreshing native plugins compatible for Editor in 0.68 ms, found 1 plugins.
Preloading 0 native plugins for Editor in 0.00 ms.
Unloading 1807 Unused Serialized files (Serialized files now loaded: 0)
System memory in use before: 89.7 MB.
System memory in use after: 89.7 MB.

Unloading 12 unused Assets to reduce memory usage. Loaded Objects now: 2532.
Total: 4.614000 ms (FindLiveObjects: 0.238100 ms CreateObjectMapping: 0.078500 ms MarkObjects: 4.022100 ms  DeleteObjects: 0.273100 ms)

========================================================================
Received Prepare
Registering precompiled user dll's ...
Registered in 0.001966 seconds.
Begin MonoManager ReloadAssembly
Native extension for WindowsStandalone target not found
Native extension for WebGL target not found
Refreshing native plugins compatible for Editor in 0.41 ms, found 1 plugins.
Preloading 0 native plugins for Editor in 0.00 ms.
Mono: successfully reloaded assembly
- Completed reload, in  2.995 seconds
Platform modules already initialized, skipping
Refreshing native plugins compatible for Editor in 0.69 ms, found 1 plugins.
Preloading 0 native plugins for Editor in 0.00 ms.
Unloading 1807 Unused Serialized files (Serialized files now loaded: 0)
System memory in use before: 89.7 MB.
System memory in use after: 89.7 MB.

Unloading 12 unused Assets to reduce memory usage. Loaded Objects now: 2536.
Total: 4.200200 ms (FindLiveObjects: 0.362900 ms CreateObjectMapping: 0.089600 ms MarkObjects: 3.620300 ms  DeleteObjects: 0.125300 ms)

========================================================================
Received Import Request.
  Time since last request: 87.968563 seconds.
  path: Assets/Prefabs/sala.controller
  artifactKey: Guid(b6c1160942a59b34181c09dd96979b25) Importer(815301076,1909f56bfc062723c751e8b465ee728b)
Start importing Assets/Prefabs/sala.controller using Guid(b6c1160942a59b34181c09dd96979b25) Importer(815301076,1909f56bfc062723c751e8b465ee728b)  -> (artifact id: 'dedc663f799a22af653f4303da4d2986') in 0.081351 seconds
  Import took 0.093019 seconds .

========================================================================
Received Import Request.
  Time since last request: 6.863886 seconds.
  path: Assets/Prefabs/char2_1 1.controller
  artifactKey: Guid(5238d762b4745ca4881b0205c9320201) Importer(815301076,1909f56bfc062723c751e8b465ee728b)
Start importing Assets/Prefabs/char2_1 1.controller using Guid(5238d762b4745ca4881b0205c9320201) Importer(815301076,1909f56bfc062723c751e8b465ee728b)  -> (artifact id: 'a4bb064c366f2970823d7de65dc5cbc2') in 0.038533 seconds
  Import took 0.057193 seconds .

========================================================================
Received Import Request.
  Time since last request: 6.484584 seconds.
  path: Assets/Prefabs/char2_1.controller
  artifactKey: Guid(f8d5848300d8e0e4cafb5ceedac42549) Importer(815301076,1909f56bfc062723c751e8b465ee728b)
Start importing Assets/Prefabs/char2_1.controller using Guid(f8d5848300d8e0e4cafb5ceedac42549) Importer(815301076,1909f56bfc062723c751e8b465ee728b)  -> (artifact id: '36093ce8bcb66fc5c2ace27f6ec1a3a2') in 0.045709 seconds
  Import took 0.061775 seconds .

========================================================================
Received Import Request.
  Time since last request: 17.385891 seconds.
  path: Assets/Prefabs/Player.controller
  artifactKey: Guid(443996dde1026a84e93948a92a9a1172) Importer(815301076,1909f56bfc062723c751e8b465ee728b)
Start importing Assets/Prefabs/Player.controller using Guid(443996dde1026a84e93948a92a9a1172) Importer(815301076,1909f56bfc062723c751e8b465ee728b)  -> (artifact id: 'df8f301c2e6b7f46f0ad2c2cf4b6a631') in 0.066751 seconds
  Import took 0.082584 seconds .

========================================================================
Received Prepare
Registering precompiled user dll's ...
Registered in 0.002833 seconds.
Begin MonoManager ReloadAssembly
Native extension for WindowsStandalone target not found
Native extension for WebGL target not found
Refreshing native plugins compatible for Editor in 0.69 ms, found 1 plugins.
Preloading 0 native plugins for Editor in 0.00 ms.
Mono: successfully reloaded assembly
- Completed reload, in  2.662 seconds
Platform modules already initialized, skipping
Refreshing native plugins compatible for Editor in 0.48 ms, found 1 plugins.
Preloading 0 native plugins for Editor in 0.00 ms.
Unloading 1807 Unused Serialized files (Serialized files now loaded: 0)
System memory in use before: 89.7 MB.
System memory in use after: 89.7 MB.

Unloading 12 unused Assets to reduce memory usage. Loaded Objects now: 2540.
Total: 3.920600 ms (FindLiveObjects: 0.505800 ms CreateObjectMapping: 0.111500 ms MarkObjects: 3.174800 ms  DeleteObjects: 0.126900 ms)

========================================================================
Received Prepare
Registering precompiled user dll's ...
Registered in 0.001858 seconds.
Begin MonoManager ReloadAssembly
Native extension for WindowsStandalone target not found
Native extension for WebGL target not found
Refreshing native plugins compatible for Editor in 0.72 ms, found 1 plugins.
Preloading 0 native plugins for Editor in 0.00 ms.
Mono: successfully reloaded assembly
- Completed reload, in  4.931 seconds
Platform modules already initialized, skipping
Refreshing native plugins compatible for Editor in 1.16 ms, found 1 plugins.
Preloading 0 native plugins for Editor in 0.00 ms.
Unloading 1807 Unused Serialized files (Serialized files now loaded: 0)
System memory in use before: 89.7 MB.
System memory in use after: 89.7 MB.

Unloading 12 unused Assets to reduce memory usage. Loaded Objects now: 2544.
Total: 8.235700 ms (FindLiveObjects: 0.437500 ms CreateObjectMapping: 0.135600 ms MarkObjects: 7.427200 ms  DeleteObjects: 0.232000 ms)

========================================================================
Received Prepare
Registering precompiled user dll's ...
Registered in 0.003087 seconds.
Begin MonoManager ReloadAssembly
Native extension for WindowsStandalone target not found
Native extension for WebGL target not found
Refreshing native plugins compatible for Editor in 0.94 ms, found 1 plugins.
Preloading 0 native plugins for Editor in 0.00 ms.
Mono: successfully reloaded assembly
- Completed reload, in  3.225 seconds
Platform modules already initialized, skipping
Refreshing native plugins compatible for Editor in 2.15 ms, found 1 plugins.
Preloading 0 native plugins for Editor in 0.00 ms.
Unloading 1807 Unused Serialized files (Serialized files now loaded: 0)
System memory in use before: 89.7 MB.
System memory in use after: 89.7 MB.

Unloading 12 unused Assets to reduce memory usage. Loaded Objects now: 2548.
Total: 6.088900 ms (FindLiveObjects: 0.368100 ms CreateObjectMapping: 0.122700 ms MarkObjects: 5.344400 ms  DeleteObjects: 0.247800 ms)

AssetImportWorkerClient::OnTransportError - code=2 error=End of file
