Using pre-set license
Built from '2020.3/staging' branch; Version is '2020.3.8f1 (507919d4fff5) revision 5273881'; Using compiler version '192528614'; Build Type 'Release'
OS: 'Windows 10 Home Single Language; OS build 19042.1237; Version 2009; 64bit' Language: 'pt' Physical Memory: 16282 MB
BatchMode: 1, IsHumanControllingUs: 0, StartBugReporterOnCrash: 0, Is64bit: 1, IsPro: 0

 COMMAND LINE ARGUMENTS:
C:\Program Files\Unity\Hub\Editor\2020.3.8f1\Editor\Unity.exe
-adb2
-batchMode
-noUpm
-name
AssetImportWorker1
-projectPath
C:/Users/franc/OneDrive/Documentos/Programas/Unity projects/ProjeteGame2021/ProjeteGame
-logFile
Logs/AssetImportWorker1.log
-srvPort
63508
Successfully changed project path to: C:/Users/franc/OneDrive/Documentos/Programas/Unity projects/ProjeteGame2021/ProjeteGame
C:/Users/franc/OneDrive/Documentos/Programas/Unity projects/ProjeteGame2021/ProjeteGame
Using Asset Import Pipeline V2.
